{"row":1,"message":"Product imported successfully.","status":true,"status_msg":"Success","post_id":1313,"post_link":{"edit_url":"https:\/\/ecommerce.energy4cero.com\/wp-admin\/post.php?post=1313&amp;action=edit","title":"BATERIA SELLADA 6V-1.2AH REF. FL612GS"}}
{"row":2,"message":"Product imported successfully.","status":true,"status_msg":"Success","post_id":1314,"post_link":{"edit_url":"https:\/\/ecommerce.energy4cero.com\/wp-admin\/post.php?post=1314&amp;action=edit","title":"BATERIA SELLADA 6V-4AH REF. FL640GS"}}
{"row":3,"message":"Product imported successfully.","status":true,"status_msg":"Success","post_id":1315,"post_link":{"edit_url":"https:\/\/ecommerce.energy4cero.com\/wp-admin\/post.php?post=1315&amp;action=edit","title":"BATERIA SELLADA 6V-7AH REF. FL670GS"}}
{"row":4,"message":"Product imported successfully.","status":true,"status_msg":"Success","post_id":1316,"post_link":{"edit_url":"https:\/\/ecommerce.energy4cero.com\/wp-admin\/post.php?post=1316&amp;action=edit","title":"BATERIA SELLADA 6V-12AH REF. FL6120GS"}}
{"row":5,"message":"Product imported successfully.","status":true,"status_msg":"Success","post_id":1317,"post_link":{"edit_url":"https:\/\/ecommerce.energy4cero.com\/wp-admin\/post.php?post=1317&amp;action=edit","title":"BATERIA SELLADA 12V-2.3AH REF. FL1223GS"}}
{"row":6,"message":"Product imported successfully.","status":true,"status_msg":"Success","post_id":1318,"post_link":{"edit_url":"https:\/\/ecommerce.energy4cero.com\/wp-admin\/post.php?post=1318&amp;action=edit","title":"BATERIA SELLADA 12V-4AH REF. FL1240GS"}}
{"row":7,"message":"Product imported successfully.","status":true,"status_msg":"Success","post_id":1319,"post_link":{"edit_url":"https:\/\/ecommerce.energy4cero.com\/wp-admin\/post.php?post=1319&amp;action=edit","title":"BATERIA SELLADA 12V-5AH REF. FL1250GS"}}
{"row":8,"message":"Product imported successfully.","status":true,"status_msg":"Success","post_id":1320,"post_link":{"edit_url":"https:\/\/ecommerce.energy4cero.com\/wp-admin\/post.php?post=1320&amp;action=edit","title":"BATERIA SELLADA 12V-7.5AH REF. FL1275GS"}}
{"row":9,"message":"Product imported successfully.","status":true,"status_msg":"Success","post_id":1321,"post_link":{"edit_url":"https:\/\/ecommerce.energy4cero.com\/wp-admin\/post.php?post=1321&amp;action=edit","title":"BATERIA SELLADA 12V-9AH REF. FL1290GS"}}
{"row":10,"message":"Product imported successfully.","status":true,"status_msg":"Success","post_id":1322,"post_link":{"edit_url":"https:\/\/ecommerce.energy4cero.com\/wp-admin\/post.php?post=1322&amp;action=edit","title":"BATERIA SELLADA 12V-12AH REF. FL12120GS"}}
{"row":11,"message":"Product imported successfully.","status":true,"status_msg":"Success","post_id":1323,"post_link":{"edit_url":"https:\/\/ecommerce.energy4cero.com\/wp-admin\/post.php?post=1323&amp;action=edit","title":"BATERIA SELLADA 12V-18AH REF. FL12180GS"}}
{"row":12,"message":"Product imported successfully.","status":true,"status_msg":"Success","post_id":1324,"post_link":{"edit_url":"https:\/\/ecommerce.energy4cero.com\/wp-admin\/post.php?post=1324&amp;action=edit","title":"BATERIA SELLADA 12V-26AH REF. FL12260GS"}}
{"row":13,"message":"Product imported successfully.","status":true,"status_msg":"Success","post_id":1325,"post_link":{"edit_url":"https:\/\/ecommerce.energy4cero.com\/wp-admin\/post.php?post=1325&amp;action=edit","title":"BATERIA SELLADA 12V-35AH REF. FL12350GS"}}
{"row":14,"message":"Product imported successfully.","status":true,"status_msg":"Success","post_id":1326,"post_link":{"edit_url":"https:\/\/ecommerce.energy4cero.com\/wp-admin\/post.php?post=1326&amp;action=edit","title":"BATERIA SELLADA 12V-40AH REF. FL12400GS"}}
{"row":15,"message":"Product imported successfully.","status":true,"status_msg":"Success","post_id":1327,"post_link":{"edit_url":"https:\/\/ecommerce.energy4cero.com\/wp-admin\/post.php?post=1327&amp;action=edit","title":"BATERIA SELLADA 12V-55AH REF. FL12550GS"}}
{"row":16,"message":"Product imported successfully.","status":true,"status_msg":"Success","post_id":1328,"post_link":{"edit_url":"https:\/\/ecommerce.energy4cero.com\/wp-admin\/post.php?post=1328&amp;action=edit","title":"BATERIA SELLADA 12V-65AH REF. FL12650GS"}}
{"row":17,"message":"Product imported successfully.","status":true,"status_msg":"Success","post_id":1329,"post_link":{"edit_url":"https:\/\/ecommerce.energy4cero.com\/wp-admin\/post.php?post=1329&amp;action=edit","title":"BATERIA SELLADA 12V-80AH REF. FL12800GS"}}
{"row":18,"message":"Product imported successfully.","status":true,"status_msg":"Success","post_id":1330,"post_link":{"edit_url":"https:\/\/ecommerce.energy4cero.com\/wp-admin\/post.php?post=1330&amp;action=edit","title":"BATERIA SELLADA 12V-90AH REF.FL12900GS"}}
{"row":19,"message":"Product imported successfully.","status":true,"status_msg":"Success","post_id":1331,"post_link":{"edit_url":"https:\/\/ecommerce.energy4cero.com\/wp-admin\/post.php?post=1331&amp;action=edit","title":"BATERIA SELLADA 12V-100AH REF. FL121000GS"}}
{"row":20,"message":"Product imported successfully.","status":true,"status_msg":"Success","post_id":1332,"post_link":{"edit_url":"https:\/\/ecommerce.energy4cero.com\/wp-admin\/post.php?post=1332&amp;action=edit","title":"BATERIA SELLADA 12V-120AH REF. FL121200GS"}}
{"row":21,"message":"Product imported successfully.","status":true,"status_msg":"Success","post_id":1333,"post_link":{"edit_url":"https:\/\/ecommerce.energy4cero.com\/wp-admin\/post.php?post=1333&amp;action=edit","title":"BATERIA SELLADA 12V-150AH REF. FL121500GS"}}
{"row":22,"message":"Product imported successfully.","status":true,"status_msg":"Success","post_id":1334,"post_link":{"edit_url":"https:\/\/ecommerce.energy4cero.com\/wp-admin\/post.php?post=1334&amp;action=edit","title":"BATERIA SELLADA 12V-200AH REF. FL122000GS"}}
{"row":23,"message":"Product imported successfully.","status":true,"status_msg":"Success","post_id":1335,"post_link":{"edit_url":"https:\/\/ecommerce.energy4cero.com\/wp-admin\/post.php?post=1335&amp;action=edit","title":"BATERIA SELLADA 2V-100AH REF. FL21000SL"}}
{"row":24,"message":"Product imported successfully.","status":true,"status_msg":"Success","post_id":1336,"post_link":{"edit_url":"https:\/\/ecommerce.energy4cero.com\/wp-admin\/post.php?post=1336&amp;action=edit","title":"BATERIA SELLADA 12V-100AH REF. FL121000FT"}}
{"row":25,"message":"Product imported successfully.","status":true,"status_msg":"Success","post_id":1337,"post_link":{"edit_url":"https:\/\/ecommerce.energy4cero.com\/wp-admin\/post.php?post=1337&amp;action=edit","title":"BATERIA GEL CICLO PROFUNDO -12v 100Ah REF. FLS121000 DC"}}
{"row":26,"message":"Product imported successfully.","status":true,"status_msg":"Success","post_id":1338,"post_link":{"edit_url":"https:\/\/ecommerce.energy4cero.com\/wp-admin\/post.php?post=1338&amp;action=edit","title":"BATERIA GEL CICLO PROFUNDO -12v 150Ah REF. FLS121500 DC"}}
{"row":27,"message":"Product imported successfully.","status":true,"status_msg":"Success","post_id":1339,"post_link":{"edit_url":"https:\/\/ecommerce.energy4cero.com\/wp-admin\/post.php?post=1339&amp;action=edit","title":"BATERIA GEL CICLO PROFUNDO -12v 200Ah REF. FLS122000 DC"}}
{"row":28,"message":"Product imported successfully.","status":true,"status_msg":"Success","post_id":1340,"post_link":{"edit_url":"https:\/\/ecommerce.energy4cero.com\/wp-admin\/post.php?post=1340&amp;action=edit","title":"BATERIA GEL CICLO PROFUNDO -12v 250Ah REF. FLS122500 DC"}}
{"row":29,"message":"Product imported successfully.","status":true,"status_msg":"Success","post_id":1341,"post_link":{"edit_url":"https:\/\/ecommerce.energy4cero.com\/wp-admin\/post.php?post=1341&amp;action=edit","title":"BATERIA ABIERTA 2V-200AH REF. OPzS 2v-200AH"}}
{"row":30,"message":"Product imported successfully.","status":true,"status_msg":"Success","post_id":1342,"post_link":{"edit_url":"https:\/\/ecommerce.energy4cero.com\/wp-admin\/post.php?post=1342&amp;action=edit","title":"BATERIA ABIERTA 2V-250AH REF. OPzS 2v-250AH"}}
{"row":31,"message":"Product imported successfully.","status":true,"status_msg":"Success","post_id":1343,"post_link":{"edit_url":"https:\/\/ecommerce.energy4cero.com\/wp-admin\/post.php?post=1343&amp;action=edit","title":"BATERIA ABIERTA 2V-350AH REF.OPzS 2v-350AH"}}
{"row":32,"message":"Product imported successfully.","status":true,"status_msg":"Success","post_id":1344,"post_link":{"edit_url":"https:\/\/ecommerce.energy4cero.com\/wp-admin\/post.php?post=1344&amp;action=edit","title":"BATERIA ABIERTA 12V-50AH REF. OPzS 12v-50AH"}}
{"row":33,"message":"Product imported successfully.","status":true,"status_msg":"Success","post_id":1345,"post_link":{"edit_url":"https:\/\/ecommerce.energy4cero.com\/wp-admin\/post.php?post=1345&amp;action=edit","title":"INVERSOR SOLAR ALL IN ONE 1KVA"}}
{"row":34,"message":"Product imported successfully.","status":true,"status_msg":"Success","post_id":1346,"post_link":{"edit_url":"https:\/\/ecommerce.energy4cero.com\/wp-admin\/post.php?post=1346&amp;action=edit","title":"INVERSOR SOLAR ALL IN ONE 3KVA ON-GRID"}}
{"row":35,"message":"Product imported successfully.","status":true,"status_msg":"Success","post_id":1347,"post_link":{"edit_url":"https:\/\/ecommerce.energy4cero.com\/wp-admin\/post.php?post=1347&amp;action=edit","title":"INVERSOR SOLAR ALL IN ONE 6KVA ON-GRID"}}
{"row":36,"message":"Product imported successfully.","status":true,"status_msg":"Success","post_id":1348,"post_link":{"edit_url":"https:\/\/ecommerce.energy4cero.com\/wp-admin\/post.php?post=1348&amp;action=edit","title":"INVERSOR SOLAR ALL IN ONE 12KVA ON-GRID FASE PARTIDA IP65"}}
{"row":37,"message":"Product imported successfully.","status":true,"status_msg":"Success","post_id":1349,"post_link":{"edit_url":"https:\/\/ecommerce.energy4cero.com\/wp-admin\/post.php?post=1349&amp;action=edit","title":"PANEL SOLAR MONO HC 550W REF. POWEST PANEL SOLAR MONO HC 550W"}}
{"row":38,"message":"Product imported successfully.","status":true,"status_msg":"Success","post_id":1350,"post_link":{"edit_url":"https:\/\/ecommerce.energy4cero.com\/wp-admin\/post.php?post=1350&amp;action=edit","title":"PANEL SOLAR MONO HC PERC 450W REF. POWEST PANEL SOLAR MONO HC PERC\u00a0450W"}}
{"row":39,"message":"Product imported successfully.","status":true,"status_msg":"Success","post_id":1351,"post_link":{"edit_url":"https:\/\/ecommerce.energy4cero.com\/wp-admin\/post.php?post=1351&amp;action=edit","title":"PANEL SOLAR MONO PERC 360W REF. POWEST PANEL SOLAR MONO PERC\u00a0360W"}}
{"row":40,"message":"Product imported successfully.","status":true,"status_msg":"Success","post_id":1352,"post_link":{"edit_url":"https:\/\/ecommerce.energy4cero.com\/wp-admin\/post.php?post=1352&amp;action=edit","title":"PANEL SOLAR MONO PERC 300W REF. POWEST PANEL SOLAR MONO PERC\u00a0300W"}}
{"row":41,"message":"Product imported successfully.","status":true,"status_msg":"Success","post_id":1353,"post_link":{"edit_url":"https:\/\/ecommerce.energy4cero.com\/wp-admin\/post.php?post=1353&amp;action=edit","title":"PANEL SOLAR MONO PERC 160W REF. POWEST PANEL SOLAR MONO PERC\u00a0160W"}}
{"row":42,"message":"Product imported successfully.","status":true,"status_msg":"Success","post_id":1354,"post_link":{"edit_url":"https:\/\/ecommerce.energy4cero.com\/wp-admin\/post.php?post=1354&amp;action=edit","title":"PANEL SOLAR MONO PERC 120W REF. POWEST PANEL SOLAR MONO PERC\u00a0120W"}}
{"row":43,"message":"Product imported successfully.","status":true,"status_msg":"Success","post_id":1355,"post_link":{"edit_url":"https:\/\/ecommerce.energy4cero.com\/wp-admin\/post.php?post=1355&amp;action=edit","title":"PANEL SOLAR 60W SET 2 UND REF. POWEST PANEL SOLAR 60W SET 2 UND"}}
{"row":44,"message":"Product imported successfully.","status":true,"status_msg":"Success","post_id":1356,"post_link":{"edit_url":"https:\/\/ecommerce.energy4cero.com\/wp-admin\/post.php?post=1356&amp;action=edit","title":"PANEL SOLAR 40W SET 2 UND REF. POWEST PANEL SOLAR 40W SET 2 UND"}}
{"row":45,"message":"Product imported successfully.","status":true,"status_msg":"Success","post_id":1357,"post_link":{"edit_url":"https:\/\/ecommerce.energy4cero.com\/wp-admin\/post.php?post=1357&amp;action=edit","title":"BATERIA SOLAR 12V-100AH REF. FLS121000"}}
{"row":46,"message":"Product imported successfully.","status":true,"status_msg":"Success","post_id":1358,"post_link":{"edit_url":"https:\/\/ecommerce.energy4cero.com\/wp-admin\/post.php?post=1358&amp;action=edit","title":"BATERIA SOLAR 12V-250AH REF. FLS122500"}}
{"row":47,"message":"Product imported successfully.","status":true,"status_msg":"Success","post_id":1359,"post_link":{"edit_url":"https:\/\/ecommerce.energy4cero.com\/wp-admin\/post.php?post=1359&amp;action=edit","title":"CONTROLADOR DE CARGADOR SOLAR 3KW"}}
