{"row":1,"message":"Product imported successfully.","status":true,"status_msg":"Success","post_id":1534,"post_link":{"edit_url":"https:\/\/ecommerce.energy4cero.com\/wp-admin\/post.php?post=1534&amp;action=edit","title":"Cable solar LEADER cable 4 mm negro con RETIE"}}
{"row":2,"message":"Product imported successfully.","status":true,"status_msg":"Success","post_id":1535,"post_link":{"edit_url":"https:\/\/ecommerce.energy4cero.com\/wp-admin\/post.php?post=1535&amp;action=edit","title":"Cable solar LEADER cable 4 mm rojo con RETIE"}}
{"row":3,"message":"Product imported successfully.","status":true,"status_msg":"Success","post_id":1536,"post_link":{"edit_url":"https:\/\/ecommerce.energy4cero.com\/wp-admin\/post.php?post=1536&amp;action=edit","title":"Cable solar LEADER cable 6 mm negro con RETIE"}}
{"row":4,"message":"Product imported successfully.","status":true,"status_msg":"Success","post_id":1537,"post_link":{"edit_url":"https:\/\/ecommerce.energy4cero.com\/wp-admin\/post.php?post=1537&amp;action=edit","title":"Cable solar LEADER cable 6 mm rojo con RETIE"}}
{"row":5,"message":"Product imported successfully.","status":true,"status_msg":"Success","post_id":1538,"post_link":{"edit_url":"https:\/\/ecommerce.energy4cero.com\/wp-admin\/post.php?post=1538&amp;action=edit","title":"Cable solar LEADER cable 10 mm negro con RETIE"}}
{"row":6,"message":"Product imported successfully.","status":true,"status_msg":"Success","post_id":1539,"post_link":{"edit_url":"https:\/\/ecommerce.energy4cero.com\/wp-admin\/post.php?post=1539&amp;action=edit","title":"Cable solar LEADER cable 10 mm rojo con RETIE"}}
{"row":7,"message":"Product imported successfully.","status":true,"status_msg":"Success","post_id":1540,"post_link":{"edit_url":"https:\/\/ecommerce.energy4cero.com\/wp-admin\/post.php?post=1540&amp;action=edit","title":"KIT PONCHADORA MC4"}}
{"row":8,"message":"Product imported successfully.","status":true,"status_msg":"Success","post_id":1541,"post_link":{"edit_url":"https:\/\/ecommerce.energy4cero.com\/wp-admin\/post.php?post=1541&amp;action=edit","title":"Par de Conectores MC4 1000W NORMAL (+\/-)"}}
{"row":9,"message":"Product imported successfully.","status":true,"status_msg":"Success","post_id":1542,"post_link":{"edit_url":"https:\/\/ecommerce.energy4cero.com\/wp-admin\/post.php?post=1542&amp;action=edit","title":"Par de Conectores MC4 1500W NORMAL (+\/-)"}}
{"row":10,"message":"Product imported successfully.","status":true,"status_msg":"Success","post_id":1543,"post_link":{"edit_url":"https:\/\/ecommerce.energy4cero.com\/wp-admin\/post.php?post=1543&amp;action=edit","title":"Par de Conectores MC4 para combiner (+\/-)"}}
{"row":11,"message":"Product imported successfully.","status":true,"status_msg":"Success","post_id":1544,"post_link":{"edit_url":"https:\/\/ecommerce.energy4cero.com\/wp-admin\/post.php?post=1544&amp;action=edit","title":"Par de Conectores MC4-Y Flexible (+\/-)"}}
{"row":12,"message":"Product imported successfully.","status":true,"status_msg":"Success","post_id":1545,"post_link":{"edit_url":"https:\/\/ecommerce.energy4cero.com\/wp-admin\/post.php?post=1545&amp;action=edit","title":"Par de Conectores MC4-Y R\u00edgido (+\/-)"}}
{"row":13,"message":"Product imported successfully.","status":true,"status_msg":"Success","post_id":1546,"post_link":{"edit_url":"https:\/\/ecommerce.energy4cero.com\/wp-admin\/post.php?post=1546&amp;action=edit","title":"Par de Conectores MC4-Y 3 a 1flexible (+\/-)"}}
{"row":14,"message":"Product imported successfully.","status":true,"status_msg":"Success","post_id":1547,"post_link":{"edit_url":"https:\/\/ecommerce.energy4cero.com\/wp-admin\/post.php?post=1547&amp;action=edit","title":"Par de Conectores MC4-Y 3 a 1r\u00edgido (+\/-)"}}
{"row":15,"message":"Product imported successfully.","status":true,"status_msg":"Success","post_id":1548,"post_link":{"edit_url":"https:\/\/ecommerce.energy4cero.com\/wp-admin\/post.php?post=1548&amp;action=edit","title":"Solar DC Breaker PROJOY 1P (250V) 16A"}}
{"row":16,"message":"Product imported successfully.","status":true,"status_msg":"Success","post_id":1549,"post_link":{"edit_url":"https:\/\/ecommerce.energy4cero.com\/wp-admin\/post.php?post=1549&amp;action=edit","title":"Solar DC Breaker PROJOY 1P (250V) 20A"}}
{"row":17,"message":"Product imported successfully.","status":true,"status_msg":"Success","post_id":1550,"post_link":{"edit_url":"https:\/\/ecommerce.energy4cero.com\/wp-admin\/post.php?post=1550&amp;action=edit","title":"Solar DC Breaker PROJOY 1P (250V) 25A"}}
{"row":18,"message":"Product imported successfully.","status":true,"status_msg":"Success","post_id":1551,"post_link":{"edit_url":"https:\/\/ecommerce.energy4cero.com\/wp-admin\/post.php?post=1551&amp;action=edit","title":"Solar DC Breaker PROJOY 1P (250V) 32A"}}
{"row":19,"message":"Product imported successfully.","status":true,"status_msg":"Success","post_id":1552,"post_link":{"edit_url":"https:\/\/ecommerce.energy4cero.com\/wp-admin\/post.php?post=1552&amp;action=edit","title":"Solar DC Breaker PROJOY 1P (250V) 40A"}}
{"row":20,"message":"Product imported successfully.","status":true,"status_msg":"Success","post_id":1553,"post_link":{"edit_url":"https:\/\/ecommerce.energy4cero.com\/wp-admin\/post.php?post=1553&amp;action=edit","title":"Solar DC Breaker PROJOY 1P (250V) 50A"}}
{"row":21,"message":"Product imported successfully.","status":true,"status_msg":"Success","post_id":1554,"post_link":{"edit_url":"https:\/\/ecommerce.energy4cero.com\/wp-admin\/post.php?post=1554&amp;action=edit","title":"Solar DC Breaker PROJOY 1P (250V) 63A"}}
{"row":22,"message":"Product imported successfully.","status":true,"status_msg":"Success","post_id":1555,"post_link":{"edit_url":"https:\/\/ecommerce.energy4cero.com\/wp-admin\/post.php?post=1555&amp;action=edit","title":"Solar DC Breaker PROJOY 2P (500V) 10A"}}
{"row":23,"message":"Product imported successfully.","status":true,"status_msg":"Success","post_id":1556,"post_link":{"edit_url":"https:\/\/ecommerce.energy4cero.com\/wp-admin\/post.php?post=1556&amp;action=edit","title":"Solar DC Breaker PROJOY 2P (500V) 16A"}}
{"row":24,"message":"Product imported successfully.","status":true,"status_msg":"Success","post_id":1557,"post_link":{"edit_url":"https:\/\/ecommerce.energy4cero.com\/wp-admin\/post.php?post=1557&amp;action=edit","title":"Solar DC Breaker PROJOY 2P (500V) 20A"}}
{"row":25,"message":"Product imported successfully.","status":true,"status_msg":"Success","post_id":1558,"post_link":{"edit_url":"https:\/\/ecommerce.energy4cero.com\/wp-admin\/post.php?post=1558&amp;action=edit","title":"Solar DC Breaker PROJOY 2P (500V) 25A"}}
{"row":26,"message":"Product imported successfully.","status":true,"status_msg":"Success","post_id":1559,"post_link":{"edit_url":"https:\/\/ecommerce.energy4cero.com\/wp-admin\/post.php?post=1559&amp;action=edit","title":"Solar DC Breaker PROJOY 2P (500V) 32A"}}
{"row":27,"message":"Product imported successfully.","status":true,"status_msg":"Success","post_id":1560,"post_link":{"edit_url":"https:\/\/ecommerce.energy4cero.com\/wp-admin\/post.php?post=1560&amp;action=edit","title":"Solar DC Breaker PROJOY 2P (500V) 40A"}}
{"row":28,"message":"Product imported successfully.","status":true,"status_msg":"Success","post_id":1561,"post_link":{"edit_url":"https:\/\/ecommerce.energy4cero.com\/wp-admin\/post.php?post=1561&amp;action=edit","title":"Solar DC Breaker PROJOY 2P (500V) 50A"}}
{"row":29,"message":"Product imported successfully.","status":true,"status_msg":"Success","post_id":1562,"post_link":{"edit_url":"https:\/\/ecommerce.energy4cero.com\/wp-admin\/post.php?post=1562&amp;action=edit","title":"Solar DC Breaker PROJOY 2P (500V) 63A"}}
{"row":30,"message":"Product imported successfully.","status":true,"status_msg":"Success","post_id":1563,"post_link":{"edit_url":"https:\/\/ecommerce.energy4cero.com\/wp-admin\/post.php?post=1563&amp;action=edit","title":"Solar DC Breaker PROJOY 3P (750V) 16A"}}
{"row":31,"message":"Product imported successfully.","status":true,"status_msg":"Success","post_id":1564,"post_link":{"edit_url":"https:\/\/ecommerce.energy4cero.com\/wp-admin\/post.php?post=1564&amp;action=edit","title":"Solar DC Breaker PROJOY 3P (750V) 20A"}}
{"row":32,"message":"Product imported successfully.","status":true,"status_msg":"Success","post_id":1565,"post_link":{"edit_url":"https:\/\/ecommerce.energy4cero.com\/wp-admin\/post.php?post=1565&amp;action=edit","title":"Solar DC Breaker PROJOY 3P (750V) 25A"}}
{"row":33,"message":"Product imported successfully.","status":true,"status_msg":"Success","post_id":1566,"post_link":{"edit_url":"https:\/\/ecommerce.energy4cero.com\/wp-admin\/post.php?post=1566&amp;action=edit","title":"Solar DC Breaker PROJOY 3P (750V) 32A"}}
{"row":34,"message":"Product imported successfully.","status":true,"status_msg":"Success","post_id":1567,"post_link":{"edit_url":"https:\/\/ecommerce.energy4cero.com\/wp-admin\/post.php?post=1567&amp;action=edit","title":"Solar DC Breaker PROJOY 3P (750V) 40A"}}
{"row":35,"message":"Product imported successfully.","status":true,"status_msg":"Success","post_id":1568,"post_link":{"edit_url":"https:\/\/ecommerce.energy4cero.com\/wp-admin\/post.php?post=1568&amp;action=edit","title":"Solar DC Breaker PROJOY 3P (750V) 50A"}}
{"row":36,"message":"Product imported successfully.","status":true,"status_msg":"Success","post_id":1569,"post_link":{"edit_url":"https:\/\/ecommerce.energy4cero.com\/wp-admin\/post.php?post=1569&amp;action=edit","title":"Solar DC Breaker PROJOY 3P (750V) 63A"}}
{"row":37,"message":"Product imported successfully.","status":true,"status_msg":"Success","post_id":1570,"post_link":{"edit_url":"https:\/\/ecommerce.energy4cero.com\/wp-admin\/post.php?post=1570&amp;action=edit","title":"Solar DC Breaker PROJOY 4P (1000V) 16A"}}
{"row":38,"message":"Product imported successfully.","status":true,"status_msg":"Success","post_id":1571,"post_link":{"edit_url":"https:\/\/ecommerce.energy4cero.com\/wp-admin\/post.php?post=1571&amp;action=edit","title":"Solar DC Breaker PROJOY 4P (1000V) 20A"}}
{"row":39,"message":"Product imported successfully.","status":true,"status_msg":"Success","post_id":1572,"post_link":{"edit_url":"https:\/\/ecommerce.energy4cero.com\/wp-admin\/post.php?post=1572&amp;action=edit","title":"Solar DC Breaker PROJOY 4P (1000V) 25A"}}
{"row":40,"message":"Product imported successfully.","status":true,"status_msg":"Success","post_id":1573,"post_link":{"edit_url":"https:\/\/ecommerce.energy4cero.com\/wp-admin\/post.php?post=1573&amp;action=edit","title":"Solar DC Breaker PROJOY 4P (1000V) 32A"}}
{"row":41,"message":"Product imported successfully.","status":true,"status_msg":"Success","post_id":1574,"post_link":{"edit_url":"https:\/\/ecommerce.energy4cero.com\/wp-admin\/post.php?post=1574&amp;action=edit","title":"Solar DC Breaker PROJOY 4P (1000V) 40A"}}
{"row":42,"message":"Product imported successfully.","status":true,"status_msg":"Success","post_id":1575,"post_link":{"edit_url":"https:\/\/ecommerce.energy4cero.com\/wp-admin\/post.php?post=1575&amp;action=edit","title":"Solar DC Breaker PROJOY 4P (1000V) 50A"}}
{"row":43,"message":"Product imported successfully.","status":true,"status_msg":"Success","post_id":1576,"post_link":{"edit_url":"https:\/\/ecommerce.energy4cero.com\/wp-admin\/post.php?post=1576&amp;action=edit","title":"Solar DC Breaker PROJOY 2P (600V) 16A CERT. UL"}}
{"row":44,"message":"Product imported successfully.","status":true,"status_msg":"Success","post_id":1577,"post_link":{"edit_url":"https:\/\/ecommerce.energy4cero.com\/wp-admin\/post.php?post=1577&amp;action=edit","title":"Solar DC Breaker PROJOY 2P (600V) 20A CERT. UL"}}
{"row":45,"message":"Product imported successfully.","status":true,"status_msg":"Success","post_id":1578,"post_link":{"edit_url":"https:\/\/ecommerce.energy4cero.com\/wp-admin\/post.php?post=1578&amp;action=edit","title":"Solar DC Breaker PROJOY 2P (600V) 25A CERT. UL"}}
{"row":46,"message":"Product imported successfully.","status":true,"status_msg":"Success","post_id":1579,"post_link":{"edit_url":"https:\/\/ecommerce.energy4cero.com\/wp-admin\/post.php?post=1579&amp;action=edit","title":"Solar DC Breaker PROJOY 2P (600V) 80A CERT. UL"}}
{"row":47,"message":"Product imported successfully.","status":true,"status_msg":"Success","post_id":1580,"post_link":{"edit_url":"https:\/\/ecommerce.energy4cero.com\/wp-admin\/post.php?post=1580&amp;action=edit","title":"Solar DC Breaker PROJOY 1P (80V) 63A"}}
{"row":48,"message":"Product imported successfully.","status":true,"status_msg":"Success","post_id":1581,"post_link":{"edit_url":"https:\/\/ecommerce.energy4cero.com\/wp-admin\/post.php?post=1581&amp;action=edit","title":"Solar DC Breaker PROJOY 1P (80V) 80A"}}
{"row":49,"message":"Product imported successfully.","status":true,"status_msg":"Success","post_id":1582,"post_link":{"edit_url":"https:\/\/ecommerce.energy4cero.com\/wp-admin\/post.php?post=1582&amp;action=edit","title":"Solar DC Breaker PROJOY 1P (80V) 100A"}}
{"row":50,"message":"Product imported successfully.","status":true,"status_msg":"Success","post_id":1583,"post_link":{"edit_url":"https:\/\/ecommerce.energy4cero.com\/wp-admin\/post.php?post=1583&amp;action=edit","title":"Solar DC Breaker PROJOY 1P (80V) 125A"}}
{"row":51,"message":"Product imported successfully.","status":true,"status_msg":"Success","post_id":1584,"post_link":{"edit_url":"https:\/\/ecommerce.energy4cero.com\/wp-admin\/post.php?post=1584&amp;action=edit","title":"Solar DC Breaker PROJOY 2P (160V) 63A"}}
{"row":52,"message":"Product imported successfully.","status":true,"status_msg":"Success","post_id":1585,"post_link":{"edit_url":"https:\/\/ecommerce.energy4cero.com\/wp-admin\/post.php?post=1585&amp;action=edit","title":"Solar DC Breaker PROJOY 2P (160V) 80A"}}
{"row":53,"message":"Product imported successfully.","status":true,"status_msg":"Success","post_id":1586,"post_link":{"edit_url":"https:\/\/ecommerce.energy4cero.com\/wp-admin\/post.php?post=1586&amp;action=edit","title":"Solar DC Breaker PROJOY 2P (160V) 100A"}}
{"row":54,"message":"Product imported successfully.","status":true,"status_msg":"Success","post_id":1587,"post_link":{"edit_url":"https:\/\/ecommerce.energy4cero.com\/wp-admin\/post.php?post=1587&amp;action=edit","title":"Solar DC Breaker PROJOY 2P (160V) 125A"}}
{"row":55,"message":"Product imported successfully.","status":true,"status_msg":"Success","post_id":1588,"post_link":{"edit_url":"https:\/\/ecommerce.energy4cero.com\/wp-admin\/post.php?post=1588&amp;action=edit","title":"Solar DC Moulded Breaker PROJOY 2P (500V) 125AH"}}
{"row":56,"message":"Product imported successfully.","status":true,"status_msg":"Success","post_id":1589,"post_link":{"edit_url":"https:\/\/ecommerce.energy4cero.com\/wp-admin\/post.php?post=1589&amp;action=edit","title":"Solar DC Moulded Breaker PROJOY 2P (500V) 160Ah"}}
{"row":57,"message":"Product imported successfully.","status":true,"status_msg":"Success","post_id":1590,"post_link":{"edit_url":"https:\/\/ecommerce.energy4cero.com\/wp-admin\/post.php?post=1590&amp;action=edit","title":"Solar DC Moulded Breaker PROJOY 2P (500V) 200AH"}}
{"row":58,"message":"Product imported successfully.","status":true,"status_msg":"Success","post_id":1591,"post_link":{"edit_url":"https:\/\/ecommerce.energy4cero.com\/wp-admin\/post.php?post=1591&amp;action=edit","title":"Solar DC Moulded Breaker PROJOY 2P (500V) 250AH"}}
{"row":59,"message":"Product imported successfully.","status":true,"status_msg":"Success","post_id":1592,"post_link":{"edit_url":"https:\/\/ecommerce.energy4cero.com\/wp-admin\/post.php?post=1592&amp;action=edit","title":"Solar DC Moulded Breaker PROJOY 2P (1000V) 320AH"}}
{"row":60,"message":"Product imported successfully.","status":true,"status_msg":"Success","post_id":1593,"post_link":{"edit_url":"https:\/\/ecommerce.energy4cero.com\/wp-admin\/post.php?post=1593&amp;action=edit","title":"Solar DC Moulded Breaker PROJOY 2P (1000V) 400AH"}}
{"row":61,"message":"Product imported successfully.","status":true,"status_msg":"Success","post_id":1594,"post_link":{"edit_url":"https:\/\/ecommerce.energy4cero.com\/wp-admin\/post.php?post=1594&amp;action=edit","title":"Solar DC Moulded Breaker PROJOY 2P (1000V) 630AH"}}
{"row":62,"message":"Product imported successfully.","status":true,"status_msg":"Success","post_id":1595,"post_link":{"edit_url":"https:\/\/ecommerce.energy4cero.com\/wp-admin\/post.php?post=1595&amp;action=edit","title":"Solar DC Moulded Breaker PROJOY 2P (1000V) 800AH"}}
{"row":63,"message":"Product imported successfully.","status":true,"status_msg":"Success","post_id":1596,"post_link":{"edit_url":"https:\/\/ecommerce.energy4cero.com\/wp-admin\/post.php?post=1596&amp;action=edit","title":"Solar DC Moulded Breaker PROJOY 2P (500V) 160Ah IP66"}}
{"row":64,"message":"Product imported successfully.","status":true,"status_msg":"Success","post_id":1597,"post_link":{"edit_url":"https:\/\/ecommerce.energy4cero.com\/wp-admin\/post.php?post=1597&amp;action=edit","title":"Solar DC Moulded Breaker PROJOY 2P (500V) 200AH IP66"}}
{"row":65,"message":"Product imported successfully.","status":true,"status_msg":"Success","post_id":1598,"post_link":{"edit_url":"https:\/\/ecommerce.energy4cero.com\/wp-admin\/post.php?post=1598&amp;action=edit","title":"Solar DC Moulded Breaker PROJOY 2P (500V) 250AH IP66"}}
{"row":66,"message":"Product imported successfully.","status":true,"status_msg":"Success","post_id":1599,"post_link":{"edit_url":"https:\/\/ecommerce.energy4cero.com\/wp-admin\/post.php?post=1599&amp;action=edit","title":"AC Breaker PROJOY 1P (230V\/440V) 6A"}}
{"row":67,"message":"Product imported successfully.","status":true,"status_msg":"Success","post_id":1600,"post_link":{"edit_url":"https:\/\/ecommerce.energy4cero.com\/wp-admin\/post.php?post=1600&amp;action=edit","title":"AC Breaker PROJOY 1P (230V\/440V) 10A"}}
{"row":68,"message":"Product imported successfully.","status":true,"status_msg":"Success","post_id":1601,"post_link":{"edit_url":"https:\/\/ecommerce.energy4cero.com\/wp-admin\/post.php?post=1601&amp;action=edit","title":"AC Breaker PROJOY 1P (230V\/440V) 16A"}}
{"row":69,"message":"Product imported successfully.","status":true,"status_msg":"Success","post_id":1602,"post_link":{"edit_url":"https:\/\/ecommerce.energy4cero.com\/wp-admin\/post.php?post=1602&amp;action=edit","title":"AC Breaker PROJOY 1P (230V\/440V) 20A"}}
{"row":70,"message":"Product imported successfully.","status":true,"status_msg":"Success","post_id":1603,"post_link":{"edit_url":"https:\/\/ecommerce.energy4cero.com\/wp-admin\/post.php?post=1603&amp;action=edit","title":"AC Breaker PROJOY 1P (230V\/440V) 32A"}}
{"row":71,"message":"Product imported successfully.","status":true,"status_msg":"Success","post_id":1604,"post_link":{"edit_url":"https:\/\/ecommerce.energy4cero.com\/wp-admin\/post.php?post=1604&amp;action=edit","title":"AC Breaker PROJOY 1P (230V\/440V) 40A"}}
{"row":72,"message":"Product imported successfully.","status":true,"status_msg":"Success","post_id":1605,"post_link":{"edit_url":"https:\/\/ecommerce.energy4cero.com\/wp-admin\/post.php?post=1605&amp;action=edit","title":"AC Breaker PROJOY 1P (230V\/440V) 50A"}}
{"row":73,"message":"Product imported successfully.","status":true,"status_msg":"Success","post_id":1606,"post_link":{"edit_url":"https:\/\/ecommerce.energy4cero.com\/wp-admin\/post.php?post=1606&amp;action=edit","title":"AC Breaker PROJOY 1P (230V\/440V) 63A"}}
{"row":74,"message":"Product imported successfully.","status":true,"status_msg":"Success","post_id":1607,"post_link":{"edit_url":"https:\/\/ecommerce.energy4cero.com\/wp-admin\/post.php?post=1607&amp;action=edit","title":"AC Breaker PROJOY 2P (230V\/440V) 16A"}}
{"row":75,"message":"Product imported successfully.","status":true,"status_msg":"Success","post_id":1608,"post_link":{"edit_url":"https:\/\/ecommerce.energy4cero.com\/wp-admin\/post.php?post=1608&amp;action=edit","title":"AC Breaker PROJOY 2P (230V\/440V) 20A"}}
{"row":76,"message":"Product imported successfully.","status":true,"status_msg":"Success","post_id":1609,"post_link":{"edit_url":"https:\/\/ecommerce.energy4cero.com\/wp-admin\/post.php?post=1609&amp;action=edit","title":"AC Breaker PROJOY 2P (230V\/440V) 25A"}}
{"row":77,"message":"Product imported successfully.","status":true,"status_msg":"Success","post_id":1610,"post_link":{"edit_url":"https:\/\/ecommerce.energy4cero.com\/wp-admin\/post.php?post=1610&amp;action=edit","title":"AC Breaker PROJOY 2P (230V\/440V) 32A"}}
{"row":78,"message":"Product imported successfully.","status":true,"status_msg":"Success","post_id":1611,"post_link":{"edit_url":"https:\/\/ecommerce.energy4cero.com\/wp-admin\/post.php?post=1611&amp;action=edit","title":"AC Breaker PROJOY 2P (230V\/440V) 40A"}}
{"row":79,"message":"Product imported successfully.","status":true,"status_msg":"Success","post_id":1612,"post_link":{"edit_url":"https:\/\/ecommerce.energy4cero.com\/wp-admin\/post.php?post=1612&amp;action=edit","title":"AC Breaker PROJOY 2P (230V\/440V) 50A"}}
{"row":80,"message":"Product imported successfully.","status":true,"status_msg":"Success","post_id":1613,"post_link":{"edit_url":"https:\/\/ecommerce.energy4cero.com\/wp-admin\/post.php?post=1613&amp;action=edit","title":"AC Breaker PROJOY 2P (230V\/440V) 63A"}}
{"row":81,"message":"Product imported successfully.","status":true,"status_msg":"Success","post_id":1614,"post_link":{"edit_url":"https:\/\/ecommerce.energy4cero.com\/wp-admin\/post.php?post=1614&amp;action=edit","title":"AC Breaker PROJOY 3P (230V\/440V) 16A"}}
{"row":82,"message":"Product imported successfully.","status":true,"status_msg":"Success","post_id":1615,"post_link":{"edit_url":"https:\/\/ecommerce.energy4cero.com\/wp-admin\/post.php?post=1615&amp;action=edit","title":"AC Breaker PROJOY 3P (230V\/440V) 20A"}}
{"row":83,"message":"Product imported successfully.","status":true,"status_msg":"Success","post_id":1616,"post_link":{"edit_url":"https:\/\/ecommerce.energy4cero.com\/wp-admin\/post.php?post=1616&amp;action=edit","title":"AC Breaker PROJOY 3P (230V\/440V) 32A"}}
{"row":84,"message":"Product imported successfully.","status":true,"status_msg":"Success","post_id":1617,"post_link":{"edit_url":"https:\/\/ecommerce.energy4cero.com\/wp-admin\/post.php?post=1617&amp;action=edit","title":"AC Breaker PROJOY 3P (230V\/440V) 40A"}}
{"row":85,"message":"Product imported successfully.","status":true,"status_msg":"Success","post_id":1618,"post_link":{"edit_url":"https:\/\/ecommerce.energy4cero.com\/wp-admin\/post.php?post=1618&amp;action=edit","title":"AC Breaker PROJOY 3P (230V\/440V) 50A"}}
{"row":86,"message":"Product imported successfully.","status":true,"status_msg":"Success","post_id":1619,"post_link":{"edit_url":"https:\/\/ecommerce.energy4cero.com\/wp-admin\/post.php?post=1619&amp;action=edit","title":"AC Breaker PROJOY 3P (230V\/440V) 63A"}}
{"row":87,"message":"Product imported successfully.","status":true,"status_msg":"Success","post_id":1620,"post_link":{"edit_url":"https:\/\/ecommerce.energy4cero.com\/wp-admin\/post.php?post=1620&amp;action=edit","title":"FUSIBLE 10A MOREDAY"}}
{"row":88,"message":"Product imported successfully.","status":true,"status_msg":"Success","post_id":1621,"post_link":{"edit_url":"https:\/\/ecommerce.energy4cero.com\/wp-admin\/post.php?post=1621&amp;action=edit","title":"FUSIBLE 15A MOREDAY"}}
{"row":89,"message":"Product imported successfully.","status":true,"status_msg":"Success","post_id":1622,"post_link":{"edit_url":"https:\/\/ecommerce.energy4cero.com\/wp-admin\/post.php?post=1622&amp;action=edit","title":"FUSIBLE 20A MOREDAY"}}
{"row":90,"message":"Product imported successfully.","status":true,"status_msg":"Success","post_id":1623,"post_link":{"edit_url":"https:\/\/ecommerce.energy4cero.com\/wp-admin\/post.php?post=1623&amp;action=edit","title":"FUSIBLE 25A MOREDAY"}}
{"row":91,"message":"Product imported successfully.","status":true,"status_msg":"Success","post_id":1624,"post_link":{"edit_url":"https:\/\/ecommerce.energy4cero.com\/wp-admin\/post.php?post=1624&amp;action=edit","title":"FUSIBLE 32A MOREDAY"}}
{"row":92,"message":"Product imported successfully.","status":true,"status_msg":"Success","post_id":1625,"post_link":{"edit_url":"https:\/\/ecommerce.energy4cero.com\/wp-admin\/post.php?post=1625&amp;action=edit","title":"BASE PORTAFUSIBLE 1000VDC 1 POLO 10X38"}}
{"row":93,"message":"Product imported successfully.","status":true,"status_msg":"Success","post_id":1626,"post_link":{"edit_url":"https:\/\/ecommerce.energy4cero.com\/wp-admin\/post.php?post=1626&amp;action=edit","title":"BASE PORTAFUSIBLE + FUSIBLE 20A 1500VDC 1 POLO 10X85"}}
{"row":94,"message":"Product imported successfully.","status":true,"status_msg":"Success","post_id":1627,"post_link":{"edit_url":"https:\/\/ecommerce.energy4cero.com\/wp-admin\/post.php?post=1627&amp;action=edit","title":"DPS 2P 600VDC PROJOY TIPO 2 TUV"}}
{"row":95,"message":"Product imported successfully.","status":true,"status_msg":"Success","post_id":1628,"post_link":{"edit_url":"https:\/\/ecommerce.energy4cero.com\/wp-admin\/post.php?post=1628&amp;action=edit","title":"DPS 2P 600VDC PROJOY TIPO 2 TUV T1+T2"}}
{"row":96,"message":"Product imported successfully.","status":true,"status_msg":"Success","post_id":1629,"post_link":{"edit_url":"https:\/\/ecommerce.energy4cero.com\/wp-admin\/post.php?post=1629&amp;action=edit","title":"DPS 3P 1000VDC PROJOY TIPO 2 TUV"}}
{"row":97,"message":"Product imported successfully.","status":true,"status_msg":"Success","post_id":1630,"post_link":{"edit_url":"https:\/\/ecommerce.energy4cero.com\/wp-admin\/post.php?post=1630&amp;action=edit","title":"DPS 3P 1000VDC PROJOY TIPO 2 TUV T1+T2"}}
{"row":98,"message":"Product imported successfully.","status":true,"status_msg":"Success","post_id":1631,"post_link":{"edit_url":"https:\/\/ecommerce.energy4cero.com\/wp-admin\/post.php?post=1631&amp;action=edit","title":"DPS 2P 600VDC MOREDAY TIPO 2"}}
{"row":99,"message":"Product imported successfully.","status":true,"status_msg":"Success","post_id":1632,"post_link":{"edit_url":"https:\/\/ecommerce.energy4cero.com\/wp-admin\/post.php?post=1632&amp;action=edit","title":"DPS 2P 600VDC MOREDAY TIPO 1+2"}}
{"row":100,"message":"Product imported successfully.","status":true,"status_msg":"Success","post_id":1633,"post_link":{"edit_url":"https:\/\/ecommerce.energy4cero.com\/wp-admin\/post.php?post=1633&amp;action=edit","title":"DPS 3P 1000VDC MOREDAY TIPO 2"}}
{"row":101,"message":"Product imported successfully.","status":true,"status_msg":"Success","post_id":1634,"post_link":{"edit_url":"https:\/\/ecommerce.energy4cero.com\/wp-admin\/post.php?post=1634&amp;action=edit","title":"DPS 3P 1000VDC MOREDAY TIPO 1+2"}}
{"row":102,"message":"Product imported successfully.","status":true,"status_msg":"Success","post_id":1635,"post_link":{"edit_url":"https:\/\/ecommerce.energy4cero.com\/wp-admin\/post.php?post=1635&amp;action=edit","title":"DPS 3P 1500VDC MOREDAY TIPO 2"}}
{"row":103,"message":"Product imported successfully.","status":true,"status_msg":"Success","post_id":1636,"post_link":{"edit_url":"https:\/\/ecommerce.energy4cero.com\/wp-admin\/post.php?post=1636&amp;action=edit","title":"DPS AC PROJOY 2P 275VAC TIPO 2 con RETIE"}}
{"row":104,"message":"Product imported successfully.","status":true,"status_msg":"Success","post_id":1637,"post_link":{"edit_url":"https:\/\/ecommerce.energy4cero.com\/wp-admin\/post.php?post=1637&amp;action=edit","title":"DPS AC PROJOY 2P 275VAC TIPO 1+2 con RETIE"}}
{"row":105,"message":"Product imported successfully.","status":true,"status_msg":"Success","post_id":1638,"post_link":{"edit_url":"https:\/\/ecommerce.energy4cero.com\/wp-admin\/post.php?post=1638&amp;action=edit","title":"DPS AC PROJOY 3P 275VAC TIPO 2 con RETIE"}}
{"row":106,"message":"Product imported successfully.","status":true,"status_msg":"Success","post_id":1639,"post_link":{"edit_url":"https:\/\/ecommerce.energy4cero.com\/wp-admin\/post.php?post=1639&amp;action=edit","title":"DPS AC PROJOY 3P 275VAC TIPO 1+2 con RETIE"}}
{"row":107,"message":"Product imported successfully.","status":true,"status_msg":"Success","post_id":1640,"post_link":{"edit_url":"https:\/\/ecommerce.energy4cero.com\/wp-admin\/post.php?post=1640&amp;action=edit","title":"DPS AC PROJOY 4P 275VAC TIPO 2 con RETIE"}}
{"row":108,"message":"Product imported successfully.","status":true,"status_msg":"Success","post_id":1641,"post_link":{"edit_url":"https:\/\/ecommerce.energy4cero.com\/wp-admin\/post.php?post=1641&amp;action=edit","title":"DPS AC PROJOY 4P 275VAC TIPO 1+2 con RETIE"}}
{"row":109,"message":"Product imported successfully.","status":true,"status_msg":"Success","post_id":1642,"post_link":{"edit_url":"https:\/\/ecommerce.energy4cero.com\/wp-admin\/post.php?post=1642&amp;action=edit","title":"DPS AC PROJOY 3P 440VAC TIPO 2 con RETIE"}}
{"row":110,"message":"Product imported successfully.","status":true,"status_msg":"Success","post_id":1643,"post_link":{"edit_url":"https:\/\/ecommerce.energy4cero.com\/wp-admin\/post.php?post=1643&amp;action=edit","title":"DPS AC PROJOY 4P 440VAC TIPO 2 con RETIE"}}
{"row":111,"message":"Product imported successfully.","status":true,"status_msg":"Success","post_id":1644,"post_link":{"edit_url":"https:\/\/ecommerce.energy4cero.com\/wp-admin\/post.php?post=1644&amp;action=edit","title":"DPS AC PROJOY 2P 440VAC TIPO 1+2 con RETIE"}}
{"row":112,"message":"Product imported successfully.","status":true,"status_msg":"Success","post_id":1645,"post_link":{"edit_url":"https:\/\/ecommerce.energy4cero.com\/wp-admin\/post.php?post=1645&amp;action=edit","title":"DPS AC PROJOY 3P 440VAC TIPO 1+2 con RETIE"}}
{"row":113,"message":"Product imported successfully.","status":true,"status_msg":"Success","post_id":1646,"post_link":{"edit_url":"https:\/\/ecommerce.energy4cero.com\/wp-admin\/post.php?post=1646&amp;action=edit","title":"DPS AC PROJOY 4P 440VAC TIPO 1+2 con RETIE"}}
{"row":114,"message":"Product imported successfully.","status":true,"status_msg":"Success","post_id":1647,"post_link":{"edit_url":"https:\/\/ecommerce.energy4cero.com\/wp-admin\/post.php?post=1647&amp;action=edit","title":"DPS AC MOREDAY 1P 130VAC TIPO 2 20\/40KA con RETIE"}}
{"row":115,"message":"Product imported successfully.","status":true,"status_msg":"Success","post_id":1648,"post_link":{"edit_url":"https:\/\/ecommerce.energy4cero.com\/wp-admin\/post.php?post=1648&amp;action=edit","title":"DPS AC MOREDAY 2P 275VAC TIPO 2 20\/40KA con RETIE"}}
{"row":116,"message":"Product imported successfully.","status":true,"status_msg":"Success","post_id":1649,"post_link":{"edit_url":"https:\/\/ecommerce.energy4cero.com\/wp-admin\/post.php?post=1649&amp;action=edit","title":"DPS AC MOREDAY 2P 240VAC TIPO 2 20\/40KA con RETIE"}}
{"row":117,"message":"Product imported successfully.","status":true,"status_msg":"Success","post_id":1650,"post_link":{"edit_url":"https:\/\/ecommerce.energy4cero.com\/wp-admin\/post.php?post=1650&amp;action=edit","title":"DPS AC MOREDAY 3P 240VAC TIPO 2 20\/40KA con RETIE"}}
{"row":118,"message":"Product imported successfully.","status":true,"status_msg":"Success","post_id":1651,"post_link":{"edit_url":"https:\/\/ecommerce.energy4cero.com\/wp-admin\/post.php?post=1651&amp;action=edit","title":"DPS AC MOREDAY 3P 480VAC TIPO 2 20\/40KA con RETIE"}}
{"row":119,"message":"Product imported successfully.","status":true,"status_msg":"Success","post_id":1652,"post_link":{"edit_url":"https:\/\/ecommerce.energy4cero.com\/wp-admin\/post.php?post=1652&amp;action=edit","title":"DPS AC MOREDAY 3P 480VAC TIPO 2 30\/60KA con RETIE"}}
{"row":120,"message":"Product imported successfully.","status":true,"status_msg":"Success","post_id":1653,"post_link":{"edit_url":"https:\/\/ecommerce.energy4cero.com\/wp-admin\/post.php?post=1653&amp;action=edit","title":"DPS AC MOREDAY 4P 480VAC TIPO 2 20\/40KA con RETIE"}}
{"row":121,"message":"Product imported successfully.","status":true,"status_msg":"Success","post_id":1654,"post_link":{"edit_url":"https:\/\/ecommerce.energy4cero.com\/wp-admin\/post.php?post=1654&amp;action=edit","title":"DPS AC MOREDAY 2P 275VAC TIPO 1+2 20\/40KA con RETIE"}}
{"row":122,"message":"Product imported successfully.","status":true,"status_msg":"Success","post_id":1655,"post_link":{"edit_url":"https:\/\/ecommerce.energy4cero.com\/wp-admin\/post.php?post=1655&amp;action=edit","title":"DPS AC MOREDAY 2P 240VAC TIPO 1+2 40\/80KA con RETIE"}}
{"row":123,"message":"Product imported successfully.","status":true,"status_msg":"Success","post_id":1656,"post_link":{"edit_url":"https:\/\/ecommerce.energy4cero.com\/wp-admin\/post.php?post=1656&amp;action=edit","title":"DPS AC MOREDAY 3P 275VAC TIPO 1+2 20\/40KA con RETIE"}}
{"row":124,"message":"Product imported successfully.","status":true,"status_msg":"Success","post_id":1657,"post_link":{"edit_url":"https:\/\/ecommerce.energy4cero.com\/wp-admin\/post.php?post=1657&amp;action=edit","title":"DPS AC MOREDAY 3P 240VAC TIPO 1+2 30\/60KA con RETIE"}}
{"row":125,"message":"Product imported successfully.","status":true,"status_msg":"Success","post_id":1658,"post_link":{"edit_url":"https:\/\/ecommerce.energy4cero.com\/wp-admin\/post.php?post=1658&amp;action=edit","title":"TABLERO 4 PUESTOS RIEL DIN MOREDAY IP65"}}
{"row":126,"message":"Product imported successfully.","status":true,"status_msg":"Success","post_id":1659,"post_link":{"edit_url":"https:\/\/ecommerce.energy4cero.com\/wp-admin\/post.php?post=1659&amp;action=edit","title":"TABLERO 6 PUESTOS RIEL DIN MOREDAY IP65"}}
{"row":127,"message":"Product imported successfully.","status":true,"status_msg":"Success","post_id":1660,"post_link":{"edit_url":"https:\/\/ecommerce.energy4cero.com\/wp-admin\/post.php?post=1660&amp;action=edit","title":"TABLERO 8 PUESTOS RIEL DIN MOREDAY IP65"}}
{"row":128,"message":"Product imported successfully.","status":true,"status_msg":"Success","post_id":1661,"post_link":{"edit_url":"https:\/\/ecommerce.energy4cero.com\/wp-admin\/post.php?post=1661&amp;action=edit","title":"TABLERO 12 PUESTOS RIEL DIN MOREDAY IP65"}}
{"row":129,"message":"Product imported successfully.","status":true,"status_msg":"Success","post_id":1662,"post_link":{"edit_url":"https:\/\/ecommerce.energy4cero.com\/wp-admin\/post.php?post=1662&amp;action=edit","title":"TABLERO 18 PUESTOS RIEL DIN MOREDAY IP65"}}
{"row":130,"message":"Product imported successfully.","status":true,"status_msg":"Success","post_id":1663,"post_link":{"edit_url":"https:\/\/ecommerce.energy4cero.com\/wp-admin\/post.php?post=1663&amp;action=edit","title":"TABLERO 24 PUESTOS RIEL DIN MOREDAY IP65"}}
{"row":131,"message":"Product imported successfully.","status":true,"status_msg":"Success","post_id":1664,"post_link":{"edit_url":"https:\/\/ecommerce.energy4cero.com\/wp-admin\/post.php?post=1664&amp;action=edit","title":"BATERIA GEL 12V 150AH"}}
{"row":132,"message":"Product imported successfully.","status":true,"status_msg":"Success","post_id":1665,"post_link":{"edit_url":"https:\/\/ecommerce.energy4cero.com\/wp-admin\/post.php?post=1665&amp;action=edit","title":"BATERIA GEL 12V 200AH"}}
{"row":133,"message":"Product imported successfully.","status":true,"status_msg":"Success","post_id":1666,"post_link":{"edit_url":"https:\/\/ecommerce.energy4cero.com\/wp-admin\/post.php?post=1666&amp;action=edit","title":"BATERIA GEL 12V 250AH"}}
{"row":134,"message":"Product imported successfully.","status":true,"status_msg":"Success","post_id":1667,"post_link":{"edit_url":"https:\/\/ecommerce.energy4cero.com\/wp-admin\/post.php?post=1667&amp;action=edit","title":"Bater\u00eda SRP LITIO Monobloque 12V 200AH"}}
{"row":135,"message":"Product imported successfully.","status":true,"status_msg":"Success","post_id":1668,"post_link":{"edit_url":"https:\/\/ecommerce.energy4cero.com\/wp-admin\/post.php?post=1668&amp;action=edit","title":"Bater\u00eda SRP LITIO Monobloque 24V 100AH"}}
{"row":136,"message":"Product imported successfully.","status":true,"status_msg":"Success","post_id":1669,"post_link":{"edit_url":"https:\/\/ecommerce.energy4cero.com\/wp-admin\/post.php?post=1669&amp;action=edit","title":"Bater\u00eda SRP LITIO Monobloque 24V 200AH"}}
{"row":137,"message":"Product imported successfully.","status":true,"status_msg":"Success","post_id":1670,"post_link":{"edit_url":"https:\/\/ecommerce.energy4cero.com\/wp-admin\/post.php?post=1670&amp;action=edit","title":"Bater\u00eda SUNRAY LITIO Monobloque 12,8V 150AH"}}
{"row":138,"message":"Product imported successfully.","status":true,"status_msg":"Success","post_id":1671,"post_link":{"edit_url":"https:\/\/ecommerce.energy4cero.com\/wp-admin\/post.php?post=1671&amp;action=edit","title":"Bater\u00eda SUNRAY LITIO Monobloque 25,6V 120AH"}}
{"row":139,"message":"Product imported successfully.","status":true,"status_msg":"Success","post_id":1672,"post_link":{"edit_url":"https:\/\/ecommerce.energy4cero.com\/wp-admin\/post.php?post=1672&amp;action=edit","title":"Bater\u00eda SUNRAY LITIO Monobloque 25,6V 150AH"}}
{"row":140,"message":"Product imported successfully.","status":true,"status_msg":"Success","post_id":1673,"post_link":{"edit_url":"https:\/\/ecommerce.energy4cero.com\/wp-admin\/post.php?post=1673&amp;action=edit","title":"BATER\u00cdA SUNRAY LITIO RACK 51,2V 100AH SIN PANTALLA"}}
{"row":141,"message":"Product imported successfully.","status":true,"status_msg":"Success","post_id":1674,"post_link":{"edit_url":"https:\/\/ecommerce.energy4cero.com\/wp-admin\/post.php?post=1674&amp;action=edit","title":"BATER\u00cdA SUNRAY LITIO RACK 51,2V 100AH CON PANTALLA LCD"}}
{"row":142,"message":"Product imported successfully.","status":true,"status_msg":"Success","post_id":1675,"post_link":{"edit_url":"https:\/\/ecommerce.energy4cero.com\/wp-admin\/post.php?post=1675&amp;action=edit","title":"Estructura para montaje sobre muro"}}
{"row":143,"message":"Product imported successfully.","status":true,"status_msg":"Success","post_id":1676,"post_link":{"edit_url":"https:\/\/ecommerce.energy4cero.com\/wp-admin\/post.php?post=1676&amp;action=edit","title":"Estructura para montaje sobre piso"}}
{"row":144,"message":"Product imported successfully.","status":true,"status_msg":"Success","post_id":1677,"post_link":{"edit_url":"https:\/\/ecommerce.energy4cero.com\/wp-admin\/post.php?post=1677&amp;action=edit","title":"BATER\u00cdA SUNRAY SRP LITIO WALL 51,2V 100AH"}}
{"row":145,"message":"Product imported successfully.","status":true,"status_msg":"Success","post_id":1678,"post_link":{"edit_url":"https:\/\/ecommerce.energy4cero.com\/wp-admin\/post.php?post=1678&amp;action=edit","title":"BATER\u00cdA SUNRAY SRP LITIO WALL 48V 200AH"}}
{"row":146,"message":"Product imported successfully.","status":true,"status_msg":"Success","post_id":1679,"post_link":{"edit_url":"https:\/\/ecommerce.energy4cero.com\/wp-admin\/post.php?post=1679&amp;action=edit","title":"Controlador SUNRAY MPPT 40A 12\/24\/48VDC"}}
{"row":147,"message":"Product imported successfully.","status":true,"status_msg":"Success","post_id":1680,"post_link":{"edit_url":"https:\/\/ecommerce.energy4cero.com\/wp-admin\/post.php?post=1680&amp;action=edit","title":"Controlador SUNRAY MPPT 50A 12\/24\/48VDC"}}
{"row":148,"message":"Product imported successfully.","status":true,"status_msg":"Success","post_id":1681,"post_link":{"edit_url":"https:\/\/ecommerce.energy4cero.com\/wp-admin\/post.php?post=1681&amp;action=edit","title":"Controlador SUNRAY MPPT 60A 12\/24\/48VDC"}}
{"row":149,"message":"Product imported successfully.","status":true,"status_msg":"Success","post_id":1682,"post_link":{"edit_url":"https:\/\/ecommerce.energy4cero.com\/wp-admin\/post.php?post=1682&amp;action=edit","title":"Controlador SUNRAY MPPT 80A 12\/24\/48VDC + RS485"}}
{"row":150,"message":"Product imported successfully.","status":true,"status_msg":"Success","post_id":1683,"post_link":{"edit_url":"https:\/\/ecommerce.energy4cero.com\/wp-admin\/post.php?post=1683&amp;action=edit","title":"Controlador SUNRAY MPPT 100A 12\/24\/48VDC + RS485"}}
{"row":151,"message":"Product imported successfully.","status":true,"status_msg":"Success","post_id":1684,"post_link":{"edit_url":"https:\/\/ecommerce.energy4cero.com\/wp-admin\/post.php?post=1684&amp;action=edit","title":"Inversor SUNRAY 500W\/120VAC\/12VDC + RS485 (Recibe carga AC)"}}
{"row":152,"message":"Product imported successfully.","status":true,"status_msg":"Success","post_id":1685,"post_link":{"edit_url":"https:\/\/ecommerce.energy4cero.com\/wp-admin\/post.php?post=1685&amp;action=edit","title":"Inversor SUNRAY 1000W\/120VAC\/12VDC + RS485 (Recibe carga AC)"}}
{"row":153,"message":"Product imported successfully.","status":true,"status_msg":"Success","post_id":1686,"post_link":{"edit_url":"https:\/\/ecommerce.energy4cero.com\/wp-admin\/post.php?post=1686&amp;action=edit","title":"Inversor SUNRAY 1000W\/120VAC\/24VDC + RS485 (Recibe carga AC)"}}
{"row":154,"message":"Product imported successfully.","status":true,"status_msg":"Success","post_id":1687,"post_link":{"edit_url":"https:\/\/ecommerce.energy4cero.com\/wp-admin\/post.php?post=1687&amp;action=edit","title":"Inversor SUNRAY 1500W\/120VAC\/24VDC + RS485 (Recibe carga AC)"}}
{"row":155,"message":"Product imported successfully.","status":true,"status_msg":"Success","post_id":1688,"post_link":{"edit_url":"https:\/\/ecommerce.energy4cero.com\/wp-admin\/post.php?post=1688&amp;action=edit","title":"Inversor Cargador AC\/DC SUNRAY 1000W\/120VAC\/12VDC\/MPPT 40A + RS485"}}
{"row":156,"message":"Product imported successfully.","status":true,"status_msg":"Success","post_id":1689,"post_link":{"edit_url":"https:\/\/ecommerce.energy4cero.com\/wp-admin\/post.php?post=1689&amp;action=edit","title":"Inversor Cargador AC\/DC SUNRAY 1000W\/120VAC\/24VDC\/MPPT 40A + RS485"}}
{"row":157,"message":"Product imported successfully.","status":true,"status_msg":"Success","post_id":1690,"post_link":{"edit_url":"https:\/\/ecommerce.energy4cero.com\/wp-admin\/post.php?post=1690&amp;action=edit","title":"Inversor Cargador AC\/DC SUNRAY 1500W\/120VAC\/12VDC\/MPPT 40A + RS484"}}
{"row":158,"message":"Product imported successfully.","status":true,"status_msg":"Success","post_id":1691,"post_link":{"edit_url":"https:\/\/ecommerce.energy4cero.com\/wp-admin\/post.php?post=1691&amp;action=edit","title":"Inversor Cargador AC\/DC SUNRAY 1500W\/120VAC\/24VDC\/MPPT 40A + RS485"}}
{"row":159,"message":"Product imported successfully.","status":true,"status_msg":"Success","post_id":1692,"post_link":{"edit_url":"https:\/\/ecommerce.energy4cero.com\/wp-admin\/post.php?post=1692&amp;action=edit","title":"Inversor cargador SUNRAY 2000W\/120VAC\/24VDC\/MPPT 60A+RS485 Single Phase"}}
{"row":160,"message":"Product imported successfully.","status":true,"status_msg":"Success","post_id":1693,"post_link":{"edit_url":"https:\/\/ecommerce.energy4cero.com\/wp-admin\/post.php?post=1693&amp;action=edit","title":"Inversor cargador SUNRAY 3000W\/120VAC\/24VDC\/MPPT 60A+RS485 Single Phase"}}
{"row":161,"message":"Product imported successfully.","status":true,"status_msg":"Success","post_id":1694,"post_link":{"edit_url":"https:\/\/ecommerce.energy4cero.com\/wp-admin\/post.php?post=1694&amp;action=edit","title":"Inversor cargador SUNRAY 3000W\/120VAC\/48VDC\/MPPT 60A+RS485 Single Phase"}}
{"row":162,"message":"Product imported successfully.","status":true,"status_msg":"Success","post_id":1695,"post_link":{"edit_url":"https:\/\/ecommerce.energy4cero.com\/wp-admin\/post.php?post=1695&amp;action=edit","title":"Inversor cargador SUNRAY 4000W\/120VAC\/24VDC\/MPPT 80A+RS485 Single Phase"}}
{"row":163,"message":"Product imported successfully.","status":true,"status_msg":"Success","post_id":1696,"post_link":{"edit_url":"https:\/\/ecommerce.energy4cero.com\/wp-admin\/post.php?post=1696&amp;action=edit","title":"Inversor cargador SUNRAY 4000W\/120VAC\/48VDC\/MPPT 80A+RS485 Single Phase"}}
{"row":164,"message":"Product imported successfully.","status":true,"status_msg":"Success","post_id":1697,"post_link":{"edit_url":"https:\/\/ecommerce.energy4cero.com\/wp-admin\/post.php?post=1697&amp;action=edit","title":"Inversor cargador SUNRAY 6000W\/120VAC-240VAC\/48VDC\/MPPT 80A+RS485 Siplit Phase"}}
{"row":165,"message":"Product imported successfully.","status":true,"status_msg":"Success","post_id":1698,"post_link":{"edit_url":"https:\/\/ecommerce.energy4cero.com\/wp-admin\/post.php?post=1698&amp;action=edit","title":"Inversor cargador SUNRAY 8000W\/120VAC-240VAC\/48VDC\/MPPT 120A + RS485 Siplit Phase"}}
{"row":166,"message":"Product imported successfully.","status":true,"status_msg":"Success","post_id":1699,"post_link":{"edit_url":"https:\/\/ecommerce.energy4cero.com\/wp-admin\/post.php?post=1699&amp;action=edit","title":"Inversor cargador SUNRAY 10000W\/120VAC-240VAC\/48VDC\/MPPT 120A + RS485 Siplit Phase"}}
{"row":167,"message":"Product imported successfully.","status":true,"status_msg":"Success","post_id":1700,"post_link":{"edit_url":"https:\/\/ecommerce.energy4cero.com\/wp-admin\/post.php?post=1700&amp;action=edit","title":"Inversor cargador SUNRAY 12000W\/120VAC-240VAC\/48VDC\/MPPT 150A + RS485 Siplit Phase"}}
{"row":168,"message":"Product imported successfully.","status":true,"status_msg":"Success","post_id":1701,"post_link":{"edit_url":"https:\/\/ecommerce.energy4cero.com\/wp-admin\/post.php?post=1701&amp;action=edit","title":"ANTENA WIFI SUNRAY PARA MONITOREO"}}
{"row":169,"message":"Product imported successfully.","status":true,"status_msg":"Success","post_id":1702,"post_link":{"edit_url":"https:\/\/ecommerce.energy4cero.com\/wp-admin\/post.php?post=1702&amp;action=edit","title":"INVERSOR SUNRAY H\u00cdBRIDO SPLIT PHASE 6K"}}
{"row":170,"message":"Product imported successfully.","status":true,"status_msg":"Success","post_id":1703,"post_link":{"edit_url":"https:\/\/ecommerce.energy4cero.com\/wp-admin\/post.php?post=1703&amp;action=edit","title":"INVERSOR SUNRAY H\u00cdBRIDO SPLIT PHASE 10K"}}
{"row":171,"message":"Product imported successfully.","status":true,"status_msg":"Success","post_id":1704,"post_link":{"edit_url":"https:\/\/ecommerce.energy4cero.com\/wp-admin\/post.php?post=1704&amp;action=edit","title":"M\u00d3DULO WIFI SUNRAY PARA MONITOREO"}}
{"row":172,"message":"Product imported successfully.","status":true,"status_msg":"Success","post_id":1705,"post_link":{"edit_url":"https:\/\/ecommerce.energy4cero.com\/wp-admin\/post.php?post=1705&amp;action=edit","title":"SMART METER SUNRAY"}}
{"row":173,"message":"Product imported successfully.","status":true,"status_msg":"Success","post_id":1706,"post_link":{"edit_url":"https:\/\/ecommerce.energy4cero.com\/wp-admin\/post.php?post=1706&amp;action=edit","title":"INVERSOR SUNRAY R6 H\u00cdBRIDO SPLIT PHASE 6K (Incluye WIFI &#8211; CTS)"}}
{"row":174,"message":"Product imported successfully.","status":true,"status_msg":"Success","post_id":1707,"post_link":{"edit_url":"https:\/\/ecommerce.energy4cero.com\/wp-admin\/post.php?post=1707&amp;action=edit","title":"INVERSOR SUNRAY R10 H\u00cdBRIDO SPLIT PHASE 10K (Incluye WIFI &#8211; CTS)"}}
{"row":175,"message":"Product imported successfully.","status":true,"status_msg":"Success","post_id":1708,"post_link":{"edit_url":"https:\/\/ecommerce.energy4cero.com\/wp-admin\/post.php?post=1708&amp;action=edit","title":"INVERSOR SUNRAY R16 H\u00cdBRIDO SPLIT PHASE 16K (Incluye WIFI &#8211; CTS)"}}
{"row":176,"message":"Product imported successfully.","status":true,"status_msg":"Success","post_id":1709,"post_link":{"edit_url":"https:\/\/ecommerce.energy4cero.com\/wp-admin\/post.php?post=1709&amp;action=edit","title":"INVERSOR ON GRID FOX MONOF\u00c1SICO S3000 G2 (1MPPT) 3K"}}
{"row":177,"message":"Product imported successfully.","status":true,"status_msg":"Success","post_id":1710,"post_link":{"edit_url":"https:\/\/ecommerce.energy4cero.com\/wp-admin\/post.php?post=1710&amp;action=edit","title":"INVERSOR ON GRID FOX MONOF\u00c1SICO F4600 G2 (2MPPT) 4,6K"}}
{"row":178,"message":"Product imported successfully.","status":true,"status_msg":"Success","post_id":1711,"post_link":{"edit_url":"https:\/\/ecommerce.energy4cero.com\/wp-admin\/post.php?post=1711&amp;action=edit","title":"INVERSOR ON GRID FOX MONOF\u00c1SICO F6000 G2 (2MPPT) 6K"}}
{"row":179,"message":"Product imported successfully.","status":true,"status_msg":"Success","post_id":1712,"post_link":{"edit_url":"https:\/\/ecommerce.energy4cero.com\/wp-admin\/post.php?post=1712&amp;action=edit","title":"INVERSOR ON GRID FOX MONOF\u00c1SICO G8 (3MPPT) 8K"}}
{"row":180,"message":"Product imported successfully.","status":true,"status_msg":"Success","post_id":1713,"post_link":{"edit_url":"https:\/\/ecommerce.energy4cero.com\/wp-admin\/post.php?post=1713&amp;action=edit","title":"INVERSOR ON GRID FOX MONOF\u00c1SICO G10,5 (3MPPT) 10,5K"}}
{"row":181,"message":"Product imported successfully.","status":true,"status_msg":"Success","post_id":1714,"post_link":{"edit_url":"https:\/\/ecommerce.energy4cero.com\/wp-admin\/post.php?post=1714&amp;action=edit","title":"INVERSOR ON GRID FOX TRIF\u00c1SICO VL15 (3MPPT) 15K"}}
{"row":182,"message":"Product imported successfully.","status":true,"status_msg":"Success","post_id":1715,"post_link":{"edit_url":"https:\/\/ecommerce.energy4cero.com\/wp-admin\/post.php?post=1715&amp;action=edit","title":"INVERSOR ON GRID FOX TRIF\u00c1SICO VL37,5 (3MPPT) 37,5K"}}
{"row":183,"message":"Product imported successfully.","status":true,"status_msg":"Success","post_id":1716,"post_link":{"edit_url":"https:\/\/ecommerce.energy4cero.com\/wp-admin\/post.php?post=1716&amp;action=edit","title":"L Feet 03 H80 EPR-LF03"}}
{"row":184,"message":"Product imported successfully.","status":true,"status_msg":"Success","post_id":1717,"post_link":{"edit_url":"https:\/\/ecommerce.energy4cero.com\/wp-admin\/post.php?post=1717&amp;action=edit","title":"Tornillo de fijaci\u00f3n para L en teja corrugada EPR-LF03-HB"}}
{"row":185,"message":"Product imported successfully.","status":true,"status_msg":"Success","post_id":1718,"post_link":{"edit_url":"https:\/\/ecommerce.energy4cero.com\/wp-admin\/post.php?post=1718&amp;action=edit","title":"Mid Clamp 35mm EPR-MC01"}}
{"row":186,"message":"Product imported successfully.","status":true,"status_msg":"Success","post_id":1719,"post_link":{"edit_url":"https:\/\/ecommerce.energy4cero.com\/wp-admin\/post.php?post=1719&amp;action=edit","title":"End Clamp 30mm EPR-EC01"}}
{"row":187,"message":"Product imported successfully.","status":true,"status_msg":"Success","post_id":1720,"post_link":{"edit_url":"https:\/\/ecommerce.energy4cero.com\/wp-admin\/post.php?post=1720&amp;action=edit","title":"End Clamp 35mm EPR-EC01"}}
{"row":188,"message":"Product imported successfully.","status":true,"status_msg":"Success","post_id":1721,"post_link":{"edit_url":"https:\/\/ecommerce.energy4cero.com\/wp-admin\/post.php?post=1721&amp;action=edit","title":"Triangulo para placa L1100 EPR-TR-L1100"}}
{"row":189,"message":"Product imported successfully.","status":true,"status_msg":"Success","post_id":1722,"post_link":{"edit_url":"https:\/\/ecommerce.energy4cero.com\/wp-admin\/post.php?post=1722&amp;action=edit","title":"Triangulo para placa L1400 EPR-TR-L1400"}}
{"row":190,"message":"Product imported successfully.","status":true,"status_msg":"Success","post_id":1723,"post_link":{"edit_url":"https:\/\/ecommerce.energy4cero.com\/wp-admin\/post.php?post=1723&amp;action=edit","title":"Contrapeso para estructutura en placa"}}
{"row":191,"message":"Product imported successfully.","status":true,"status_msg":"Success","post_id":1724,"post_link":{"edit_url":"https:\/\/ecommerce.energy4cero.com\/wp-admin\/post.php?post=1724&amp;action=edit","title":"Rail Clamp 03 EPR-RC03"}}
{"row":192,"message":"Product imported successfully.","status":true,"status_msg":"Success","post_id":1725,"post_link":{"edit_url":"https:\/\/ecommerce.energy4cero.com\/wp-admin\/post.php?post=1725&amp;action=edit","title":"Gancho para teja espa\u00f1ola (incluye 3 tornillos) EPR-TRH-07"}}
{"row":193,"message":"Product imported successfully.","status":true,"status_msg":"Success","post_id":1726,"post_link":{"edit_url":"https:\/\/ecommerce.energy4cero.com\/wp-admin\/post.php?post=1726&amp;action=edit","title":"Riel Conector L150 Aluminio EPR-R19-C"}}
{"row":194,"message":"Product imported successfully.","status":true,"status_msg":"Success","post_id":1727,"post_link":{"edit_url":"https:\/\/ecommerce.energy4cero.com\/wp-admin\/post.php?post=1727&amp;action=edit","title":"Ground clip 01 EPR-GC01"}}
{"row":195,"message":"Product imported successfully.","status":true,"status_msg":"Success","post_id":1728,"post_link":{"edit_url":"https:\/\/ecommerce.energy4cero.com\/wp-admin\/post.php?post=1728&amp;action=edit","title":"Ground lug EPR-GL"}}
{"row":196,"message":"Product imported successfully.","status":true,"status_msg":"Success","post_id":1729,"post_link":{"edit_url":"https:\/\/ecommerce.energy4cero.com\/wp-admin\/post.php?post=1729&amp;action=edit","title":"Tornillo fijaci\u00f3n Madera EPR-LF03-HB"}}
{"row":197,"message":"Product imported successfully.","status":true,"status_msg":"Success","post_id":1730,"post_link":{"edit_url":"https:\/\/ecommerce.energy4cero.com\/wp-admin\/post.php?post=1730&amp;action=edit","title":"Accesorio Standing Seam"}}
{"row":198,"message":"Product imported successfully.","status":true,"status_msg":"Success","post_id":1731,"post_link":{"edit_url":"https:\/\/ecommerce.energy4cero.com\/wp-admin\/post.php?post=1731&amp;action=edit","title":"Mini Riel EPR-MRH03"}}
{"row":199,"message":"Product imported successfully.","status":true,"status_msg":"Success","post_id":1732,"post_link":{"edit_url":"https:\/\/ecommerce.energy4cero.com\/wp-admin\/post.php?post=1732&amp;action=edit","title":"Riel 2370*25*34 mm"}}
{"row":200,"message":"Product imported successfully.","status":true,"status_msg":"Success","post_id":1733,"post_link":{"edit_url":"https:\/\/ecommerce.energy4cero.com\/wp-admin\/post.php?post=1733&amp;action=edit","title":"Riel 3570*25*34 mm"}}
{"row":201,"message":"Product imported successfully.","status":true,"status_msg":"Success","post_id":1734,"post_link":{"edit_url":"https:\/\/ecommerce.energy4cero.com\/wp-admin\/post.php?post=1734&amp;action=edit","title":"Riel 4700*25*34 mm"}}
{"row":202,"message":"Product imported successfully.","status":true,"status_msg":"Success","post_id":1735,"post_link":{"edit_url":"https:\/\/ecommerce.energy4cero.com\/wp-admin\/post.php?post=1735&amp;action=edit","title":"Carport para 2 veh\u00edculos seg\u00fan dise\u00f1o"}}
{"row":203,"message":"Product imported successfully.","status":true,"status_msg":"Success","post_id":1736,"post_link":{"edit_url":"https:\/\/ecommerce.energy4cero.com\/wp-admin\/post.php?post=1736&amp;action=edit","title":"Carport para 3 veh\u00edculos seg\u00fan dise\u00f1o"}}
{"row":204,"message":"Product imported successfully.","status":true,"status_msg":"Success","post_id":1737,"post_link":{"edit_url":"https:\/\/ecommerce.energy4cero.com\/wp-admin\/post.php?post=1737&amp;action=edit","title":"CALENTADOR HEAT PIPE 300L"}}
{"row":205,"message":"Product imported successfully.","status":true,"status_msg":"Success","post_id":1738,"post_link":{"edit_url":"https:\/\/ecommerce.energy4cero.com\/wp-admin\/post.php?post=1738&amp;action=edit","title":"CALENTADOR HEAT PIPE 200L"}}
{"row":206,"message":"Product imported successfully.","status":true,"status_msg":"Success","post_id":1739,"post_link":{"edit_url":"https:\/\/ecommerce.energy4cero.com\/wp-admin\/post.php?post=1739&amp;action=edit","title":"CALENTADOR HEAT PIPE 150L"}}
{"row":207,"message":"Product imported successfully.","status":true,"status_msg":"Success","post_id":1740,"post_link":{"edit_url":"https:\/\/ecommerce.energy4cero.com\/wp-admin\/post.php?post=1740&amp;action=edit","title":"CONTROLADOR TK-7Y"}}
{"row":208,"message":"Product imported successfully.","status":true,"status_msg":"Success","post_id":1741,"post_link":{"edit_url":"https:\/\/ecommerce.energy4cero.com\/wp-admin\/post.php?post=1741&amp;action=edit","title":"Colector solar de Gravedad de 30 tubos"}}
{"row":209,"message":"Product imported successfully.","status":true,"status_msg":"Success","post_id":1742,"post_link":{"edit_url":"https:\/\/ecommerce.energy4cero.com\/wp-admin\/post.php?post=1742&amp;action=edit","title":"Cargador EV port\u00e1til 3,5kW 110-240V\/16A IP65 GBT"}}
{"row":210,"message":"Product imported successfully.","status":true,"status_msg":"Success","post_id":1743,"post_link":{"edit_url":"https:\/\/ecommerce.energy4cero.com\/wp-admin\/post.php?post=1743&amp;action=edit","title":"Cargador EV port\u00e1til 3,5kW 110-240V\/16A IP65 Tipo 1"}}
{"row":211,"message":"Product imported successfully.","status":true,"status_msg":"Success","post_id":1744,"post_link":{"edit_url":"https:\/\/ecommerce.energy4cero.com\/wp-admin\/post.php?post=1744&amp;action=edit","title":"Cargador EV port\u00e1til 3,5kW 110-240V\/16A IP65 Tipo 2"}}
{"row":212,"message":"Product imported successfully.","status":true,"status_msg":"Success","post_id":1745,"post_link":{"edit_url":"https:\/\/ecommerce.energy4cero.com\/wp-admin\/post.php?post=1745&amp;action=edit","title":"Cargador EV port\u00e1til 7kW 110-240V\/32A IP65 GBT"}}
{"row":213,"message":"Product imported successfully.","status":true,"status_msg":"Success","post_id":1746,"post_link":{"edit_url":"https:\/\/ecommerce.energy4cero.com\/wp-admin\/post.php?post=1746&amp;action=edit","title":"Cargador EV port\u00e1til 7kW 110-240V\/32A IP65 Tipo 1"}}
{"row":214,"message":"Product imported successfully.","status":true,"status_msg":"Success","post_id":1747,"post_link":{"edit_url":"https:\/\/ecommerce.energy4cero.com\/wp-admin\/post.php?post=1747&amp;action=edit","title":"Cargador EV port\u00e1til 7kW 110-240V\/32A IP65 Tipo 2"}}
{"row":215,"message":"Product imported successfully.","status":true,"status_msg":"Success","post_id":1748,"post_link":{"edit_url":"https:\/\/ecommerce.energy4cero.com\/wp-admin\/post.php?post=1748&amp;action=edit","title":"Cargador EV Wallbox 7kW 110-240V\/32A IP55 GBT"}}
{"row":216,"message":"Product imported successfully.","status":true,"status_msg":"Success","post_id":1749,"post_link":{"edit_url":"https:\/\/ecommerce.energy4cero.com\/wp-admin\/post.php?post=1749&amp;action=edit","title":"Cargador EV Wallbox 7kW 110-240V\/32A IP55 Tipo 1"}}
{"row":217,"message":"Product imported successfully.","status":true,"status_msg":"Success","post_id":1750,"post_link":{"edit_url":"https:\/\/ecommerce.energy4cero.com\/wp-admin\/post.php?post=1750&amp;action=edit","title":"Cargador EV Wallbox 7kW 110-240V\/32A IP55 Tipo 2"}}
{"row":218,"message":"Product imported successfully.","status":true,"status_msg":"Success","post_id":1751,"post_link":{"edit_url":"https:\/\/ecommerce.energy4cero.com\/wp-admin\/post.php?post=1751&amp;action=edit","title":"Cargador EV Wallbox 7kW ABS 110-240V\/32A IP54 GBT"}}
{"row":219,"message":"Product imported successfully.","status":true,"status_msg":"Success","post_id":1752,"post_link":{"edit_url":"https:\/\/ecommerce.energy4cero.com\/wp-admin\/post.php?post=1752&amp;action=edit","title":"Cargador EV Wallbox 7kW ABS 110-240V\/32A IP54 T2"}}
{"row":220,"message":"Product imported successfully.","status":true,"status_msg":"Success","post_id":1753,"post_link":{"edit_url":"https:\/\/ecommerce.energy4cero.com\/wp-admin\/post.php?post=1753&amp;action=edit","title":"Adaptador GB-T to type 1"}}
{"row":221,"message":"Product imported successfully.","status":true,"status_msg":"Success","post_id":1754,"post_link":{"edit_url":"https:\/\/ecommerce.energy4cero.com\/wp-admin\/post.php?post=1754&amp;action=edit","title":"Adaptador GB-T to type 2"}}
{"row":222,"message":"Product imported successfully.","status":true,"status_msg":"Success","post_id":1755,"post_link":{"edit_url":"https:\/\/ecommerce.energy4cero.com\/wp-admin\/post.php?post=1755&amp;action=edit","title":"Adaptador Type 2 to type 1"}}
{"row":223,"message":"Product imported successfully.","status":true,"status_msg":"Success","post_id":1756,"post_link":{"edit_url":"https:\/\/ecommerce.energy4cero.com\/wp-admin\/post.php?post=1756&amp;action=edit","title":"Adaptador Type 2 to GBT"}}
{"row":224,"message":"Product imported successfully.","status":true,"status_msg":"Success","post_id":1757,"post_link":{"edit_url":"https:\/\/ecommerce.energy4cero.com\/wp-admin\/post.php?post=1757&amp;action=edit","title":"Adaptador Type 1 to type 2"}}
{"row":225,"message":"Product imported successfully.","status":true,"status_msg":"Success","post_id":1758,"post_link":{"edit_url":"https:\/\/ecommerce.energy4cero.com\/wp-admin\/post.php?post=1758&amp;action=edit","title":"Adaptador Type 1 to GBT"}}
{"row":226,"message":"Product imported successfully.","status":true,"status_msg":"Success","post_id":1759,"post_link":{"edit_url":"https:\/\/ecommerce.energy4cero.com\/wp-admin\/post.php?post=1759&amp;action=edit","title":"Cable Adaptador Type 2 to type 1"}}
{"row":227,"message":"Product imported successfully.","status":true,"status_msg":"Success","post_id":1760,"post_link":{"edit_url":"https:\/\/ecommerce.energy4cero.com\/wp-admin\/post.php?post=1760&amp;action=edit","title":"Cable AdaptadorType 2 to GBT"}}
{"row":228,"message":"Product imported successfully.","status":true,"status_msg":"Success","post_id":1761,"post_link":{"edit_url":"https:\/\/ecommerce.energy4cero.com\/wp-admin\/post.php?post=1761&amp;action=edit","title":"Cable Adaptador Type 1 to type 2"}}
{"row":229,"message":"Product imported successfully.","status":true,"status_msg":"Success","post_id":1762,"post_link":{"edit_url":"https:\/\/ecommerce.energy4cero.com\/wp-admin\/post.php?post=1762&amp;action=edit","title":"Cable adaptador Type 1 to GBT"}}
{"row":230,"message":"Product imported successfully.","status":true,"status_msg":"Success","post_id":1763,"post_link":{"edit_url":"https:\/\/ecommerce.energy4cero.com\/wp-admin\/post.php?post=1763&amp;action=edit","title":"Adaptador DC CCS1 to CCS2"}}
