a:6:{s:3:"row";i:1;s:7:"message";s:44:"Product with same ID already exists. ID: 627";s:6:"status";b:0;s:10:"status_msg";s:14:"Failed/Skipped";s:7:"post_id";s:0:"";s:9:"post_link";a:2:{s:5:"title";s:11:"Sin título";s:8:"edit_url";b:0;}}
a:6:{s:3:"row";i:2;s:7:"message";s:30:"Product imported successfully.";s:6:"status";b:1;s:10:"status_msg";s:7:"Success";s:7:"post_id";i:641;s:9:"post_link";a:2:{s:8:"edit_url";s:76:"https://ecommerce.energy4cero.com/wp-admin/post.php?post=641&amp;action=edit";s:5:"title";s:24:"Fronius Symo 8.2-3-M Luz";}}
a:6:{s:3:"row";i:3;s:7:"message";s:30:"Product imported successfully.";s:6:"status";b:1;s:10:"status_msg";s:7:"Success";s:7:"post_id";i:642;s:9:"post_link";a:2:{s:8:"edit_url";s:76:"https://ecommerce.energy4cero.com/wp-admin/post.php?post=642&amp;action=edit";s:5:"title";s:30:"Fronius Symo Avanzado 20.0-3-M";}}
a:6:{s:3:"row";i:4;s:7:"message";s:30:"Product imported successfully.";s:6:"status";b:1;s:10:"status_msg";s:7:"Success";s:7:"post_id";i:643;s:9:"post_link";a:2:{s:8:"edit_url";s:76:"https://ecommerce.energy4cero.com/wp-admin/post.php?post=643&amp;action=edit";s:5:"title";s:24:"Luz Fronius Eco 25.0-3-S";}}
a:6:{s:3:"row";i:5;s:7:"message";s:30:"Product imported successfully.";s:6:"status";b:1;s:10:"status_msg";s:7:"Success";s:7:"post_id";i:644;s:9:"post_link";a:2:{s:8:"edit_url";s:76:"https://ecommerce.energy4cero.com/wp-admin/post.php?post=644&amp;action=edit";s:5:"title";s:44:"Inversor Híbrido 5KW Deye SUN-5K-SG01LP1-US";}}
a:6:{s:3:"row";i:6;s:7:"message";s:30:"Product imported successfully.";s:6:"status";b:1;s:10:"status_msg";s:7:"Success";s:7:"post_id";i:631;s:9:"post_link";a:2:{s:8:"edit_url";s:76:"https://ecommerce.energy4cero.com/wp-admin/post.php?post=631&amp;action=edit";s:5:"title";s:41:"Inversor Híbrido 8kW Deye SUN-8K-SG01LP1";}}
a:6:{s:3:"row";i:7;s:7:"message";s:30:"Product imported successfully.";s:6:"status";b:1;s:10:"status_msg";s:7:"Success";s:7:"post_id";i:645;s:9:"post_link";a:2:{s:8:"edit_url";s:76:"https://ecommerce.energy4cero.com/wp-admin/post.php?post=645&amp;action=edit";s:5:"title";s:38:"Inversor On Grid Growatt MAC 15KTL3-XL";}}
a:6:{s:3:"row";i:8;s:7:"message";s:30:"Product imported successfully.";s:6:"status";b:1;s:10:"status_msg";s:7:"Success";s:7:"post_id";i:646;s:9:"post_link";a:2:{s:8:"edit_url";s:76:"https://ecommerce.energy4cero.com/wp-admin/post.php?post=646&amp;action=edit";s:5:"title";s:38:"Inversor On Grid Growatt MAC 20KTL3-XL";}}
a:6:{s:3:"row";i:9;s:7:"message";s:30:"Product imported successfully.";s:6:"status";b:1;s:10:"status_msg";s:7:"Success";s:7:"post_id";i:647;s:9:"post_link";a:2:{s:8:"edit_url";s:76:"https://ecommerce.energy4cero.com/wp-admin/post.php?post=647&amp;action=edit";s:5:"title";s:38:"Inversor On Grid Growatt MAC 10KTL3-XL";}}
a:6:{s:3:"row";i:10;s:7:"message";s:30:"Product imported successfully.";s:6:"status";b:1;s:10:"status_msg";s:7:"Success";s:7:"post_id";i:648;s:9:"post_link";a:2:{s:8:"edit_url";s:76:"https://ecommerce.energy4cero.com/wp-admin/post.php?post=648&amp;action=edit";s:5:"title";s:38:"Inversor On Grid Growatt MAC 36KTL3-XL";}}
a:6:{s:3:"row";i:11;s:7:"message";s:30:"Product imported successfully.";s:6:"status";b:1;s:10:"status_msg";s:7:"Success";s:7:"post_id";i:649;s:9:"post_link";a:2:{s:8:"edit_url";s:76:"https://ecommerce.energy4cero.com/wp-admin/post.php?post=649&amp;action=edit";s:5:"title";s:50:"Inversor On Grid 5kW Solis Bifásico Solis-1P5K-4G";}}
a:6:{s:3:"row";i:12;s:7:"message";s:30:"Product imported successfully.";s:6:"status";b:1;s:10:"status_msg";s:7:"Success";s:7:"post_id";i:650;s:9:"post_link";a:2:{s:8:"edit_url";s:76:"https://ecommerce.energy4cero.com/wp-admin/post.php?post=650&amp;action=edit";s:5:"title";s:51:"Inversor On Grid 36 kW trifásico Solis S5-GC36K-LV";}}
a:6:{s:3:"row";i:13;s:7:"message";s:30:"Product imported successfully.";s:6:"status";b:1;s:10:"status_msg";s:7:"Success";s:7:"post_id";i:651;s:9:"post_link";a:2:{s:8:"edit_url";s:76:"https://ecommerce.energy4cero.com/wp-admin/post.php?post=651&amp;action=edit";s:5:"title";s:51:"Inversor On Grid 50 kW Solis trifásico S5-GC50K-LV";}}
a:6:{s:3:"row";i:14;s:7:"message";s:30:"Product imported successfully.";s:6:"status";b:1;s:10:"status_msg";s:7:"Success";s:7:"post_id";i:652;s:9:"post_link";a:2:{s:8:"edit_url";s:76:"https://ecommerce.energy4cero.com/wp-admin/post.php?post=652&amp;action=edit";s:5:"title";s:39:"Inversor On Grid 15 kW trifásico Solis";}}
a:6:{s:3:"row";i:15;s:7:"message";s:30:"Product imported successfully.";s:6:"status";b:1;s:10:"status_msg";s:7:"Success";s:7:"post_id";i:653;s:9:"post_link";a:2:{s:8:"edit_url";s:76:"https://ecommerce.energy4cero.com/wp-admin/post.php?post=653&amp;action=edit";s:5:"title";s:38:"Inversor trifásico 10kW On Grid Solis";}}
a:6:{s:3:"row";i:16;s:7:"message";s:44:"Product with same ID already exists. ID: 641";s:6:"status";b:0;s:10:"status_msg";s:14:"Failed/Skipped";s:7:"post_id";s:0:"";s:9:"post_link";a:2:{s:5:"title";s:11:"Sin título";s:8:"edit_url";b:0;}}
a:6:{s:3:"row";i:17;s:7:"message";s:44:"Product with same ID already exists. ID: 642";s:6:"status";b:0;s:10:"status_msg";s:14:"Failed/Skipped";s:7:"post_id";s:0:"";s:9:"post_link";a:2:{s:5:"title";s:11:"Sin título";s:8:"edit_url";b:0;}}
a:6:{s:3:"row";i:18;s:7:"message";s:44:"Product with same ID already exists. ID: 643";s:6:"status";b:0;s:10:"status_msg";s:14:"Failed/Skipped";s:7:"post_id";s:0:"";s:9:"post_link";a:2:{s:5:"title";s:11:"Sin título";s:8:"edit_url";b:0;}}
a:6:{s:3:"row";i:19;s:7:"message";s:44:"Product with same ID already exists. ID: 644";s:6:"status";b:0;s:10:"status_msg";s:14:"Failed/Skipped";s:7:"post_id";s:0:"";s:9:"post_link";a:2:{s:5:"title";s:11:"Sin título";s:8:"edit_url";b:0;}}
a:6:{s:3:"row";i:20;s:7:"message";s:44:"Product with same ID already exists. ID: 645";s:6:"status";b:0;s:10:"status_msg";s:14:"Failed/Skipped";s:7:"post_id";s:0:"";s:9:"post_link";a:2:{s:5:"title";s:11:"Sin título";s:8:"edit_url";b:0;}}
