{"row":1,"message":"Product imported successfully.","status":true,"status_msg":"Success","post_id":1215,"post_link":{"edit_url":"https:\/\/ecommerce.energy4cero.com\/wp-admin\/post.php?post=1215&amp;action=edit","title":"BATERIA SELLADA 6V-1.2AH REF. FL612GS"}}
{"row":2,"message":"Product imported successfully.","status":true,"status_msg":"Success","post_id":1216,"post_link":{"edit_url":"https:\/\/ecommerce.energy4cero.com\/wp-admin\/post.php?post=1216&amp;action=edit","title":"BATERIA SELLADA 6V-4AH REF. FL640GS"}}
{"row":3,"message":"Product imported successfully.","status":true,"status_msg":"Success","post_id":1217,"post_link":{"edit_url":"https:\/\/ecommerce.energy4cero.com\/wp-admin\/post.php?post=1217&amp;action=edit","title":"BATERIA SELLADA 6V-7AH REF. FL670GS"}}
{"row":4,"message":"Product imported successfully.","status":true,"status_msg":"Success","post_id":1218,"post_link":{"edit_url":"https:\/\/ecommerce.energy4cero.com\/wp-admin\/post.php?post=1218&amp;action=edit","title":"BATERIA SELLADA 6V-12AH REF. FL6120GS"}}
{"row":5,"message":"Product imported successfully.","status":true,"status_msg":"Success","post_id":1219,"post_link":{"edit_url":"https:\/\/ecommerce.energy4cero.com\/wp-admin\/post.php?post=1219&amp;action=edit","title":"BATERIA SELLADA 12V-2.3AH REF. FL1223GS"}}
{"row":6,"message":"Product imported successfully.","status":true,"status_msg":"Success","post_id":1220,"post_link":{"edit_url":"https:\/\/ecommerce.energy4cero.com\/wp-admin\/post.php?post=1220&amp;action=edit","title":"BATERIA SELLADA 12V-4AH REF. FL1240GS"}}
{"row":7,"message":"Product imported successfully.","status":true,"status_msg":"Success","post_id":1221,"post_link":{"edit_url":"https:\/\/ecommerce.energy4cero.com\/wp-admin\/post.php?post=1221&amp;action=edit","title":"BATERIA SELLADA 12V-5AH REF. FL1250GS"}}
{"row":8,"message":"Product imported successfully.","status":true,"status_msg":"Success","post_id":1222,"post_link":{"edit_url":"https:\/\/ecommerce.energy4cero.com\/wp-admin\/post.php?post=1222&amp;action=edit","title":"BATERIA SELLADA 12V-7.5AH REF. FL1275GS"}}
{"row":9,"message":"Product imported successfully.","status":true,"status_msg":"Success","post_id":1223,"post_link":{"edit_url":"https:\/\/ecommerce.energy4cero.com\/wp-admin\/post.php?post=1223&amp;action=edit","title":"BATERIA SELLADA 12V-9AH REF. FL1290GS"}}
{"row":10,"message":"Product imported successfully.","status":true,"status_msg":"Success","post_id":1224,"post_link":{"edit_url":"https:\/\/ecommerce.energy4cero.com\/wp-admin\/post.php?post=1224&amp;action=edit","title":"BATERIA SELLADA 12V-12AH REF. FL12120GS"}}
{"row":11,"message":"Product imported successfully.","status":true,"status_msg":"Success","post_id":1225,"post_link":{"edit_url":"https:\/\/ecommerce.energy4cero.com\/wp-admin\/post.php?post=1225&amp;action=edit","title":"BATERIA SELLADA 12V-18AH REF. FL12180GS"}}
{"row":12,"message":"Product imported successfully.","status":true,"status_msg":"Success","post_id":1226,"post_link":{"edit_url":"https:\/\/ecommerce.energy4cero.com\/wp-admin\/post.php?post=1226&amp;action=edit","title":"BATERIA SELLADA 12V-26AH REF. FL12260GS"}}
{"row":13,"message":"Product imported successfully.","status":true,"status_msg":"Success","post_id":1227,"post_link":{"edit_url":"https:\/\/ecommerce.energy4cero.com\/wp-admin\/post.php?post=1227&amp;action=edit","title":"BATERIA SELLADA 12V-35AH REF. FL12350GS"}}
{"row":14,"message":"Product imported successfully.","status":true,"status_msg":"Success","post_id":1228,"post_link":{"edit_url":"https:\/\/ecommerce.energy4cero.com\/wp-admin\/post.php?post=1228&amp;action=edit","title":"BATERIA SELLADA 12V-40AH REF. FL12400GS"}}
{"row":15,"message":"Product imported successfully.","status":true,"status_msg":"Success","post_id":1229,"post_link":{"edit_url":"https:\/\/ecommerce.energy4cero.com\/wp-admin\/post.php?post=1229&amp;action=edit","title":"BATERIA SELLADA 12V-55AH REF. FL12550GS"}}
{"row":16,"message":"Product imported successfully.","status":true,"status_msg":"Success","post_id":1230,"post_link":{"edit_url":"https:\/\/ecommerce.energy4cero.com\/wp-admin\/post.php?post=1230&amp;action=edit","title":"BATERIA SELLADA 12V-65AH REF. FL12650GS"}}
{"row":17,"message":"Product imported successfully.","status":true,"status_msg":"Success","post_id":1231,"post_link":{"edit_url":"https:\/\/ecommerce.energy4cero.com\/wp-admin\/post.php?post=1231&amp;action=edit","title":"BATERIA SELLADA 12V-80AH REF. FL12800GS"}}
{"row":18,"message":"Product imported successfully.","status":true,"status_msg":"Success","post_id":1232,"post_link":{"edit_url":"https:\/\/ecommerce.energy4cero.com\/wp-admin\/post.php?post=1232&amp;action=edit","title":"BATERIA SELLADA 12V-90AH REF.FL12900GS"}}
{"row":19,"message":"Product imported successfully.","status":true,"status_msg":"Success","post_id":1233,"post_link":{"edit_url":"https:\/\/ecommerce.energy4cero.com\/wp-admin\/post.php?post=1233&amp;action=edit","title":"BATERIA SELLADA 12V-100AH REF. FL121000GS"}}
{"row":20,"message":"Product imported successfully.","status":true,"status_msg":"Success","post_id":1234,"post_link":{"edit_url":"https:\/\/ecommerce.energy4cero.com\/wp-admin\/post.php?post=1234&amp;action=edit","title":"BATERIA SELLADA 12V-120AH REF. FL121200GS"}}
{"row":21,"message":"Product imported successfully.","status":true,"status_msg":"Success","post_id":1235,"post_link":{"edit_url":"https:\/\/ecommerce.energy4cero.com\/wp-admin\/post.php?post=1235&amp;action=edit","title":"BATERIA SELLADA 12V-150AH REF. FL121500GS"}}
{"row":22,"message":"Product imported successfully.","status":true,"status_msg":"Success","post_id":1236,"post_link":{"edit_url":"https:\/\/ecommerce.energy4cero.com\/wp-admin\/post.php?post=1236&amp;action=edit","title":"BATERIA SELLADA 12V-200AH REF. FL122000GS"}}
{"row":23,"message":"Product imported successfully.","status":true,"status_msg":"Success","post_id":1237,"post_link":{"edit_url":"https:\/\/ecommerce.energy4cero.com\/wp-admin\/post.php?post=1237&amp;action=edit","title":"BATERIA SELLADA 2V-100AH REF. FL21000SL"}}
{"row":24,"message":"Product imported successfully.","status":true,"status_msg":"Success","post_id":1238,"post_link":{"edit_url":"https:\/\/ecommerce.energy4cero.com\/wp-admin\/post.php?post=1238&amp;action=edit","title":"BATERIA SELLADA 12V-100AH REF. FL121000FT"}}
{"row":25,"message":"Product imported successfully.","status":true,"status_msg":"Success","post_id":1239,"post_link":{"edit_url":"https:\/\/ecommerce.energy4cero.com\/wp-admin\/post.php?post=1239&amp;action=edit","title":"BATERIA GEL CICLO PROFUNDO -12v 100Ah REF. FLS121000 DC"}}
{"row":26,"message":"Product imported successfully.","status":true,"status_msg":"Success","post_id":1240,"post_link":{"edit_url":"https:\/\/ecommerce.energy4cero.com\/wp-admin\/post.php?post=1240&amp;action=edit","title":"BATERIA GEL CICLO PROFUNDO -12v 150Ah REF. FLS121500 DC"}}
{"row":27,"message":"Product imported successfully.","status":true,"status_msg":"Success","post_id":1241,"post_link":{"edit_url":"https:\/\/ecommerce.energy4cero.com\/wp-admin\/post.php?post=1241&amp;action=edit","title":"BATERIA GEL CICLO PROFUNDO -12v 200Ah REF. FLS122000 DC"}}
{"row":28,"message":"Product imported successfully.","status":true,"status_msg":"Success","post_id":1242,"post_link":{"edit_url":"https:\/\/ecommerce.energy4cero.com\/wp-admin\/post.php?post=1242&amp;action=edit","title":"BATERIA GEL CICLO PROFUNDO -12v 250Ah REF. FLS122500 DC"}}
{"row":29,"message":"Product imported successfully.","status":true,"status_msg":"Success","post_id":1243,"post_link":{"edit_url":"https:\/\/ecommerce.energy4cero.com\/wp-admin\/post.php?post=1243&amp;action=edit","title":"BATERIA ABIERTA 2V-200AH REF. OPzS 2v-200AH"}}
{"row":30,"message":"Product imported successfully.","status":true,"status_msg":"Success","post_id":1244,"post_link":{"edit_url":"https:\/\/ecommerce.energy4cero.com\/wp-admin\/post.php?post=1244&amp;action=edit","title":"BATERIA ABIERTA 2V-250AH REF. OPzS 2v-250AH"}}
{"row":31,"message":"Product imported successfully.","status":true,"status_msg":"Success","post_id":1245,"post_link":{"edit_url":"https:\/\/ecommerce.energy4cero.com\/wp-admin\/post.php?post=1245&amp;action=edit","title":"BATERIA ABIERTA 2V-350AH REF.OPzS 2v-350AH"}}
{"row":32,"message":"Product imported successfully.","status":true,"status_msg":"Success","post_id":1246,"post_link":{"edit_url":"https:\/\/ecommerce.energy4cero.com\/wp-admin\/post.php?post=1246&amp;action=edit","title":"BATERIA ABIERTA 12V-50AH REF. OPzS 12v-50AH"}}
{"row":33,"message":"Product imported successfully.","status":true,"status_msg":"Success","post_id":1247,"post_link":{"edit_url":"https:\/\/ecommerce.energy4cero.com\/wp-admin\/post.php?post=1247&amp;action=edit","title":"INVERSOR SOLAR ALL IN ONE 1KVA"}}
{"row":34,"message":"Product imported successfully.","status":true,"status_msg":"Success","post_id":1248,"post_link":{"edit_url":"https:\/\/ecommerce.energy4cero.com\/wp-admin\/post.php?post=1248&amp;action=edit","title":"INVERSOR SOLAR ALL IN ONE 3KVA ON-GRID"}}
{"row":35,"message":"Product imported successfully.","status":true,"status_msg":"Success","post_id":1249,"post_link":{"edit_url":"https:\/\/ecommerce.energy4cero.com\/wp-admin\/post.php?post=1249&amp;action=edit","title":"INVERSOR SOLAR ALL IN ONE 6KVA ON-GRID"}}
{"row":36,"message":"Product imported successfully.","status":true,"status_msg":"Success","post_id":1250,"post_link":{"edit_url":"https:\/\/ecommerce.energy4cero.com\/wp-admin\/post.php?post=1250&amp;action=edit","title":"INVERSOR SOLAR ALL IN ONE 12KVA ON-GRID FASE PARTIDA IP65"}}
{"row":37,"message":"Product imported successfully.","status":true,"status_msg":"Success","post_id":1251,"post_link":{"edit_url":"https:\/\/ecommerce.energy4cero.com\/wp-admin\/post.php?post=1251&amp;action=edit","title":"PANEL SOLAR MONO HC 550W REF. POWEST PANEL SOLAR MONO HC 550W"}}
{"row":38,"message":"Product imported successfully.","status":true,"status_msg":"Success","post_id":1252,"post_link":{"edit_url":"https:\/\/ecommerce.energy4cero.com\/wp-admin\/post.php?post=1252&amp;action=edit","title":"PANEL SOLAR MONO HC PERC 450W REF. POWEST PANEL SOLAR MONO HC PERC\u00a0450W"}}
{"row":39,"message":"Product imported successfully.","status":true,"status_msg":"Success","post_id":1253,"post_link":{"edit_url":"https:\/\/ecommerce.energy4cero.com\/wp-admin\/post.php?post=1253&amp;action=edit","title":"PANEL SOLAR MONO PERC 360W REF. POWEST PANEL SOLAR MONO PERC\u00a0360W"}}
{"row":40,"message":"Product imported successfully.","status":true,"status_msg":"Success","post_id":1254,"post_link":{"edit_url":"https:\/\/ecommerce.energy4cero.com\/wp-admin\/post.php?post=1254&amp;action=edit","title":"PANEL SOLAR MONO PERC 300W REF. POWEST PANEL SOLAR MONO PERC\u00a0300W"}}
{"row":41,"message":"Product imported successfully.","status":true,"status_msg":"Success","post_id":1255,"post_link":{"edit_url":"https:\/\/ecommerce.energy4cero.com\/wp-admin\/post.php?post=1255&amp;action=edit","title":"PANEL SOLAR MONO PERC 160W REF. POWEST PANEL SOLAR MONO PERC\u00a0160W"}}
{"row":42,"message":"Product imported successfully.","status":true,"status_msg":"Success","post_id":1256,"post_link":{"edit_url":"https:\/\/ecommerce.energy4cero.com\/wp-admin\/post.php?post=1256&amp;action=edit","title":"PANEL SOLAR MONO PERC 120W REF. POWEST PANEL SOLAR MONO PERC\u00a0120W"}}
{"row":43,"message":"Product imported successfully.","status":true,"status_msg":"Success","post_id":1257,"post_link":{"edit_url":"https:\/\/ecommerce.energy4cero.com\/wp-admin\/post.php?post=1257&amp;action=edit","title":"PANEL SOLAR 60W SET 2 UND REF. POWEST PANEL SOLAR 60W SET 2 UND"}}
{"row":44,"message":"Product imported successfully.","status":true,"status_msg":"Success","post_id":1258,"post_link":{"edit_url":"https:\/\/ecommerce.energy4cero.com\/wp-admin\/post.php?post=1258&amp;action=edit","title":"PANEL SOLAR 40W SET 2 UND REF. POWEST PANEL SOLAR 40W SET 2 UND"}}
{"row":45,"message":"Product imported successfully.","status":true,"status_msg":"Success","post_id":1259,"post_link":{"edit_url":"https:\/\/ecommerce.energy4cero.com\/wp-admin\/post.php?post=1259&amp;action=edit","title":"BATERIA SOLAR 12V-100AH REF. FLS121000"}}
{"row":46,"message":"Product imported successfully.","status":true,"status_msg":"Success","post_id":1260,"post_link":{"edit_url":"https:\/\/ecommerce.energy4cero.com\/wp-admin\/post.php?post=1260&amp;action=edit","title":"BATERIA SOLAR 12V-250AH REF. FLS122500"}}
{"row":47,"message":"SKU no v\u00e1lido o duplicado.","status":false,"status_msg":"Failed\/Skipped","post_id":"","post_link":{"title":"Sin t\u00edtulo","edit_url":false}}
{"row":48,"message":"SKU no v\u00e1lido o duplicado.","status":false,"status_msg":"Failed\/Skipped","post_id":"","post_link":{"title":"Sin t\u00edtulo","edit_url":false}}
{"row":49,"message":"SKU no v\u00e1lido o duplicado.","status":false,"status_msg":"Failed\/Skipped","post_id":"","post_link":{"title":"Sin t\u00edtulo","edit_url":false}}
{"row":50,"message":"SKU no v\u00e1lido o duplicado.","status":false,"status_msg":"Failed\/Skipped","post_id":"","post_link":{"title":"Sin t\u00edtulo","edit_url":false}}
{"row":51,"message":"Product imported successfully.","status":true,"status_msg":"Success","post_id":1265,"post_link":{"edit_url":"https:\/\/ecommerce.energy4cero.com\/wp-admin\/post.php?post=1265&amp;action=edit","title":"CONTROLADOR DE CARGADOR SOLAR 3KW"}}
