09-25-2024 @ 15:08:58 - ---[ New import started at 2024-09-25 20:08:58 ] PHP Memory: 1 GB, WP Memory: 40 MB
09-25-2024 @ 15:08:58 - Preparing for import.
09-25-2024 @ 15:08:58 - Row :1 - Parsing item.
09-25-2024 @ 15:08:58 - Importing as new product ID:654
09-25-2024 @ 15:08:58 - Row :1 - Processing item.
09-25-2024 @ 15:08:58 - Found simple product object. ID:654
09-25-2024 @ 15:08:58 - Row :1 - Product imported successfully.
09-25-2024 @ 15:08:58 - Row :2 - Parsing item.
09-25-2024 @ 15:08:58 - Importing as new product ID:655
09-25-2024 @ 15:08:58 - Row :2 - Processing item.
09-25-2024 @ 15:08:58 - Found simple product object. ID:655
09-25-2024 @ 15:08:58 - Row :2 - Product imported successfully.
09-25-2024 @ 15:08:58 - Row :3 - Parsing item.
09-25-2024 @ 15:08:58 - Importing as new product ID:656
09-25-2024 @ 15:08:58 - Row :3 - Processing item.
09-25-2024 @ 15:08:58 - Found simple product object. ID:656
09-25-2024 @ 15:08:58 - Row :3 - Product imported successfully.
09-25-2024 @ 15:08:58 - Row :4 - Parsing item.
09-25-2024 @ 15:08:58 - Importing as new product ID:657
09-25-2024 @ 15:08:58 - Row :4 - Processing item.
09-25-2024 @ 15:08:58 - Found simple product object. ID:657
09-25-2024 @ 15:08:59 - Row :4 - Product imported successfully.
09-25-2024 @ 15:08:59 - Row :5 - Parsing item.
09-25-2024 @ 15:08:59 - Importing as new product ID:658
09-25-2024 @ 15:08:59 - Row :5 - Processing item.
09-25-2024 @ 15:08:59 - Found simple product object. ID:658
09-25-2024 @ 15:08:59 - Row :5 - Product imported successfully.
09-25-2024 @ 15:08:59 - Row :6 - Parsing item.
09-25-2024 @ 15:08:59 - Importing as new product ID:659
09-25-2024 @ 15:08:59 - Row :6 - Processing item.
09-25-2024 @ 15:08:59 - Found simple product object. ID:659
09-25-2024 @ 15:08:59 - Row :6 - Product imported successfully.
09-25-2024 @ 15:08:59 - Row :7 - Parsing item.
09-25-2024 @ 15:08:59 - Importing as new product ID:660
09-25-2024 @ 15:08:59 - Row :7 - Processing item.
09-25-2024 @ 15:08:59 - Found simple product object. ID:660
09-25-2024 @ 15:08:59 - Row :7 - Product imported successfully.
09-25-2024 @ 15:08:59 - Row :8 - Parsing item.
09-25-2024 @ 15:08:59 - Importing as new product ID:661
09-25-2024 @ 15:08:59 - Row :8 - Processing item.
09-25-2024 @ 15:08:59 - Found simple product object. ID:661
09-25-2024 @ 15:08:59 - Row :8 - Product imported successfully.
09-25-2024 @ 15:08:59 - Row :9 - Parsing item.
09-25-2024 @ 15:08:59 - Importing as new product ID:662
09-25-2024 @ 15:08:59 - Row :9 - Processing item.
09-25-2024 @ 15:08:59 - Found simple product object. ID:662
09-25-2024 @ 15:08:59 - Row :9 - Product imported successfully.
09-25-2024 @ 15:08:59 - Row :10 - Parsing item.
09-25-2024 @ 15:08:59 - Importing as new product ID:663
09-25-2024 @ 15:08:59 - Row :10 - Processing item.
09-25-2024 @ 15:08:59 - Found simple product object. ID:663
09-25-2024 @ 15:08:59 - Row :10 - Product imported successfully.
09-25-2024 @ 15:08:59 - Preparing for import.
09-25-2024 @ 15:08:59 - Row :11 - Parsing item.
09-25-2024 @ 15:08:59 - Importing as new product ID:664
09-25-2024 @ 15:08:59 - Row :11 - Processing item.
09-25-2024 @ 15:08:59 - Found simple product object. ID:664
09-25-2024 @ 15:08:59 - Row :11 - Product imported successfully.
09-25-2024 @ 15:08:59 - Row :12 - Parsing item.
09-25-2024 @ 15:08:59 - Importing as new product ID:665
09-25-2024 @ 15:08:59 - Row :12 - Processing item.
09-25-2024 @ 15:08:59 - Found simple product object. ID:665
09-25-2024 @ 15:08:59 - Row :12 - Product imported successfully.
09-25-2024 @ 15:08:59 - Row :13 - Parsing item.
09-25-2024 @ 15:08:59 - Importing as new product ID:666
09-25-2024 @ 15:08:59 - Row :13 - Processing item.
09-25-2024 @ 15:08:59 - Found simple product object. ID:666
09-25-2024 @ 15:08:59 - Row :13 - Product imported successfully.
09-25-2024 @ 15:08:59 - Row :14 - Parsing item.
09-25-2024 @ 15:08:59 - Importing as new product ID:667
09-25-2024 @ 15:08:59 - Row :14 - Processing item.
09-25-2024 @ 15:08:59 - Found simple product object. ID:667
09-25-2024 @ 15:08:59 - Row :14 - Product imported successfully.
09-25-2024 @ 15:08:59 - Row :15 - Parsing item.
09-25-2024 @ 15:08:59 - Importing as new product ID:668
09-25-2024 @ 15:08:59 - Row :15 - Processing item.
09-25-2024 @ 15:08:59 - Found simple product object. ID:668
09-25-2024 @ 15:08:59 - Row :15 - Product imported successfully.
09-25-2024 @ 15:08:59 - Row :16 - Parsing item.
09-25-2024 @ 15:08:59 - Importing as new product ID:669
09-25-2024 @ 15:08:59 - Row :16 - Processing item.
09-25-2024 @ 15:08:59 - Found simple product object. ID:669
09-25-2024 @ 15:08:59 - Row :16 - Product imported successfully.
09-25-2024 @ 15:08:59 - Row :17 - Parsing item.
09-25-2024 @ 15:08:59 - Importing as new product ID:670
09-25-2024 @ 15:08:59 - Row :17 - Processing item.
09-25-2024 @ 15:08:59 - Found simple product object. ID:670
09-25-2024 @ 15:08:59 - Row :17 - Product imported successfully.
09-25-2024 @ 15:08:59 - Row :18 - Parsing item.
09-25-2024 @ 15:08:59 - Importing as new product ID:671
09-25-2024 @ 15:08:59 - Row :18 - Processing item.
09-25-2024 @ 15:08:59 - Found simple product object. ID:671
09-25-2024 @ 15:08:59 - Row :18 - Product imported successfully.
09-25-2024 @ 15:08:59 - Row :19 - Parsing item.
09-25-2024 @ 15:08:59 - Importing as new product ID:672
09-25-2024 @ 15:08:59 - Row :19 - Processing item.
09-25-2024 @ 15:08:59 - Found simple product object. ID:672
09-25-2024 @ 15:09:00 - Row :19 - Product imported successfully.
09-25-2024 @ 15:09:00 - Row :20 - Parsing item.
09-25-2024 @ 15:09:00 - Importing as new product ID:673
09-25-2024 @ 15:09:00 - Row :20 - Processing item.
09-25-2024 @ 15:09:00 - Found simple product object. ID:673
09-25-2024 @ 15:09:00 - Row :20 - Product imported successfully.
09-25-2024 @ 15:09:00 - ---[ Import ended at 2024-09-25 20:09:00]---
