07-09-2025 @ 15:22:42 - ---[ New import started at 2025-07-09 20:22:42 ] PHP Memory: 1 GB, WP Memory: 40 MB
07-09-2025 @ 15:22:42 - Preparing for import.
07-09-2025 @ 15:22:42 - Row :1 - Parsing item.
07-09-2025 @ 15:22:43 - Importing as new product ID:1215
07-09-2025 @ 15:22:43 - Row :1 - Processing item.
07-09-2025 @ 15:22:43 - Found simple product object. ID:1215
07-09-2025 @ 15:22:43 - Row :1 - Product imported successfully.
07-09-2025 @ 15:22:43 - Row :2 - Parsing item.
07-09-2025 @ 15:22:43 - Importing as new product ID:1216
07-09-2025 @ 15:22:43 - Row :2 - Processing item.
07-09-2025 @ 15:22:43 - Found simple product object. ID:1216
07-09-2025 @ 15:22:43 - Row :2 - Product imported successfully.
07-09-2025 @ 15:22:43 - Row :3 - Parsing item.
07-09-2025 @ 15:22:43 - Importing as new product ID:1217
07-09-2025 @ 15:22:43 - Row :3 - Processing item.
07-09-2025 @ 15:22:43 - Found simple product object. ID:1217
07-09-2025 @ 15:22:43 - Row :3 - Product imported successfully.
07-09-2025 @ 15:22:43 - Row :4 - Parsing item.
07-09-2025 @ 15:22:43 - Importing as new product ID:1218
07-09-2025 @ 15:22:43 - Row :4 - Processing item.
07-09-2025 @ 15:22:43 - Found simple product object. ID:1218
07-09-2025 @ 15:22:43 - Row :4 - Product imported successfully.
07-09-2025 @ 15:22:43 - Row :5 - Parsing item.
07-09-2025 @ 15:22:43 - Importing as new product ID:1219
07-09-2025 @ 15:22:43 - Row :5 - Processing item.
07-09-2025 @ 15:22:43 - Found simple product object. ID:1219
07-09-2025 @ 15:22:43 - Row :5 - Product imported successfully.
07-09-2025 @ 15:22:43 - Row :6 - Parsing item.
07-09-2025 @ 15:22:43 - Importing as new product ID:1220
07-09-2025 @ 15:22:43 - Row :6 - Processing item.
07-09-2025 @ 15:22:43 - Found simple product object. ID:1220
07-09-2025 @ 15:22:43 - Row :6 - Product imported successfully.
07-09-2025 @ 15:22:43 - Row :7 - Parsing item.
07-09-2025 @ 15:22:43 - Importing as new product ID:1221
07-09-2025 @ 15:22:43 - Row :7 - Processing item.
07-09-2025 @ 15:22:43 - Found simple product object. ID:1221
07-09-2025 @ 15:22:43 - Row :7 - Product imported successfully.
07-09-2025 @ 15:22:43 - Row :8 - Parsing item.
07-09-2025 @ 15:22:43 - Importing as new product ID:1222
07-09-2025 @ 15:22:43 - Row :8 - Processing item.
07-09-2025 @ 15:22:43 - Found simple product object. ID:1222
07-09-2025 @ 15:22:43 - Row :8 - Product imported successfully.
07-09-2025 @ 15:22:43 - Row :9 - Parsing item.
07-09-2025 @ 15:22:43 - Importing as new product ID:1223
07-09-2025 @ 15:22:43 - Row :9 - Processing item.
07-09-2025 @ 15:22:43 - Found simple product object. ID:1223
07-09-2025 @ 15:22:43 - Row :9 - Product imported successfully.
07-09-2025 @ 15:22:43 - Row :10 - Parsing item.
07-09-2025 @ 15:22:43 - Importing as new product ID:1224
07-09-2025 @ 15:22:43 - Row :10 - Processing item.
07-09-2025 @ 15:22:43 - Found simple product object. ID:1224
07-09-2025 @ 15:22:43 - Row :10 - Product imported successfully.
07-09-2025 @ 15:22:44 - Preparing for import.
07-09-2025 @ 15:22:44 - Row :11 - Parsing item.
07-09-2025 @ 15:22:44 - Importing as new product ID:1225
07-09-2025 @ 15:22:44 - Row :11 - Processing item.
07-09-2025 @ 15:22:44 - Found simple product object. ID:1225
07-09-2025 @ 15:22:44 - Row :11 - Product imported successfully.
07-09-2025 @ 15:22:44 - Row :12 - Parsing item.
07-09-2025 @ 15:22:44 - Importing as new product ID:1226
07-09-2025 @ 15:22:44 - Row :12 - Processing item.
07-09-2025 @ 15:22:44 - Found simple product object. ID:1226
07-09-2025 @ 15:22:44 - Row :12 - Product imported successfully.
07-09-2025 @ 15:22:44 - Row :13 - Parsing item.
07-09-2025 @ 15:22:44 - Importing as new product ID:1227
07-09-2025 @ 15:22:44 - Row :13 - Processing item.
07-09-2025 @ 15:22:44 - Found simple product object. ID:1227
07-09-2025 @ 15:22:44 - Row :13 - Product imported successfully.
07-09-2025 @ 15:22:44 - Row :14 - Parsing item.
07-09-2025 @ 15:22:44 - Importing as new product ID:1228
07-09-2025 @ 15:22:44 - Row :14 - Processing item.
07-09-2025 @ 15:22:44 - Found simple product object. ID:1228
07-09-2025 @ 15:22:44 - Row :14 - Product imported successfully.
07-09-2025 @ 15:22:44 - Row :15 - Parsing item.
07-09-2025 @ 15:22:44 - Importing as new product ID:1229
07-09-2025 @ 15:22:44 - Row :15 - Processing item.
07-09-2025 @ 15:22:44 - Found simple product object. ID:1229
07-09-2025 @ 15:22:44 - Row :15 - Product imported successfully.
07-09-2025 @ 15:22:44 - Row :16 - Parsing item.
07-09-2025 @ 15:22:44 - Importing as new product ID:1230
07-09-2025 @ 15:22:44 - Row :16 - Processing item.
07-09-2025 @ 15:22:44 - Found simple product object. ID:1230
07-09-2025 @ 15:22:44 - Row :16 - Product imported successfully.
07-09-2025 @ 15:22:44 - Row :17 - Parsing item.
07-09-2025 @ 15:22:44 - Importing as new product ID:1231
07-09-2025 @ 15:22:44 - Row :17 - Processing item.
07-09-2025 @ 15:22:44 - Found simple product object. ID:1231
07-09-2025 @ 15:22:44 - Row :17 - Product imported successfully.
07-09-2025 @ 15:22:44 - Row :18 - Parsing item.
07-09-2025 @ 15:22:44 - Importing as new product ID:1232
07-09-2025 @ 15:22:44 - Row :18 - Processing item.
07-09-2025 @ 15:22:44 - Found simple product object. ID:1232
07-09-2025 @ 15:22:44 - Row :18 - Product imported successfully.
07-09-2025 @ 15:22:44 - Row :19 - Parsing item.
07-09-2025 @ 15:22:44 - Importing as new product ID:1233
07-09-2025 @ 15:22:44 - Row :19 - Processing item.
07-09-2025 @ 15:22:44 - Found simple product object. ID:1233
07-09-2025 @ 15:22:44 - Row :19 - Product imported successfully.
07-09-2025 @ 15:22:44 - Row :20 - Parsing item.
07-09-2025 @ 15:22:44 - Importing as new product ID:1234
07-09-2025 @ 15:22:44 - Row :20 - Processing item.
07-09-2025 @ 15:22:44 - Found simple product object. ID:1234
07-09-2025 @ 15:22:44 - Row :20 - Product imported successfully.
07-09-2025 @ 15:22:45 - Preparing for import.
07-09-2025 @ 15:22:45 - Row :21 - Parsing item.
07-09-2025 @ 15:22:45 - Importing as new product ID:1235
07-09-2025 @ 15:22:45 - Row :21 - Processing item.
07-09-2025 @ 15:22:45 - Found simple product object. ID:1235
07-09-2025 @ 15:22:45 - Row :21 - Product imported successfully.
07-09-2025 @ 15:22:45 - Row :22 - Parsing item.
07-09-2025 @ 15:22:45 - Importing as new product ID:1236
07-09-2025 @ 15:22:45 - Row :22 - Processing item.
07-09-2025 @ 15:22:45 - Found simple product object. ID:1236
07-09-2025 @ 15:22:45 - Row :22 - Product imported successfully.
07-09-2025 @ 15:22:45 - Row :23 - Parsing item.
07-09-2025 @ 15:22:45 - Importing as new product ID:1237
07-09-2025 @ 15:22:45 - Row :23 - Processing item.
07-09-2025 @ 15:22:45 - Found simple product object. ID:1237
07-09-2025 @ 15:22:45 - Row :23 - Product imported successfully.
07-09-2025 @ 15:22:45 - Row :24 - Parsing item.
07-09-2025 @ 15:22:45 - Importing as new product ID:1238
07-09-2025 @ 15:22:45 - Row :24 - Processing item.
07-09-2025 @ 15:22:45 - Found simple product object. ID:1238
07-09-2025 @ 15:22:45 - Row :24 - Product imported successfully.
07-09-2025 @ 15:22:45 - Row :25 - Parsing item.
07-09-2025 @ 15:22:45 - Importing as new product ID:1239
07-09-2025 @ 15:22:45 - Row :25 - Processing item.
07-09-2025 @ 15:22:45 - Found simple product object. ID:1239
07-09-2025 @ 15:22:45 - Row :25 - Product imported successfully.
07-09-2025 @ 15:22:45 - Row :26 - Parsing item.
07-09-2025 @ 15:22:45 - Importing as new product ID:1240
07-09-2025 @ 15:22:45 - Row :26 - Processing item.
07-09-2025 @ 15:22:45 - Found simple product object. ID:1240
07-09-2025 @ 15:22:45 - Row :26 - Product imported successfully.
07-09-2025 @ 15:22:45 - Row :27 - Parsing item.
07-09-2025 @ 15:22:45 - Importing as new product ID:1241
07-09-2025 @ 15:22:45 - Row :27 - Processing item.
07-09-2025 @ 15:22:45 - Found simple product object. ID:1241
07-09-2025 @ 15:22:45 - Row :27 - Product imported successfully.
07-09-2025 @ 15:22:45 - Row :28 - Parsing item.
07-09-2025 @ 15:22:45 - Importing as new product ID:1242
07-09-2025 @ 15:22:45 - Row :28 - Processing item.
07-09-2025 @ 15:22:45 - Found simple product object. ID:1242
07-09-2025 @ 15:22:45 - Row :28 - Product imported successfully.
07-09-2025 @ 15:22:45 - Row :29 - Parsing item.
07-09-2025 @ 15:22:45 - Importing as new product ID:1243
07-09-2025 @ 15:22:45 - Row :29 - Processing item.
07-09-2025 @ 15:22:45 - Found simple product object. ID:1243
07-09-2025 @ 15:22:45 - Row :29 - Product imported successfully.
07-09-2025 @ 15:22:45 - Row :30 - Parsing item.
07-09-2025 @ 15:22:45 - Importing as new product ID:1244
07-09-2025 @ 15:22:45 - Row :30 - Processing item.
07-09-2025 @ 15:22:45 - Found simple product object. ID:1244
07-09-2025 @ 15:22:45 - Row :30 - Product imported successfully.
07-09-2025 @ 15:22:46 - Preparing for import.
07-09-2025 @ 15:22:46 - Row :31 - Parsing item.
07-09-2025 @ 15:22:46 - Importing as new product ID:1245
07-09-2025 @ 15:22:46 - Row :31 - Processing item.
07-09-2025 @ 15:22:46 - Found simple product object. ID:1245
07-09-2025 @ 15:22:46 - Row :31 - Product imported successfully.
07-09-2025 @ 15:22:46 - Row :32 - Parsing item.
07-09-2025 @ 15:22:46 - Importing as new product ID:1246
07-09-2025 @ 15:22:46 - Row :32 - Processing item.
07-09-2025 @ 15:22:46 - Found simple product object. ID:1246
07-09-2025 @ 15:22:46 - Row :32 - Product imported successfully.
07-09-2025 @ 15:22:46 - Row :33 - Parsing item.
07-09-2025 @ 15:22:46 - Importing as new product ID:1247
07-09-2025 @ 15:22:46 - Row :33 - Processing item.
07-09-2025 @ 15:22:46 - Found simple product object. ID:1247
07-09-2025 @ 15:22:46 - Row :33 - Product imported successfully.
07-09-2025 @ 15:22:46 - Row :34 - Parsing item.
07-09-2025 @ 15:22:46 - Importing as new product ID:1248
07-09-2025 @ 15:22:46 - Row :34 - Processing item.
07-09-2025 @ 15:22:46 - Found simple product object. ID:1248
07-09-2025 @ 15:22:46 - Row :34 - Product imported successfully.
07-09-2025 @ 15:22:46 - Row :35 - Parsing item.
07-09-2025 @ 15:22:46 - Importing as new product ID:1249
07-09-2025 @ 15:22:46 - Row :35 - Processing item.
07-09-2025 @ 15:22:46 - Found simple product object. ID:1249
07-09-2025 @ 15:22:46 - Row :35 - Product imported successfully.
07-09-2025 @ 15:22:46 - Row :36 - Parsing item.
07-09-2025 @ 15:22:46 - Importing as new product ID:1250
07-09-2025 @ 15:22:46 - Row :36 - Processing item.
07-09-2025 @ 15:22:46 - Found simple product object. ID:1250
07-09-2025 @ 15:22:46 - Row :36 - Product imported successfully.
07-09-2025 @ 15:22:46 - Row :37 - Parsing item.
07-09-2025 @ 15:22:46 - Importing as new product ID:1251
07-09-2025 @ 15:22:46 - Row :37 - Processing item.
07-09-2025 @ 15:22:46 - Found simple product object. ID:1251
07-09-2025 @ 15:22:46 - Row :37 - Product imported successfully.
07-09-2025 @ 15:22:46 - Row :38 - Parsing item.
07-09-2025 @ 15:22:46 - Importing as new product ID:1252
07-09-2025 @ 15:22:46 - Row :38 - Processing item.
07-09-2025 @ 15:22:46 - Found simple product object. ID:1252
07-09-2025 @ 15:22:46 - Row :38 - Product imported successfully.
07-09-2025 @ 15:22:46 - Row :39 - Parsing item.
07-09-2025 @ 15:22:46 - Importing as new product ID:1253
07-09-2025 @ 15:22:46 - Row :39 - Processing item.
07-09-2025 @ 15:22:46 - Found simple product object. ID:1253
07-09-2025 @ 15:22:46 - Row :39 - Product imported successfully.
07-09-2025 @ 15:22:46 - Row :40 - Parsing item.
07-09-2025 @ 15:22:46 - Importing as new product ID:1254
07-09-2025 @ 15:22:46 - Row :40 - Processing item.
07-09-2025 @ 15:22:46 - Found simple product object. ID:1254
07-09-2025 @ 15:22:46 - Row :40 - Product imported successfully.
07-09-2025 @ 15:22:47 - Preparing for import.
07-09-2025 @ 15:22:47 - Row :41 - Parsing item.
07-09-2025 @ 15:22:47 - Importing as new product ID:1255
07-09-2025 @ 15:22:47 - Row :41 - Processing item.
07-09-2025 @ 15:22:47 - Found simple product object. ID:1255
07-09-2025 @ 15:22:47 - Row :41 - Product imported successfully.
07-09-2025 @ 15:22:47 - Row :42 - Parsing item.
07-09-2025 @ 15:22:47 - Importing as new product ID:1256
07-09-2025 @ 15:22:47 - Row :42 - Processing item.
07-09-2025 @ 15:22:47 - Found simple product object. ID:1256
07-09-2025 @ 15:22:47 - Row :42 - Product imported successfully.
07-09-2025 @ 15:22:47 - Row :43 - Parsing item.
07-09-2025 @ 15:22:47 - Importing as new product ID:1257
07-09-2025 @ 15:22:47 - Row :43 - Processing item.
07-09-2025 @ 15:22:47 - Found simple product object. ID:1257
07-09-2025 @ 15:22:47 - Row :43 - Product imported successfully.
07-09-2025 @ 15:22:47 - Row :44 - Parsing item.
07-09-2025 @ 15:22:47 - Importing as new product ID:1258
07-09-2025 @ 15:22:47 - Row :44 - Processing item.
07-09-2025 @ 15:22:47 - Found simple product object. ID:1258
07-09-2025 @ 15:22:47 - Row :44 - Product imported successfully.
07-09-2025 @ 15:22:47 - Row :45 - Parsing item.
07-09-2025 @ 15:22:47 - Importing as new product ID:1259
07-09-2025 @ 15:22:47 - Row :45 - Processing item.
07-09-2025 @ 15:22:47 - Found simple product object. ID:1259
07-09-2025 @ 15:22:47 - Row :45 - Product imported successfully.
07-09-2025 @ 15:22:47 - Row :46 - Parsing item.
07-09-2025 @ 15:22:47 - Importing as new product ID:1260
07-09-2025 @ 15:22:47 - Row :46 - Processing item.
07-09-2025 @ 15:22:47 - Found simple product object. ID:1260
07-09-2025 @ 15:22:47 - Row :46 - Product imported successfully.
07-09-2025 @ 15:22:47 - Row :47 - Parsing item.
07-09-2025 @ 15:22:47 - Importing as new product ID:1261
07-09-2025 @ 15:22:47 - Row :47 - Processing item.
07-09-2025 @ 15:22:47 - Found simple product object. ID:1261
07-09-2025 @ 15:22:47 - Row :47 - Processing failed. Reason: SKU no v치lido o duplicado.
07-09-2025 @ 15:22:47 - Row :48 - Parsing item.
07-09-2025 @ 15:22:47 - Importing as new product ID:1262
07-09-2025 @ 15:22:47 - Row :48 - Processing item.
07-09-2025 @ 15:22:47 - Found simple product object. ID:1262
07-09-2025 @ 15:22:47 - Row :48 - Processing failed. Reason: SKU no v치lido o duplicado.
07-09-2025 @ 15:22:47 - Row :49 - Parsing item.
07-09-2025 @ 15:22:47 - Importing as new product ID:1263
07-09-2025 @ 15:22:47 - Row :49 - Processing item.
07-09-2025 @ 15:22:47 - Found simple product object. ID:1263
07-09-2025 @ 15:22:47 - Row :49 - Processing failed. Reason: SKU no v치lido o duplicado.
07-09-2025 @ 15:22:47 - Row :50 - Parsing item.
07-09-2025 @ 15:22:47 - Importing as new product ID:1264
07-09-2025 @ 15:22:47 - Row :50 - Processing item.
07-09-2025 @ 15:22:47 - Found simple product object. ID:1264
07-09-2025 @ 15:22:47 - Row :50 - Processing failed. Reason: SKU no v치lido o duplicado.
07-09-2025 @ 15:22:48 - Preparing for import.
07-09-2025 @ 15:22:48 - Row :51 - Parsing item.
07-09-2025 @ 15:22:48 - Importing as new product ID:1265
07-09-2025 @ 15:22:48 - Row :51 - Processing item.
07-09-2025 @ 15:22:48 - Found simple product object. ID:1265
07-09-2025 @ 15:22:48 - Row :51 - Product imported successfully.
07-09-2025 @ 15:22:48 - ---[ Import ended at 2025-07-09 20:22:48]---
