07-10-2025 @ 09:58:33 - ---[ New import started at 2025-07-10 14:58:33 ] PHP Memory: 1 GB, WP Memory: 40 MB
07-10-2025 @ 09:58:33 - Preparing for import.
07-10-2025 @ 09:58:33 - Row :1 - Parsing item.
07-10-2025 @ 09:58:33 - Importing as new product ID:1266
07-10-2025 @ 09:58:33 - Row :1 - Processing item.
07-10-2025 @ 09:58:33 - Found simple product object. ID:1266
07-10-2025 @ 09:58:33 - Row :1 - Processing failed. Reason: SKU no válido o duplicado.
07-10-2025 @ 09:58:33 - Row :2 - Parsing item.
07-10-2025 @ 09:58:33 - Importing as new product ID:1267
07-10-2025 @ 09:58:33 - Row :2 - Processing item.
07-10-2025 @ 09:58:33 - Found simple product object. ID:1267
07-10-2025 @ 09:58:33 - Row :2 - Processing failed. Reason: SKU no válido o duplicado.
07-10-2025 @ 09:58:33 - Row :3 - Parsing item.
07-10-2025 @ 09:58:33 - Importing as new product ID:1268
07-10-2025 @ 09:58:33 - Row :3 - Processing item.
07-10-2025 @ 09:58:33 - Found simple product object. ID:1268
07-10-2025 @ 09:58:33 - Row :3 - Processing failed. Reason: SKU no válido o duplicado.
07-10-2025 @ 09:58:33 - Row :4 - Parsing item.
07-10-2025 @ 09:58:33 - Importing as new product ID:1269
07-10-2025 @ 09:58:33 - Row :4 - Processing item.
07-10-2025 @ 09:58:33 - Found simple product object. ID:1269
07-10-2025 @ 09:58:33 - Row :4 - Processing failed. Reason: SKU no válido o duplicado.
07-10-2025 @ 09:58:33 - Row :5 - Parsing item.
07-10-2025 @ 09:58:33 - Importing as new product ID:1270
07-10-2025 @ 09:58:33 - Row :5 - Processing item.
07-10-2025 @ 09:58:33 - Found simple product object. ID:1270
07-10-2025 @ 09:58:33 - Row :5 - Processing failed. Reason: SKU no válido o duplicado.
07-10-2025 @ 09:58:33 - Row :6 - Parsing item.
07-10-2025 @ 09:58:33 - Importing as new product ID:1271
07-10-2025 @ 09:58:33 - Row :6 - Processing item.
07-10-2025 @ 09:58:33 - Found simple product object. ID:1271
07-10-2025 @ 09:58:33 - Row :6 - Processing failed. Reason: SKU no válido o duplicado.
07-10-2025 @ 09:58:33 - Row :7 - Parsing item.
07-10-2025 @ 09:58:33 - Importing as new product ID:1272
07-10-2025 @ 09:58:33 - Row :7 - Processing item.
07-10-2025 @ 09:58:33 - Found simple product object. ID:1272
07-10-2025 @ 09:58:33 - Row :7 - Processing failed. Reason: SKU no válido o duplicado.
07-10-2025 @ 09:58:33 - Row :8 - Parsing item.
07-10-2025 @ 09:58:33 - Importing as new product ID:1273
07-10-2025 @ 09:58:33 - Row :8 - Processing item.
07-10-2025 @ 09:58:33 - Found simple product object. ID:1273
07-10-2025 @ 09:58:33 - Row :8 - Processing failed. Reason: SKU no válido o duplicado.
07-10-2025 @ 09:58:33 - Row :9 - Parsing item.
07-10-2025 @ 09:58:33 - Importing as new product ID:1274
07-10-2025 @ 09:58:33 - Row :9 - Processing item.
07-10-2025 @ 09:58:33 - Found simple product object. ID:1274
07-10-2025 @ 09:58:33 - Row :9 - Processing failed. Reason: SKU no válido o duplicado.
07-10-2025 @ 09:58:33 - Row :10 - Parsing item.
07-10-2025 @ 09:58:33 - Importing as new product ID:1275
07-10-2025 @ 09:58:33 - Row :10 - Processing item.
07-10-2025 @ 09:58:33 - Found simple product object. ID:1275
07-10-2025 @ 09:58:33 - Row :10 - Processing failed. Reason: SKU no válido o duplicado.
07-10-2025 @ 09:58:34 - Preparing for import.
07-10-2025 @ 09:58:34 - Row :11 - Parsing item.
07-10-2025 @ 09:58:34 - Importing as new product ID:1276
07-10-2025 @ 09:58:34 - Row :11 - Processing item.
07-10-2025 @ 09:58:34 - Found simple product object. ID:1276
07-10-2025 @ 09:58:34 - Row :11 - Processing failed. Reason: SKU no válido o duplicado.
07-10-2025 @ 09:58:34 - Row :12 - Parsing item.
07-10-2025 @ 09:58:34 - Importing as new product ID:1277
07-10-2025 @ 09:58:34 - Row :12 - Processing item.
07-10-2025 @ 09:58:34 - Found simple product object. ID:1277
07-10-2025 @ 09:58:34 - Row :12 - Processing failed. Reason: SKU no válido o duplicado.
07-10-2025 @ 09:58:34 - Row :13 - Parsing item.
07-10-2025 @ 09:58:34 - Importing as new product ID:1278
07-10-2025 @ 09:58:34 - Row :13 - Processing item.
07-10-2025 @ 09:58:34 - Found simple product object. ID:1278
07-10-2025 @ 09:58:34 - Row :13 - Processing failed. Reason: SKU no válido o duplicado.
07-10-2025 @ 09:58:34 - Row :14 - Parsing item.
07-10-2025 @ 09:58:34 - Importing as new product ID:1279
07-10-2025 @ 09:58:34 - Row :14 - Processing item.
07-10-2025 @ 09:58:34 - Found simple product object. ID:1279
07-10-2025 @ 09:58:34 - Row :14 - Processing failed. Reason: SKU no válido o duplicado.
07-10-2025 @ 09:58:34 - Row :15 - Parsing item.
07-10-2025 @ 09:58:34 - Importing as new product ID:1280
07-10-2025 @ 09:58:34 - Row :15 - Processing item.
07-10-2025 @ 09:58:34 - Found simple product object. ID:1280
07-10-2025 @ 09:58:34 - Row :15 - Processing failed. Reason: SKU no válido o duplicado.
07-10-2025 @ 09:58:34 - Row :16 - Parsing item.
07-10-2025 @ 09:58:34 - Importing as new product ID:1281
07-10-2025 @ 09:58:34 - Row :16 - Processing item.
07-10-2025 @ 09:58:34 - Found simple product object. ID:1281
07-10-2025 @ 09:58:34 - Row :16 - Processing failed. Reason: SKU no válido o duplicado.
07-10-2025 @ 09:58:34 - Row :17 - Parsing item.
07-10-2025 @ 09:58:34 - Importing as new product ID:1282
07-10-2025 @ 09:58:34 - Row :17 - Processing item.
07-10-2025 @ 09:58:34 - Found simple product object. ID:1282
07-10-2025 @ 09:58:34 - Row :17 - Processing failed. Reason: SKU no válido o duplicado.
07-10-2025 @ 09:58:34 - Row :18 - Parsing item.
07-10-2025 @ 09:58:34 - Importing as new product ID:1283
07-10-2025 @ 09:58:34 - Row :18 - Processing item.
07-10-2025 @ 09:58:34 - Found simple product object. ID:1283
07-10-2025 @ 09:58:34 - Row :18 - Processing failed. Reason: SKU no válido o duplicado.
07-10-2025 @ 09:58:34 - Row :19 - Parsing item.
07-10-2025 @ 09:58:34 - Importing as new product ID:1284
07-10-2025 @ 09:58:34 - Row :19 - Processing item.
07-10-2025 @ 09:58:34 - Found simple product object. ID:1284
07-10-2025 @ 09:58:34 - Row :19 - Processing failed. Reason: SKU no válido o duplicado.
07-10-2025 @ 09:58:34 - Row :20 - Parsing item.
07-10-2025 @ 09:58:34 - Importing as new product ID:1285
07-10-2025 @ 09:58:34 - Row :20 - Processing item.
07-10-2025 @ 09:58:34 - Found simple product object. ID:1285
07-10-2025 @ 09:58:34 - Row :20 - Processing failed. Reason: SKU no válido o duplicado.
07-10-2025 @ 09:58:35 - Preparing for import.
07-10-2025 @ 09:58:35 - Row :21 - Parsing item.
07-10-2025 @ 09:58:35 - Importing as new product ID:1286
07-10-2025 @ 09:58:35 - Row :21 - Processing item.
07-10-2025 @ 09:58:35 - Found simple product object. ID:1286
07-10-2025 @ 09:58:35 - Row :21 - Processing failed. Reason: SKU no válido o duplicado.
07-10-2025 @ 09:58:35 - Row :22 - Parsing item.
07-10-2025 @ 09:58:35 - Importing as new product ID:1287
07-10-2025 @ 09:58:35 - Row :22 - Processing item.
07-10-2025 @ 09:58:35 - Found simple product object. ID:1287
07-10-2025 @ 09:58:35 - Row :22 - Processing failed. Reason: SKU no válido o duplicado.
07-10-2025 @ 09:58:35 - Row :23 - Parsing item.
07-10-2025 @ 09:58:35 - Importing as new product ID:1288
07-10-2025 @ 09:58:35 - Row :23 - Processing item.
07-10-2025 @ 09:58:35 - Found simple product object. ID:1288
07-10-2025 @ 09:58:35 - Row :23 - Processing failed. Reason: SKU no válido o duplicado.
07-10-2025 @ 09:58:35 - Row :24 - Parsing item.
07-10-2025 @ 09:58:35 - Importing as new product ID:1289
07-10-2025 @ 09:58:35 - Row :24 - Processing item.
07-10-2025 @ 09:58:35 - Found simple product object. ID:1289
07-10-2025 @ 09:58:35 - Row :24 - Processing failed. Reason: SKU no válido o duplicado.
07-10-2025 @ 09:58:35 - Row :25 - Parsing item.
07-10-2025 @ 09:58:35 - Importing as new product ID:1290
07-10-2025 @ 09:58:35 - Row :25 - Processing item.
07-10-2025 @ 09:58:35 - Found simple product object. ID:1290
07-10-2025 @ 09:58:35 - Row :25 - Processing failed. Reason: SKU no válido o duplicado.
07-10-2025 @ 09:58:35 - Row :26 - Parsing item.
07-10-2025 @ 09:58:35 - Importing as new product ID:1291
07-10-2025 @ 09:58:35 - Row :26 - Processing item.
07-10-2025 @ 09:58:35 - Found simple product object. ID:1291
07-10-2025 @ 09:58:35 - Row :26 - Processing failed. Reason: SKU no válido o duplicado.
07-10-2025 @ 09:58:35 - Row :27 - Parsing item.
07-10-2025 @ 09:58:35 - Importing as new product ID:1292
07-10-2025 @ 09:58:35 - Row :27 - Processing item.
07-10-2025 @ 09:58:35 - Found simple product object. ID:1292
07-10-2025 @ 09:58:35 - Row :27 - Processing failed. Reason: SKU no válido o duplicado.
07-10-2025 @ 09:58:35 - Row :28 - Parsing item.
07-10-2025 @ 09:58:35 - Importing as new product ID:1293
07-10-2025 @ 09:58:35 - Row :28 - Processing item.
07-10-2025 @ 09:58:35 - Found simple product object. ID:1293
07-10-2025 @ 09:58:35 - Row :28 - Processing failed. Reason: SKU no válido o duplicado.
07-10-2025 @ 09:58:35 - Row :29 - Parsing item.
07-10-2025 @ 09:58:35 - Importing as new product ID:1294
07-10-2025 @ 09:58:35 - Row :29 - Processing item.
07-10-2025 @ 09:58:35 - Found simple product object. ID:1294
07-10-2025 @ 09:58:35 - Row :29 - Processing failed. Reason: SKU no válido o duplicado.
07-10-2025 @ 09:58:35 - Row :30 - Parsing item.
07-10-2025 @ 09:58:35 - Importing as new product ID:1295
07-10-2025 @ 09:58:35 - Row :30 - Processing item.
07-10-2025 @ 09:58:35 - Found simple product object. ID:1295
07-10-2025 @ 09:58:35 - Row :30 - Processing failed. Reason: SKU no válido o duplicado.
07-10-2025 @ 09:58:36 - Preparing for import.
07-10-2025 @ 09:58:36 - Row :31 - Parsing item.
07-10-2025 @ 09:58:36 - Importing as new product ID:1296
07-10-2025 @ 09:58:36 - Row :31 - Processing item.
07-10-2025 @ 09:58:36 - Found simple product object. ID:1296
07-10-2025 @ 09:58:36 - Row :31 - Processing failed. Reason: SKU no válido o duplicado.
07-10-2025 @ 09:58:36 - Row :32 - Parsing item.
07-10-2025 @ 09:58:36 - Importing as new product ID:1297
07-10-2025 @ 09:58:36 - Row :32 - Processing item.
07-10-2025 @ 09:58:36 - Found simple product object. ID:1297
07-10-2025 @ 09:58:36 - Row :32 - Processing failed. Reason: SKU no válido o duplicado.
07-10-2025 @ 09:58:36 - Row :33 - Parsing item.
07-10-2025 @ 09:58:36 - Importing as new product ID:1298
07-10-2025 @ 09:58:36 - Row :33 - Processing item.
07-10-2025 @ 09:58:36 - Found simple product object. ID:1298
07-10-2025 @ 09:58:36 - Row :33 - Processing failed. Reason: SKU no válido o duplicado.
07-10-2025 @ 09:58:36 - Row :34 - Parsing item.
07-10-2025 @ 09:58:36 - Importing as new product ID:1299
07-10-2025 @ 09:58:36 - Row :34 - Processing item.
07-10-2025 @ 09:58:36 - Found simple product object. ID:1299
07-10-2025 @ 09:58:36 - Row :34 - Processing failed. Reason: SKU no válido o duplicado.
07-10-2025 @ 09:58:36 - Row :35 - Parsing item.
07-10-2025 @ 09:58:36 - Importing as new product ID:1300
07-10-2025 @ 09:58:36 - Row :35 - Processing item.
07-10-2025 @ 09:58:36 - Found simple product object. ID:1300
07-10-2025 @ 09:58:36 - Row :35 - Processing failed. Reason: SKU no válido o duplicado.
07-10-2025 @ 09:58:36 - Row :36 - Parsing item.
07-10-2025 @ 09:58:36 - Importing as new product ID:1301
07-10-2025 @ 09:58:36 - Row :36 - Processing item.
07-10-2025 @ 09:58:36 - Found simple product object. ID:1301
07-10-2025 @ 09:58:36 - Row :36 - Processing failed. Reason: SKU no válido o duplicado.
07-10-2025 @ 09:58:36 - Row :37 - Parsing item.
07-10-2025 @ 09:58:36 - Importing as new product ID:1302
07-10-2025 @ 09:58:36 - Row :37 - Processing item.
07-10-2025 @ 09:58:36 - Found simple product object. ID:1302
07-10-2025 @ 09:58:36 - Row :37 - Processing failed. Reason: SKU no válido o duplicado.
07-10-2025 @ 09:58:36 - Row :38 - Parsing item.
07-10-2025 @ 09:58:36 - Importing as new product ID:1303
07-10-2025 @ 09:58:36 - Row :38 - Processing item.
07-10-2025 @ 09:58:36 - Found simple product object. ID:1303
07-10-2025 @ 09:58:36 - Row :38 - Processing failed. Reason: SKU no válido o duplicado.
07-10-2025 @ 09:58:36 - Row :39 - Parsing item.
07-10-2025 @ 09:58:36 - Importing as new product ID:1304
07-10-2025 @ 09:58:36 - Row :39 - Processing item.
07-10-2025 @ 09:58:36 - Found simple product object. ID:1304
07-10-2025 @ 09:58:36 - Row :39 - Processing failed. Reason: SKU no válido o duplicado.
07-10-2025 @ 09:58:36 - Row :40 - Parsing item.
07-10-2025 @ 09:58:36 - Importing as new product ID:1305
07-10-2025 @ 09:58:36 - Row :40 - Processing item.
07-10-2025 @ 09:58:36 - Found simple product object. ID:1305
07-10-2025 @ 09:58:36 - Row :40 - Processing failed. Reason: SKU no válido o duplicado.
07-10-2025 @ 09:58:36 - Preparing for import.
07-10-2025 @ 09:58:36 - Row :41 - Parsing item.
07-10-2025 @ 09:58:36 - Importing as new product ID:1306
07-10-2025 @ 09:58:36 - Row :41 - Processing item.
07-10-2025 @ 09:58:36 - Found simple product object. ID:1306
07-10-2025 @ 09:58:36 - Row :41 - Processing failed. Reason: SKU no válido o duplicado.
07-10-2025 @ 09:58:36 - Row :42 - Parsing item.
07-10-2025 @ 09:58:36 - Importing as new product ID:1307
07-10-2025 @ 09:58:36 - Row :42 - Processing item.
07-10-2025 @ 09:58:36 - Found simple product object. ID:1307
07-10-2025 @ 09:58:36 - Row :42 - Processing failed. Reason: SKU no válido o duplicado.
07-10-2025 @ 09:58:36 - Row :43 - Parsing item.
07-10-2025 @ 09:58:36 - Importing as new product ID:1308
07-10-2025 @ 09:58:36 - Row :43 - Processing item.
07-10-2025 @ 09:58:36 - Found simple product object. ID:1308
07-10-2025 @ 09:58:36 - Row :43 - Processing failed. Reason: SKU no válido o duplicado.
07-10-2025 @ 09:58:36 - Row :44 - Parsing item.
07-10-2025 @ 09:58:36 - Importing as new product ID:1309
07-10-2025 @ 09:58:36 - Row :44 - Processing item.
07-10-2025 @ 09:58:36 - Found simple product object. ID:1309
07-10-2025 @ 09:58:36 - Row :44 - Processing failed. Reason: SKU no válido o duplicado.
07-10-2025 @ 09:58:36 - Row :45 - Parsing item.
07-10-2025 @ 09:58:36 - Importing as new product ID:1310
07-10-2025 @ 09:58:36 - Row :45 - Processing item.
07-10-2025 @ 09:58:36 - Found simple product object. ID:1310
07-10-2025 @ 09:58:36 - Row :45 - Processing failed. Reason: SKU no válido o duplicado.
07-10-2025 @ 09:58:36 - Row :46 - Parsing item.
07-10-2025 @ 09:58:36 - Importing as new product ID:1311
07-10-2025 @ 09:58:36 - Row :46 - Processing item.
07-10-2025 @ 09:58:36 - Found simple product object. ID:1311
07-10-2025 @ 09:58:36 - Row :46 - Processing failed. Reason: SKU no válido o duplicado.
07-10-2025 @ 09:58:36 - Row :47 - Parsing item.
07-10-2025 @ 09:58:36 - Importing as new product ID:1312
07-10-2025 @ 09:58:36 - Row :47 - Processing item.
07-10-2025 @ 09:58:36 - Found simple product object. ID:1312
07-10-2025 @ 09:58:36 - Row :47 - Processing failed. Reason: SKU no válido o duplicado.
07-10-2025 @ 09:58:36 - ---[ Import ended at 2025-07-10 14:58:36]---
