07-10-2025 @ 10:00:41 - ---[ New import started at 2025-07-10 15:00:41 ] PHP Memory: 1 GB, WP Memory: 40 MB
07-10-2025 @ 10:00:41 - Preparing for import.
07-10-2025 @ 10:00:41 - Row :1 - Parsing item.
07-10-2025 @ 10:00:41 - Importing as new product ID:1313
07-10-2025 @ 10:00:41 - Row :1 - Processing item.
07-10-2025 @ 10:00:41 - Found simple product object. ID:1313
07-10-2025 @ 10:00:41 - Row :1 - Product imported successfully.
07-10-2025 @ 10:00:41 - Row :2 - Parsing item.
07-10-2025 @ 10:00:41 - Importing as new product ID:1314
07-10-2025 @ 10:00:41 - Row :2 - Processing item.
07-10-2025 @ 10:00:41 - Found simple product object. ID:1314
07-10-2025 @ 10:00:41 - Row :2 - Product imported successfully.
07-10-2025 @ 10:00:41 - Row :3 - Parsing item.
07-10-2025 @ 10:00:41 - Importing as new product ID:1315
07-10-2025 @ 10:00:41 - Row :3 - Processing item.
07-10-2025 @ 10:00:41 - Found simple product object. ID:1315
07-10-2025 @ 10:00:41 - Row :3 - Product imported successfully.
07-10-2025 @ 10:00:41 - Row :4 - Parsing item.
07-10-2025 @ 10:00:41 - Importing as new product ID:1316
07-10-2025 @ 10:00:41 - Row :4 - Processing item.
07-10-2025 @ 10:00:41 - Found simple product object. ID:1316
07-10-2025 @ 10:00:41 - Row :4 - Product imported successfully.
07-10-2025 @ 10:00:41 - Row :5 - Parsing item.
07-10-2025 @ 10:00:41 - Importing as new product ID:1317
07-10-2025 @ 10:00:41 - Row :5 - Processing item.
07-10-2025 @ 10:00:41 - Found simple product object. ID:1317
07-10-2025 @ 10:00:41 - Row :5 - Product imported successfully.
07-10-2025 @ 10:00:41 - Row :6 - Parsing item.
07-10-2025 @ 10:00:41 - Importing as new product ID:1318
07-10-2025 @ 10:00:41 - Row :6 - Processing item.
07-10-2025 @ 10:00:41 - Found simple product object. ID:1318
07-10-2025 @ 10:00:41 - Row :6 - Product imported successfully.
07-10-2025 @ 10:00:41 - Row :7 - Parsing item.
07-10-2025 @ 10:00:41 - Importing as new product ID:1319
07-10-2025 @ 10:00:41 - Row :7 - Processing item.
07-10-2025 @ 10:00:41 - Found simple product object. ID:1319
07-10-2025 @ 10:00:41 - Row :7 - Product imported successfully.
07-10-2025 @ 10:00:41 - Row :8 - Parsing item.
07-10-2025 @ 10:00:41 - Importing as new product ID:1320
07-10-2025 @ 10:00:41 - Row :8 - Processing item.
07-10-2025 @ 10:00:41 - Found simple product object. ID:1320
07-10-2025 @ 10:00:41 - Row :8 - Product imported successfully.
07-10-2025 @ 10:00:41 - Row :9 - Parsing item.
07-10-2025 @ 10:00:41 - Importing as new product ID:1321
07-10-2025 @ 10:00:41 - Row :9 - Processing item.
07-10-2025 @ 10:00:41 - Found simple product object. ID:1321
07-10-2025 @ 10:00:41 - Row :9 - Product imported successfully.
07-10-2025 @ 10:00:41 - Row :10 - Parsing item.
07-10-2025 @ 10:00:41 - Importing as new product ID:1322
07-10-2025 @ 10:00:41 - Row :10 - Processing item.
07-10-2025 @ 10:00:41 - Found simple product object. ID:1322
07-10-2025 @ 10:00:41 - Row :10 - Product imported successfully.
07-10-2025 @ 10:00:42 - Preparing for import.
07-10-2025 @ 10:00:42 - Row :11 - Parsing item.
07-10-2025 @ 10:00:42 - Importing as new product ID:1323
07-10-2025 @ 10:00:42 - Row :11 - Processing item.
07-10-2025 @ 10:00:42 - Found simple product object. ID:1323
07-10-2025 @ 10:00:42 - Row :11 - Product imported successfully.
07-10-2025 @ 10:00:42 - Row :12 - Parsing item.
07-10-2025 @ 10:00:42 - Importing as new product ID:1324
07-10-2025 @ 10:00:42 - Row :12 - Processing item.
07-10-2025 @ 10:00:42 - Found simple product object. ID:1324
07-10-2025 @ 10:00:42 - Row :12 - Product imported successfully.
07-10-2025 @ 10:00:42 - Row :13 - Parsing item.
07-10-2025 @ 10:00:42 - Importing as new product ID:1325
07-10-2025 @ 10:00:42 - Row :13 - Processing item.
07-10-2025 @ 10:00:42 - Found simple product object. ID:1325
07-10-2025 @ 10:00:42 - Row :13 - Product imported successfully.
07-10-2025 @ 10:00:42 - Row :14 - Parsing item.
07-10-2025 @ 10:00:42 - Importing as new product ID:1326
07-10-2025 @ 10:00:42 - Row :14 - Processing item.
07-10-2025 @ 10:00:42 - Found simple product object. ID:1326
07-10-2025 @ 10:00:42 - Row :14 - Product imported successfully.
07-10-2025 @ 10:00:42 - Row :15 - Parsing item.
07-10-2025 @ 10:00:42 - Importing as new product ID:1327
07-10-2025 @ 10:00:42 - Row :15 - Processing item.
07-10-2025 @ 10:00:42 - Found simple product object. ID:1327
07-10-2025 @ 10:00:42 - Row :15 - Product imported successfully.
07-10-2025 @ 10:00:42 - Row :16 - Parsing item.
07-10-2025 @ 10:00:42 - Importing as new product ID:1328
07-10-2025 @ 10:00:42 - Row :16 - Processing item.
07-10-2025 @ 10:00:42 - Found simple product object. ID:1328
07-10-2025 @ 10:00:42 - Row :16 - Product imported successfully.
07-10-2025 @ 10:00:42 - Row :17 - Parsing item.
07-10-2025 @ 10:00:42 - Importing as new product ID:1329
07-10-2025 @ 10:00:42 - Row :17 - Processing item.
07-10-2025 @ 10:00:42 - Found simple product object. ID:1329
07-10-2025 @ 10:00:42 - Row :17 - Product imported successfully.
07-10-2025 @ 10:00:42 - Row :18 - Parsing item.
07-10-2025 @ 10:00:42 - Importing as new product ID:1330
07-10-2025 @ 10:00:42 - Row :18 - Processing item.
07-10-2025 @ 10:00:42 - Found simple product object. ID:1330
07-10-2025 @ 10:00:42 - Row :18 - Product imported successfully.
07-10-2025 @ 10:00:42 - Row :19 - Parsing item.
07-10-2025 @ 10:00:42 - Importing as new product ID:1331
07-10-2025 @ 10:00:42 - Row :19 - Processing item.
07-10-2025 @ 10:00:42 - Found simple product object. ID:1331
07-10-2025 @ 10:00:42 - Row :19 - Product imported successfully.
07-10-2025 @ 10:00:42 - Row :20 - Parsing item.
07-10-2025 @ 10:00:42 - Importing as new product ID:1332
07-10-2025 @ 10:00:42 - Row :20 - Processing item.
07-10-2025 @ 10:00:42 - Found simple product object. ID:1332
07-10-2025 @ 10:00:42 - Row :20 - Product imported successfully.
07-10-2025 @ 10:00:43 - Preparing for import.
07-10-2025 @ 10:00:43 - Row :21 - Parsing item.
07-10-2025 @ 10:00:43 - Importing as new product ID:1333
07-10-2025 @ 10:00:43 - Row :21 - Processing item.
07-10-2025 @ 10:00:43 - Found simple product object. ID:1333
07-10-2025 @ 10:00:43 - Row :21 - Product imported successfully.
07-10-2025 @ 10:00:43 - Row :22 - Parsing item.
07-10-2025 @ 10:00:43 - Importing as new product ID:1334
07-10-2025 @ 10:00:43 - Row :22 - Processing item.
07-10-2025 @ 10:00:43 - Found simple product object. ID:1334
07-10-2025 @ 10:00:43 - Row :22 - Product imported successfully.
07-10-2025 @ 10:00:43 - Row :23 - Parsing item.
07-10-2025 @ 10:00:43 - Importing as new product ID:1335
07-10-2025 @ 10:00:43 - Row :23 - Processing item.
07-10-2025 @ 10:00:43 - Found simple product object. ID:1335
07-10-2025 @ 10:00:43 - Row :23 - Product imported successfully.
07-10-2025 @ 10:00:43 - Row :24 - Parsing item.
07-10-2025 @ 10:00:43 - Importing as new product ID:1336
07-10-2025 @ 10:00:43 - Row :24 - Processing item.
07-10-2025 @ 10:00:43 - Found simple product object. ID:1336
07-10-2025 @ 10:00:43 - Row :24 - Product imported successfully.
07-10-2025 @ 10:00:43 - Row :25 - Parsing item.
07-10-2025 @ 10:00:43 - Importing as new product ID:1337
07-10-2025 @ 10:00:43 - Row :25 - Processing item.
07-10-2025 @ 10:00:43 - Found simple product object. ID:1337
07-10-2025 @ 10:00:43 - Row :25 - Product imported successfully.
07-10-2025 @ 10:00:43 - Row :26 - Parsing item.
07-10-2025 @ 10:00:43 - Importing as new product ID:1338
07-10-2025 @ 10:00:43 - Row :26 - Processing item.
07-10-2025 @ 10:00:43 - Found simple product object. ID:1338
07-10-2025 @ 10:00:43 - Row :26 - Product imported successfully.
07-10-2025 @ 10:00:43 - Row :27 - Parsing item.
07-10-2025 @ 10:00:43 - Importing as new product ID:1339
07-10-2025 @ 10:00:43 - Row :27 - Processing item.
07-10-2025 @ 10:00:43 - Found simple product object. ID:1339
07-10-2025 @ 10:00:43 - Row :27 - Product imported successfully.
07-10-2025 @ 10:00:43 - Row :28 - Parsing item.
07-10-2025 @ 10:00:43 - Importing as new product ID:1340
07-10-2025 @ 10:00:43 - Row :28 - Processing item.
07-10-2025 @ 10:00:43 - Found simple product object. ID:1340
07-10-2025 @ 10:00:43 - Row :28 - Product imported successfully.
07-10-2025 @ 10:00:43 - Row :29 - Parsing item.
07-10-2025 @ 10:00:43 - Importing as new product ID:1341
07-10-2025 @ 10:00:43 - Row :29 - Processing item.
07-10-2025 @ 10:00:43 - Found simple product object. ID:1341
07-10-2025 @ 10:00:43 - Row :29 - Product imported successfully.
07-10-2025 @ 10:00:43 - Row :30 - Parsing item.
07-10-2025 @ 10:00:43 - Importing as new product ID:1342
07-10-2025 @ 10:00:43 - Row :30 - Processing item.
07-10-2025 @ 10:00:43 - Found simple product object. ID:1342
07-10-2025 @ 10:00:44 - Row :30 - Product imported successfully.
07-10-2025 @ 10:00:44 - Preparing for import.
07-10-2025 @ 10:00:44 - Row :31 - Parsing item.
07-10-2025 @ 10:00:44 - Importing as new product ID:1343
07-10-2025 @ 10:00:44 - Row :31 - Processing item.
07-10-2025 @ 10:00:44 - Found simple product object. ID:1343
07-10-2025 @ 10:00:44 - Row :31 - Product imported successfully.
07-10-2025 @ 10:00:44 - Row :32 - Parsing item.
07-10-2025 @ 10:00:44 - Importing as new product ID:1344
07-10-2025 @ 10:00:44 - Row :32 - Processing item.
07-10-2025 @ 10:00:44 - Found simple product object. ID:1344
07-10-2025 @ 10:00:44 - Row :32 - Product imported successfully.
07-10-2025 @ 10:00:44 - Row :33 - Parsing item.
07-10-2025 @ 10:00:44 - Importing as new product ID:1345
07-10-2025 @ 10:00:44 - Row :33 - Processing item.
07-10-2025 @ 10:00:44 - Found simple product object. ID:1345
07-10-2025 @ 10:00:44 - Row :33 - Product imported successfully.
07-10-2025 @ 10:00:44 - Row :34 - Parsing item.
07-10-2025 @ 10:00:44 - Importing as new product ID:1346
07-10-2025 @ 10:00:44 - Row :34 - Processing item.
07-10-2025 @ 10:00:44 - Found simple product object. ID:1346
07-10-2025 @ 10:00:44 - Row :34 - Product imported successfully.
07-10-2025 @ 10:00:44 - Row :35 - Parsing item.
07-10-2025 @ 10:00:44 - Importing as new product ID:1347
07-10-2025 @ 10:00:44 - Row :35 - Processing item.
07-10-2025 @ 10:00:44 - Found simple product object. ID:1347
07-10-2025 @ 10:00:44 - Row :35 - Product imported successfully.
07-10-2025 @ 10:00:44 - Row :36 - Parsing item.
07-10-2025 @ 10:00:44 - Importing as new product ID:1348
07-10-2025 @ 10:00:44 - Row :36 - Processing item.
07-10-2025 @ 10:00:44 - Found simple product object. ID:1348
07-10-2025 @ 10:00:44 - Row :36 - Product imported successfully.
07-10-2025 @ 10:00:44 - Row :37 - Parsing item.
07-10-2025 @ 10:00:44 - Importing as new product ID:1349
07-10-2025 @ 10:00:44 - Row :37 - Processing item.
07-10-2025 @ 10:00:44 - Found simple product object. ID:1349
07-10-2025 @ 10:00:44 - Row :37 - Product imported successfully.
07-10-2025 @ 10:00:44 - Row :38 - Parsing item.
07-10-2025 @ 10:00:44 - Importing as new product ID:1350
07-10-2025 @ 10:00:44 - Row :38 - Processing item.
07-10-2025 @ 10:00:44 - Found simple product object. ID:1350
07-10-2025 @ 10:00:44 - Row :38 - Product imported successfully.
07-10-2025 @ 10:00:44 - Row :39 - Parsing item.
07-10-2025 @ 10:00:44 - Importing as new product ID:1351
07-10-2025 @ 10:00:44 - Row :39 - Processing item.
07-10-2025 @ 10:00:44 - Found simple product object. ID:1351
07-10-2025 @ 10:00:44 - Row :39 - Product imported successfully.
07-10-2025 @ 10:00:44 - Row :40 - Parsing item.
07-10-2025 @ 10:00:44 - Importing as new product ID:1352
07-10-2025 @ 10:00:44 - Row :40 - Processing item.
07-10-2025 @ 10:00:44 - Found simple product object. ID:1352
07-10-2025 @ 10:00:44 - Row :40 - Product imported successfully.
07-10-2025 @ 10:00:45 - Preparing for import.
07-10-2025 @ 10:00:45 - Row :41 - Parsing item.
07-10-2025 @ 10:00:45 - Importing as new product ID:1353
07-10-2025 @ 10:00:45 - Row :41 - Processing item.
07-10-2025 @ 10:00:45 - Found simple product object. ID:1353
07-10-2025 @ 10:00:45 - Row :41 - Product imported successfully.
07-10-2025 @ 10:00:45 - Row :42 - Parsing item.
07-10-2025 @ 10:00:45 - Importing as new product ID:1354
07-10-2025 @ 10:00:45 - Row :42 - Processing item.
07-10-2025 @ 10:00:45 - Found simple product object. ID:1354
07-10-2025 @ 10:00:45 - Row :42 - Product imported successfully.
07-10-2025 @ 10:00:45 - Row :43 - Parsing item.
07-10-2025 @ 10:00:45 - Importing as new product ID:1355
07-10-2025 @ 10:00:45 - Row :43 - Processing item.
07-10-2025 @ 10:00:45 - Found simple product object. ID:1355
07-10-2025 @ 10:00:45 - Row :43 - Product imported successfully.
07-10-2025 @ 10:00:45 - Row :44 - Parsing item.
07-10-2025 @ 10:00:45 - Importing as new product ID:1356
07-10-2025 @ 10:00:45 - Row :44 - Processing item.
07-10-2025 @ 10:00:45 - Found simple product object. ID:1356
07-10-2025 @ 10:00:45 - Row :44 - Product imported successfully.
07-10-2025 @ 10:00:45 - Row :45 - Parsing item.
07-10-2025 @ 10:00:45 - Importing as new product ID:1357
07-10-2025 @ 10:00:45 - Row :45 - Processing item.
07-10-2025 @ 10:00:45 - Found simple product object. ID:1357
07-10-2025 @ 10:00:45 - Row :45 - Product imported successfully.
07-10-2025 @ 10:00:45 - Row :46 - Parsing item.
07-10-2025 @ 10:00:45 - Importing as new product ID:1358
07-10-2025 @ 10:00:45 - Row :46 - Processing item.
07-10-2025 @ 10:00:45 - Found simple product object. ID:1358
07-10-2025 @ 10:00:45 - Row :46 - Product imported successfully.
07-10-2025 @ 10:00:45 - Row :47 - Parsing item.
07-10-2025 @ 10:00:45 - Importing as new product ID:1359
07-10-2025 @ 10:00:45 - Row :47 - Processing item.
07-10-2025 @ 10:00:45 - Found simple product object. ID:1359
07-10-2025 @ 10:00:45 - Row :47 - Product imported successfully.
07-10-2025 @ 10:00:45 - ---[ Import ended at 2025-07-10 15:00:45]---
