07-16-2025 @ 11:06:38 - ---[ New import started at 2025-07-16 16:06:38 ] PHP Memory: 1 GB, WP Memory: 40 MB
07-16-2025 @ 11:06:38 - Preparing for import.
07-16-2025 @ 11:06:38 - Row :1 - Parsing item.
07-16-2025 @ 11:06:38 - Importing as new product ID:1534
07-16-2025 @ 11:06:38 - Row :1 - Processing item.
07-16-2025 @ 11:06:38 - Found simple product object. ID:1534
07-16-2025 @ 11:06:38 - Row :1 - Product imported successfully.
07-16-2025 @ 11:06:38 - Row :2 - Parsing item.
07-16-2025 @ 11:06:38 - Importing as new product ID:1535
07-16-2025 @ 11:06:38 - Row :2 - Processing item.
07-16-2025 @ 11:06:38 - Found simple product object. ID:1535
07-16-2025 @ 11:06:38 - Row :2 - Product imported successfully.
07-16-2025 @ 11:06:38 - Row :3 - Parsing item.
07-16-2025 @ 11:06:38 - Importing as new product ID:1536
07-16-2025 @ 11:06:38 - Row :3 - Processing item.
07-16-2025 @ 11:06:38 - Found simple product object. ID:1536
07-16-2025 @ 11:06:38 - Row :3 - Product imported successfully.
07-16-2025 @ 11:06:38 - Row :4 - Parsing item.
07-16-2025 @ 11:06:38 - Importing as new product ID:1537
07-16-2025 @ 11:06:38 - Row :4 - Processing item.
07-16-2025 @ 11:06:38 - Found simple product object. ID:1537
07-16-2025 @ 11:06:39 - Row :4 - Product imported successfully.
07-16-2025 @ 11:06:39 - Row :5 - Parsing item.
07-16-2025 @ 11:06:39 - Importing as new product ID:1538
07-16-2025 @ 11:06:39 - Row :5 - Processing item.
07-16-2025 @ 11:06:39 - Found simple product object. ID:1538
07-16-2025 @ 11:06:39 - Row :5 - Product imported successfully.
07-16-2025 @ 11:06:39 - Row :6 - Parsing item.
07-16-2025 @ 11:06:39 - Importing as new product ID:1539
07-16-2025 @ 11:06:39 - Row :6 - Processing item.
07-16-2025 @ 11:06:39 - Found simple product object. ID:1539
07-16-2025 @ 11:06:39 - Row :6 - Product imported successfully.
07-16-2025 @ 11:06:39 - Row :7 - Parsing item.
07-16-2025 @ 11:06:39 - Importing as new product ID:1540
07-16-2025 @ 11:06:39 - Row :7 - Processing item.
07-16-2025 @ 11:06:39 - Found simple product object. ID:1540
07-16-2025 @ 11:06:39 - Row :7 - Product imported successfully.
07-16-2025 @ 11:06:39 - Row :8 - Parsing item.
07-16-2025 @ 11:06:39 - Importing as new product ID:1541
07-16-2025 @ 11:06:39 - Row :8 - Processing item.
07-16-2025 @ 11:06:39 - Found simple product object. ID:1541
07-16-2025 @ 11:06:39 - Row :8 - Product imported successfully.
07-16-2025 @ 11:06:39 - Row :9 - Parsing item.
07-16-2025 @ 11:06:39 - Importing as new product ID:1542
07-16-2025 @ 11:06:39 - Row :9 - Processing item.
07-16-2025 @ 11:06:39 - Found simple product object. ID:1542
07-16-2025 @ 11:06:39 - Row :9 - Product imported successfully.
07-16-2025 @ 11:06:39 - Row :10 - Parsing item.
07-16-2025 @ 11:06:39 - Importing as new product ID:1543
07-16-2025 @ 11:06:39 - Row :10 - Processing item.
07-16-2025 @ 11:06:39 - Found simple product object. ID:1543
07-16-2025 @ 11:06:39 - Row :10 - Product imported successfully.
07-16-2025 @ 11:06:39 - Preparing for import.
07-16-2025 @ 11:06:39 - Row :11 - Parsing item.
07-16-2025 @ 11:06:39 - Importing as new product ID:1544
07-16-2025 @ 11:06:39 - Row :11 - Processing item.
07-16-2025 @ 11:06:39 - Found simple product object. ID:1544
07-16-2025 @ 11:06:39 - Row :11 - Product imported successfully.
07-16-2025 @ 11:06:39 - Row :12 - Parsing item.
07-16-2025 @ 11:06:39 - Importing as new product ID:1545
07-16-2025 @ 11:06:39 - Row :12 - Processing item.
07-16-2025 @ 11:06:39 - Found simple product object. ID:1545
07-16-2025 @ 11:06:40 - Row :12 - Product imported successfully.
07-16-2025 @ 11:06:40 - Row :13 - Parsing item.
07-16-2025 @ 11:06:40 - Importing as new product ID:1546
07-16-2025 @ 11:06:40 - Row :13 - Processing item.
07-16-2025 @ 11:06:40 - Found simple product object. ID:1546
07-16-2025 @ 11:06:40 - Row :13 - Product imported successfully.
07-16-2025 @ 11:06:40 - Row :14 - Parsing item.
07-16-2025 @ 11:06:40 - Importing as new product ID:1547
07-16-2025 @ 11:06:40 - Row :14 - Processing item.
07-16-2025 @ 11:06:40 - Found simple product object. ID:1547
07-16-2025 @ 11:06:40 - Row :14 - Product imported successfully.
07-16-2025 @ 11:06:40 - Row :15 - Parsing item.
07-16-2025 @ 11:06:40 - Importing as new product ID:1548
07-16-2025 @ 11:06:40 - Row :15 - Processing item.
07-16-2025 @ 11:06:40 - Found simple product object. ID:1548
07-16-2025 @ 11:06:40 - Row :15 - Product imported successfully.
07-16-2025 @ 11:06:40 - Row :16 - Parsing item.
07-16-2025 @ 11:06:40 - Importing as new product ID:1549
07-16-2025 @ 11:06:40 - Row :16 - Processing item.
07-16-2025 @ 11:06:40 - Found simple product object. ID:1549
07-16-2025 @ 11:06:40 - Row :16 - Product imported successfully.
07-16-2025 @ 11:06:40 - Row :17 - Parsing item.
07-16-2025 @ 11:06:40 - Importing as new product ID:1550
07-16-2025 @ 11:06:40 - Row :17 - Processing item.
07-16-2025 @ 11:06:40 - Found simple product object. ID:1550
07-16-2025 @ 11:06:40 - Row :17 - Product imported successfully.
07-16-2025 @ 11:06:40 - Row :18 - Parsing item.
07-16-2025 @ 11:06:40 - Importing as new product ID:1551
07-16-2025 @ 11:06:40 - Row :18 - Processing item.
07-16-2025 @ 11:06:40 - Found simple product object. ID:1551
07-16-2025 @ 11:06:40 - Row :18 - Product imported successfully.
07-16-2025 @ 11:06:40 - Row :19 - Parsing item.
07-16-2025 @ 11:06:40 - Importing as new product ID:1552
07-16-2025 @ 11:06:40 - Row :19 - Processing item.
07-16-2025 @ 11:06:40 - Found simple product object. ID:1552
07-16-2025 @ 11:06:40 - Row :19 - Product imported successfully.
07-16-2025 @ 11:06:40 - Row :20 - Parsing item.
07-16-2025 @ 11:06:40 - Importing as new product ID:1553
07-16-2025 @ 11:06:40 - Row :20 - Processing item.
07-16-2025 @ 11:06:40 - Found simple product object. ID:1553
07-16-2025 @ 11:06:40 - Row :20 - Product imported successfully.
07-16-2025 @ 11:06:40 - Preparing for import.
07-16-2025 @ 11:06:40 - Row :21 - Parsing item.
07-16-2025 @ 11:06:40 - Importing as new product ID:1554
07-16-2025 @ 11:06:40 - Row :21 - Processing item.
07-16-2025 @ 11:06:40 - Found simple product object. ID:1554
07-16-2025 @ 11:06:40 - Row :21 - Product imported successfully.
07-16-2025 @ 11:06:40 - Row :22 - Parsing item.
07-16-2025 @ 11:06:40 - Importing as new product ID:1555
07-16-2025 @ 11:06:40 - Row :22 - Processing item.
07-16-2025 @ 11:06:40 - Found simple product object. ID:1555
07-16-2025 @ 11:06:40 - Row :22 - Product imported successfully.
07-16-2025 @ 11:06:40 - Row :23 - Parsing item.
07-16-2025 @ 11:06:40 - Importing as new product ID:1556
07-16-2025 @ 11:06:40 - Row :23 - Processing item.
07-16-2025 @ 11:06:40 - Found simple product object. ID:1556
07-16-2025 @ 11:06:41 - Row :23 - Product imported successfully.
07-16-2025 @ 11:06:41 - Row :24 - Parsing item.
07-16-2025 @ 11:06:41 - Importing as new product ID:1557
07-16-2025 @ 11:06:41 - Row :24 - Processing item.
07-16-2025 @ 11:06:41 - Found simple product object. ID:1557
07-16-2025 @ 11:06:41 - Row :24 - Product imported successfully.
07-16-2025 @ 11:06:41 - Row :25 - Parsing item.
07-16-2025 @ 11:06:41 - Importing as new product ID:1558
07-16-2025 @ 11:06:41 - Row :25 - Processing item.
07-16-2025 @ 11:06:41 - Found simple product object. ID:1558
07-16-2025 @ 11:06:41 - Row :25 - Product imported successfully.
07-16-2025 @ 11:06:41 - Row :26 - Parsing item.
07-16-2025 @ 11:06:41 - Importing as new product ID:1559
07-16-2025 @ 11:06:41 - Row :26 - Processing item.
07-16-2025 @ 11:06:41 - Found simple product object. ID:1559
07-16-2025 @ 11:06:41 - Row :26 - Product imported successfully.
07-16-2025 @ 11:06:41 - Row :27 - Parsing item.
07-16-2025 @ 11:06:41 - Importing as new product ID:1560
07-16-2025 @ 11:06:41 - Row :27 - Processing item.
07-16-2025 @ 11:06:41 - Found simple product object. ID:1560
07-16-2025 @ 11:06:41 - Row :27 - Product imported successfully.
07-16-2025 @ 11:06:41 - Row :28 - Parsing item.
07-16-2025 @ 11:06:41 - Importing as new product ID:1561
07-16-2025 @ 11:06:41 - Row :28 - Processing item.
07-16-2025 @ 11:06:41 - Found simple product object. ID:1561
07-16-2025 @ 11:06:41 - Row :28 - Product imported successfully.
07-16-2025 @ 11:06:41 - Row :29 - Parsing item.
07-16-2025 @ 11:06:41 - Importing as new product ID:1562
07-16-2025 @ 11:06:41 - Row :29 - Processing item.
07-16-2025 @ 11:06:41 - Found simple product object. ID:1562
07-16-2025 @ 11:06:41 - Row :29 - Product imported successfully.
07-16-2025 @ 11:06:41 - Row :30 - Parsing item.
07-16-2025 @ 11:06:41 - Importing as new product ID:1563
07-16-2025 @ 11:06:41 - Row :30 - Processing item.
07-16-2025 @ 11:06:41 - Found simple product object. ID:1563
07-16-2025 @ 11:06:41 - Row :30 - Product imported successfully.
07-16-2025 @ 11:06:41 - Preparing for import.
07-16-2025 @ 11:06:41 - Row :31 - Parsing item.
07-16-2025 @ 11:06:41 - Importing as new product ID:1564
07-16-2025 @ 11:06:41 - Row :31 - Processing item.
07-16-2025 @ 11:06:41 - Found simple product object. ID:1564
07-16-2025 @ 11:06:41 - Row :31 - Product imported successfully.
07-16-2025 @ 11:06:41 - Row :32 - Parsing item.
07-16-2025 @ 11:06:41 - Importing as new product ID:1565
07-16-2025 @ 11:06:41 - Row :32 - Processing item.
07-16-2025 @ 11:06:41 - Found simple product object. ID:1565
07-16-2025 @ 11:06:41 - Row :32 - Product imported successfully.
07-16-2025 @ 11:06:41 - Row :33 - Parsing item.
07-16-2025 @ 11:06:42 - Importing as new product ID:1566
07-16-2025 @ 11:06:42 - Row :33 - Processing item.
07-16-2025 @ 11:06:42 - Found simple product object. ID:1566
07-16-2025 @ 11:06:42 - Row :33 - Product imported successfully.
07-16-2025 @ 11:06:42 - Row :34 - Parsing item.
07-16-2025 @ 11:06:42 - Importing as new product ID:1567
07-16-2025 @ 11:06:42 - Row :34 - Processing item.
07-16-2025 @ 11:06:42 - Found simple product object. ID:1567
07-16-2025 @ 11:06:42 - Row :34 - Product imported successfully.
07-16-2025 @ 11:06:42 - Row :35 - Parsing item.
07-16-2025 @ 11:06:42 - Importing as new product ID:1568
07-16-2025 @ 11:06:42 - Row :35 - Processing item.
07-16-2025 @ 11:06:42 - Found simple product object. ID:1568
07-16-2025 @ 11:06:42 - Row :35 - Product imported successfully.
07-16-2025 @ 11:06:42 - Row :36 - Parsing item.
07-16-2025 @ 11:06:42 - Importing as new product ID:1569
07-16-2025 @ 11:06:42 - Row :36 - Processing item.
07-16-2025 @ 11:06:42 - Found simple product object. ID:1569
07-16-2025 @ 11:06:42 - Row :36 - Product imported successfully.
07-16-2025 @ 11:06:42 - Row :37 - Parsing item.
07-16-2025 @ 11:06:42 - Importing as new product ID:1570
07-16-2025 @ 11:06:42 - Row :37 - Processing item.
07-16-2025 @ 11:06:42 - Found simple product object. ID:1570
07-16-2025 @ 11:06:42 - Row :37 - Product imported successfully.
07-16-2025 @ 11:06:42 - Row :38 - Parsing item.
07-16-2025 @ 11:06:42 - Importing as new product ID:1571
07-16-2025 @ 11:06:42 - Row :38 - Processing item.
07-16-2025 @ 11:06:42 - Found simple product object. ID:1571
07-16-2025 @ 11:06:42 - Row :38 - Product imported successfully.
07-16-2025 @ 11:06:42 - Row :39 - Parsing item.
07-16-2025 @ 11:06:42 - Importing as new product ID:1572
07-16-2025 @ 11:06:42 - Row :39 - Processing item.
07-16-2025 @ 11:06:42 - Found simple product object. ID:1572
07-16-2025 @ 11:06:42 - Row :39 - Product imported successfully.
07-16-2025 @ 11:06:42 - Row :40 - Parsing item.
07-16-2025 @ 11:06:42 - Importing as new product ID:1573
07-16-2025 @ 11:06:42 - Row :40 - Processing item.
07-16-2025 @ 11:06:42 - Found simple product object. ID:1573
07-16-2025 @ 11:06:42 - Row :40 - Product imported successfully.
07-16-2025 @ 11:06:42 - Preparing for import.
07-16-2025 @ 11:06:42 - Row :41 - Parsing item.
07-16-2025 @ 11:06:42 - Importing as new product ID:1574
07-16-2025 @ 11:06:42 - Row :41 - Processing item.
07-16-2025 @ 11:06:42 - Found simple product object. ID:1574
07-16-2025 @ 11:06:42 - Row :41 - Product imported successfully.
07-16-2025 @ 11:06:42 - Row :42 - Parsing item.
07-16-2025 @ 11:06:42 - Importing as new product ID:1575
07-16-2025 @ 11:06:42 - Row :42 - Processing item.
07-16-2025 @ 11:06:42 - Found simple product object. ID:1575
07-16-2025 @ 11:06:42 - Row :42 - Product imported successfully.
07-16-2025 @ 11:06:42 - Row :43 - Parsing item.
07-16-2025 @ 11:06:42 - Importing as new product ID:1576
07-16-2025 @ 11:06:42 - Row :43 - Processing item.
07-16-2025 @ 11:06:42 - Found simple product object. ID:1576
07-16-2025 @ 11:06:42 - Row :43 - Product imported successfully.
07-16-2025 @ 11:06:42 - Row :44 - Parsing item.
07-16-2025 @ 11:06:42 - Importing as new product ID:1577
07-16-2025 @ 11:06:42 - Row :44 - Processing item.
07-16-2025 @ 11:06:42 - Found simple product object. ID:1577
07-16-2025 @ 11:06:42 - Row :44 - Product imported successfully.
07-16-2025 @ 11:06:42 - Row :45 - Parsing item.
07-16-2025 @ 11:06:42 - Importing as new product ID:1578
07-16-2025 @ 11:06:42 - Row :45 - Processing item.
07-16-2025 @ 11:06:42 - Found simple product object. ID:1578
07-16-2025 @ 11:06:42 - Row :45 - Product imported successfully.
07-16-2025 @ 11:06:42 - Row :46 - Parsing item.
07-16-2025 @ 11:06:42 - Importing as new product ID:1579
07-16-2025 @ 11:06:42 - Row :46 - Processing item.
07-16-2025 @ 11:06:42 - Found simple product object. ID:1579
07-16-2025 @ 11:06:43 - Row :46 - Product imported successfully.
07-16-2025 @ 11:06:43 - Row :47 - Parsing item.
07-16-2025 @ 11:06:43 - Importing as new product ID:1580
07-16-2025 @ 11:06:43 - Row :47 - Processing item.
07-16-2025 @ 11:06:43 - Found simple product object. ID:1580
07-16-2025 @ 11:06:43 - Row :47 - Product imported successfully.
07-16-2025 @ 11:06:43 - Row :48 - Parsing item.
07-16-2025 @ 11:06:43 - Importing as new product ID:1581
07-16-2025 @ 11:06:43 - Row :48 - Processing item.
07-16-2025 @ 11:06:43 - Found simple product object. ID:1581
07-16-2025 @ 11:06:43 - Row :48 - Product imported successfully.
07-16-2025 @ 11:06:43 - Row :49 - Parsing item.
07-16-2025 @ 11:06:43 - Importing as new product ID:1582
07-16-2025 @ 11:06:43 - Row :49 - Processing item.
07-16-2025 @ 11:06:43 - Found simple product object. ID:1582
07-16-2025 @ 11:06:43 - Row :49 - Product imported successfully.
07-16-2025 @ 11:06:43 - Row :50 - Parsing item.
07-16-2025 @ 11:06:43 - Importing as new product ID:1583
07-16-2025 @ 11:06:43 - Row :50 - Processing item.
07-16-2025 @ 11:06:43 - Found simple product object. ID:1583
07-16-2025 @ 11:06:43 - Row :50 - Product imported successfully.
07-16-2025 @ 11:06:44 - Preparing for import.
07-16-2025 @ 11:06:44 - Row :51 - Parsing item.
07-16-2025 @ 11:06:44 - Importing as new product ID:1584
07-16-2025 @ 11:06:44 - Row :51 - Processing item.
07-16-2025 @ 11:06:44 - Found simple product object. ID:1584
07-16-2025 @ 11:06:44 - Row :51 - Product imported successfully.
07-16-2025 @ 11:06:44 - Row :52 - Parsing item.
07-16-2025 @ 11:06:44 - Importing as new product ID:1585
07-16-2025 @ 11:06:44 - Row :52 - Processing item.
07-16-2025 @ 11:06:44 - Found simple product object. ID:1585
07-16-2025 @ 11:06:44 - Row :52 - Product imported successfully.
07-16-2025 @ 11:06:44 - Row :53 - Parsing item.
07-16-2025 @ 11:06:44 - Importing as new product ID:1586
07-16-2025 @ 11:06:44 - Row :53 - Processing item.
07-16-2025 @ 11:06:44 - Found simple product object. ID:1586
07-16-2025 @ 11:06:44 - Row :53 - Product imported successfully.
07-16-2025 @ 11:06:44 - Row :54 - Parsing item.
07-16-2025 @ 11:06:44 - Importing as new product ID:1587
07-16-2025 @ 11:06:44 - Row :54 - Processing item.
07-16-2025 @ 11:06:44 - Found simple product object. ID:1587
07-16-2025 @ 11:06:44 - Row :54 - Product imported successfully.
07-16-2025 @ 11:06:44 - Row :55 - Parsing item.
07-16-2025 @ 11:06:44 - Importing as new product ID:1588
07-16-2025 @ 11:06:44 - Row :55 - Processing item.
07-16-2025 @ 11:06:44 - Found simple product object. ID:1588
07-16-2025 @ 11:06:44 - Row :55 - Product imported successfully.
07-16-2025 @ 11:06:44 - Row :56 - Parsing item.
07-16-2025 @ 11:06:44 - Importing as new product ID:1589
07-16-2025 @ 11:06:44 - Row :56 - Processing item.
07-16-2025 @ 11:06:44 - Found simple product object. ID:1589
07-16-2025 @ 11:06:44 - Row :56 - Product imported successfully.
07-16-2025 @ 11:06:44 - Row :57 - Parsing item.
07-16-2025 @ 11:06:44 - Importing as new product ID:1590
07-16-2025 @ 11:06:44 - Row :57 - Processing item.
07-16-2025 @ 11:06:44 - Found simple product object. ID:1590
07-16-2025 @ 11:06:44 - Row :57 - Product imported successfully.
07-16-2025 @ 11:06:44 - Row :58 - Parsing item.
07-16-2025 @ 11:06:44 - Importing as new product ID:1591
07-16-2025 @ 11:06:44 - Row :58 - Processing item.
07-16-2025 @ 11:06:44 - Found simple product object. ID:1591
07-16-2025 @ 11:06:44 - Row :58 - Product imported successfully.
07-16-2025 @ 11:06:44 - Row :59 - Parsing item.
07-16-2025 @ 11:06:44 - Importing as new product ID:1592
07-16-2025 @ 11:06:44 - Row :59 - Processing item.
07-16-2025 @ 11:06:44 - Found simple product object. ID:1592
07-16-2025 @ 11:06:44 - Row :59 - Product imported successfully.
07-16-2025 @ 11:06:44 - Row :60 - Parsing item.
07-16-2025 @ 11:06:44 - Importing as new product ID:1593
07-16-2025 @ 11:06:44 - Row :60 - Processing item.
07-16-2025 @ 11:06:44 - Found simple product object. ID:1593
07-16-2025 @ 11:06:44 - Row :60 - Product imported successfully.
07-16-2025 @ 11:06:45 - Preparing for import.
07-16-2025 @ 11:06:45 - Row :61 - Parsing item.
07-16-2025 @ 11:06:45 - Importing as new product ID:1594
07-16-2025 @ 11:06:45 - Row :61 - Processing item.
07-16-2025 @ 11:06:45 - Found simple product object. ID:1594
07-16-2025 @ 11:06:45 - Row :61 - Product imported successfully.
07-16-2025 @ 11:06:45 - Row :62 - Parsing item.
07-16-2025 @ 11:06:45 - Importing as new product ID:1595
07-16-2025 @ 11:06:45 - Row :62 - Processing item.
07-16-2025 @ 11:06:45 - Found simple product object. ID:1595
07-16-2025 @ 11:06:45 - Row :62 - Product imported successfully.
07-16-2025 @ 11:06:45 - Row :63 - Parsing item.
07-16-2025 @ 11:06:45 - Importing as new product ID:1596
07-16-2025 @ 11:06:45 - Row :63 - Processing item.
07-16-2025 @ 11:06:45 - Found simple product object. ID:1596
07-16-2025 @ 11:06:45 - Row :63 - Product imported successfully.
07-16-2025 @ 11:06:45 - Row :64 - Parsing item.
07-16-2025 @ 11:06:45 - Importing as new product ID:1597
07-16-2025 @ 11:06:45 - Row :64 - Processing item.
07-16-2025 @ 11:06:45 - Found simple product object. ID:1597
07-16-2025 @ 11:06:45 - Row :64 - Product imported successfully.
07-16-2025 @ 11:06:45 - Row :65 - Parsing item.
07-16-2025 @ 11:06:45 - Importing as new product ID:1598
07-16-2025 @ 11:06:45 - Row :65 - Processing item.
07-16-2025 @ 11:06:45 - Found simple product object. ID:1598
07-16-2025 @ 11:06:45 - Row :65 - Product imported successfully.
07-16-2025 @ 11:06:45 - Row :66 - Parsing item.
07-16-2025 @ 11:06:45 - Importing as new product ID:1599
07-16-2025 @ 11:06:45 - Row :66 - Processing item.
07-16-2025 @ 11:06:45 - Found simple product object. ID:1599
07-16-2025 @ 11:06:45 - Row :66 - Product imported successfully.
07-16-2025 @ 11:06:45 - Row :67 - Parsing item.
07-16-2025 @ 11:06:45 - Importing as new product ID:1600
07-16-2025 @ 11:06:45 - Row :67 - Processing item.
07-16-2025 @ 11:06:45 - Found simple product object. ID:1600
07-16-2025 @ 11:06:45 - Row :67 - Product imported successfully.
07-16-2025 @ 11:06:45 - Row :68 - Parsing item.
07-16-2025 @ 11:06:45 - Importing as new product ID:1601
07-16-2025 @ 11:06:45 - Row :68 - Processing item.
07-16-2025 @ 11:06:45 - Found simple product object. ID:1601
07-16-2025 @ 11:06:45 - Row :68 - Product imported successfully.
07-16-2025 @ 11:06:45 - Row :69 - Parsing item.
07-16-2025 @ 11:06:45 - Importing as new product ID:1602
07-16-2025 @ 11:06:45 - Row :69 - Processing item.
07-16-2025 @ 11:06:45 - Found simple product object. ID:1602
07-16-2025 @ 11:06:45 - Row :69 - Product imported successfully.
07-16-2025 @ 11:06:45 - Row :70 - Parsing item.
07-16-2025 @ 11:06:45 - Importing as new product ID:1603
07-16-2025 @ 11:06:45 - Row :70 - Processing item.
07-16-2025 @ 11:06:45 - Found simple product object. ID:1603
07-16-2025 @ 11:06:45 - Row :70 - Product imported successfully.
07-16-2025 @ 11:06:46 - Preparing for import.
07-16-2025 @ 11:06:46 - Row :71 - Parsing item.
07-16-2025 @ 11:06:46 - Importing as new product ID:1604
07-16-2025 @ 11:06:46 - Row :71 - Processing item.
07-16-2025 @ 11:06:46 - Found simple product object. ID:1604
07-16-2025 @ 11:06:46 - Row :71 - Product imported successfully.
07-16-2025 @ 11:06:46 - Row :72 - Parsing item.
07-16-2025 @ 11:06:46 - Importing as new product ID:1605
07-16-2025 @ 11:06:46 - Row :72 - Processing item.
07-16-2025 @ 11:06:46 - Found simple product object. ID:1605
07-16-2025 @ 11:06:46 - Row :72 - Product imported successfully.
07-16-2025 @ 11:06:46 - Row :73 - Parsing item.
07-16-2025 @ 11:06:46 - Importing as new product ID:1606
07-16-2025 @ 11:06:46 - Row :73 - Processing item.
07-16-2025 @ 11:06:46 - Found simple product object. ID:1606
07-16-2025 @ 11:06:46 - Row :73 - Product imported successfully.
07-16-2025 @ 11:06:46 - Row :74 - Parsing item.
07-16-2025 @ 11:06:46 - Importing as new product ID:1607
07-16-2025 @ 11:06:46 - Row :74 - Processing item.
07-16-2025 @ 11:06:46 - Found simple product object. ID:1607
07-16-2025 @ 11:06:46 - Row :74 - Product imported successfully.
07-16-2025 @ 11:06:46 - Row :75 - Parsing item.
07-16-2025 @ 11:06:46 - Importing as new product ID:1608
07-16-2025 @ 11:06:46 - Row :75 - Processing item.
07-16-2025 @ 11:06:46 - Found simple product object. ID:1608
07-16-2025 @ 11:06:46 - Row :75 - Product imported successfully.
07-16-2025 @ 11:06:46 - Row :76 - Parsing item.
07-16-2025 @ 11:06:46 - Importing as new product ID:1609
07-16-2025 @ 11:06:46 - Row :76 - Processing item.
07-16-2025 @ 11:06:46 - Found simple product object. ID:1609
07-16-2025 @ 11:06:46 - Row :76 - Product imported successfully.
07-16-2025 @ 11:06:46 - Row :77 - Parsing item.
07-16-2025 @ 11:06:46 - Importing as new product ID:1610
07-16-2025 @ 11:06:46 - Row :77 - Processing item.
07-16-2025 @ 11:06:46 - Found simple product object. ID:1610
07-16-2025 @ 11:06:46 - Row :77 - Product imported successfully.
07-16-2025 @ 11:06:46 - Row :78 - Parsing item.
07-16-2025 @ 11:06:46 - Importing as new product ID:1611
07-16-2025 @ 11:06:46 - Row :78 - Processing item.
07-16-2025 @ 11:06:46 - Found simple product object. ID:1611
07-16-2025 @ 11:06:46 - Row :78 - Product imported successfully.
07-16-2025 @ 11:06:46 - Row :79 - Parsing item.
07-16-2025 @ 11:06:46 - Importing as new product ID:1612
07-16-2025 @ 11:06:46 - Row :79 - Processing item.
07-16-2025 @ 11:06:46 - Found simple product object. ID:1612
07-16-2025 @ 11:06:46 - Row :79 - Product imported successfully.
07-16-2025 @ 11:06:46 - Row :80 - Parsing item.
07-16-2025 @ 11:06:46 - Importing as new product ID:1613
07-16-2025 @ 11:06:46 - Row :80 - Processing item.
07-16-2025 @ 11:06:46 - Found simple product object. ID:1613
07-16-2025 @ 11:06:46 - Row :80 - Product imported successfully.
07-16-2025 @ 11:06:47 - Preparing for import.
07-16-2025 @ 11:06:47 - Row :81 - Parsing item.
07-16-2025 @ 11:06:47 - Importing as new product ID:1614
07-16-2025 @ 11:06:47 - Row :81 - Processing item.
07-16-2025 @ 11:06:47 - Found simple product object. ID:1614
07-16-2025 @ 11:06:47 - Row :81 - Product imported successfully.
07-16-2025 @ 11:06:47 - Row :82 - Parsing item.
07-16-2025 @ 11:06:47 - Importing as new product ID:1615
07-16-2025 @ 11:06:47 - Row :82 - Processing item.
07-16-2025 @ 11:06:47 - Found simple product object. ID:1615
07-16-2025 @ 11:06:47 - Row :82 - Product imported successfully.
07-16-2025 @ 11:06:47 - Row :83 - Parsing item.
07-16-2025 @ 11:06:47 - Importing as new product ID:1616
07-16-2025 @ 11:06:47 - Row :83 - Processing item.
07-16-2025 @ 11:06:47 - Found simple product object. ID:1616
07-16-2025 @ 11:06:47 - Row :83 - Product imported successfully.
07-16-2025 @ 11:06:47 - Row :84 - Parsing item.
07-16-2025 @ 11:06:47 - Importing as new product ID:1617
07-16-2025 @ 11:06:47 - Row :84 - Processing item.
07-16-2025 @ 11:06:47 - Found simple product object. ID:1617
07-16-2025 @ 11:06:47 - Row :84 - Product imported successfully.
07-16-2025 @ 11:06:47 - Row :85 - Parsing item.
07-16-2025 @ 11:06:47 - Importing as new product ID:1618
07-16-2025 @ 11:06:47 - Row :85 - Processing item.
07-16-2025 @ 11:06:47 - Found simple product object. ID:1618
07-16-2025 @ 11:06:47 - Row :85 - Product imported successfully.
07-16-2025 @ 11:06:47 - Row :86 - Parsing item.
07-16-2025 @ 11:06:47 - Importing as new product ID:1619
07-16-2025 @ 11:06:47 - Row :86 - Processing item.
07-16-2025 @ 11:06:47 - Found simple product object. ID:1619
07-16-2025 @ 11:06:47 - Row :86 - Product imported successfully.
07-16-2025 @ 11:06:47 - Row :87 - Parsing item.
07-16-2025 @ 11:06:47 - Importing as new product ID:1620
07-16-2025 @ 11:06:47 - Row :87 - Processing item.
07-16-2025 @ 11:06:47 - Found simple product object. ID:1620
07-16-2025 @ 11:06:47 - Row :87 - Product imported successfully.
07-16-2025 @ 11:06:47 - Row :88 - Parsing item.
07-16-2025 @ 11:06:47 - Importing as new product ID:1621
07-16-2025 @ 11:06:47 - Row :88 - Processing item.
07-16-2025 @ 11:06:47 - Found simple product object. ID:1621
07-16-2025 @ 11:06:47 - Row :88 - Product imported successfully.
07-16-2025 @ 11:06:47 - Row :89 - Parsing item.
07-16-2025 @ 11:06:47 - Importing as new product ID:1622
07-16-2025 @ 11:06:47 - Row :89 - Processing item.
07-16-2025 @ 11:06:47 - Found simple product object. ID:1622
07-16-2025 @ 11:06:47 - Row :89 - Product imported successfully.
07-16-2025 @ 11:06:47 - Row :90 - Parsing item.
07-16-2025 @ 11:06:47 - Importing as new product ID:1623
07-16-2025 @ 11:06:47 - Row :90 - Processing item.
07-16-2025 @ 11:06:47 - Found simple product object. ID:1623
07-16-2025 @ 11:06:47 - Row :90 - Product imported successfully.
07-16-2025 @ 11:06:48 - Preparing for import.
07-16-2025 @ 11:06:48 - Row :91 - Parsing item.
07-16-2025 @ 11:06:48 - Importing as new product ID:1624
07-16-2025 @ 11:06:48 - Row :91 - Processing item.
07-16-2025 @ 11:06:48 - Found simple product object. ID:1624
07-16-2025 @ 11:06:48 - Row :91 - Product imported successfully.
07-16-2025 @ 11:06:48 - Row :92 - Parsing item.
07-16-2025 @ 11:06:48 - Importing as new product ID:1625
07-16-2025 @ 11:06:48 - Row :92 - Processing item.
07-16-2025 @ 11:06:48 - Found simple product object. ID:1625
07-16-2025 @ 11:06:48 - Row :92 - Product imported successfully.
07-16-2025 @ 11:06:48 - Row :93 - Parsing item.
07-16-2025 @ 11:06:48 - Importing as new product ID:1626
07-16-2025 @ 11:06:48 - Row :93 - Processing item.
07-16-2025 @ 11:06:48 - Found simple product object. ID:1626
07-16-2025 @ 11:06:48 - Row :93 - Product imported successfully.
07-16-2025 @ 11:06:48 - Row :94 - Parsing item.
07-16-2025 @ 11:06:48 - Importing as new product ID:1627
07-16-2025 @ 11:06:48 - Row :94 - Processing item.
07-16-2025 @ 11:06:48 - Found simple product object. ID:1627
07-16-2025 @ 11:06:48 - Row :94 - Product imported successfully.
07-16-2025 @ 11:06:48 - Row :95 - Parsing item.
07-16-2025 @ 11:06:48 - Importing as new product ID:1628
07-16-2025 @ 11:06:48 - Row :95 - Processing item.
07-16-2025 @ 11:06:48 - Found simple product object. ID:1628
07-16-2025 @ 11:06:48 - Row :95 - Product imported successfully.
07-16-2025 @ 11:06:48 - Row :96 - Parsing item.
07-16-2025 @ 11:06:48 - Importing as new product ID:1629
07-16-2025 @ 11:06:48 - Row :96 - Processing item.
07-16-2025 @ 11:06:48 - Found simple product object. ID:1629
07-16-2025 @ 11:06:48 - Row :96 - Product imported successfully.
07-16-2025 @ 11:06:48 - Row :97 - Parsing item.
07-16-2025 @ 11:06:48 - Importing as new product ID:1630
07-16-2025 @ 11:06:48 - Row :97 - Processing item.
07-16-2025 @ 11:06:48 - Found simple product object. ID:1630
07-16-2025 @ 11:06:48 - Row :97 - Product imported successfully.
07-16-2025 @ 11:06:48 - Row :98 - Parsing item.
07-16-2025 @ 11:06:48 - Importing as new product ID:1631
07-16-2025 @ 11:06:48 - Row :98 - Processing item.
07-16-2025 @ 11:06:48 - Found simple product object. ID:1631
07-16-2025 @ 11:06:48 - Row :98 - Product imported successfully.
07-16-2025 @ 11:06:48 - Row :99 - Parsing item.
07-16-2025 @ 11:06:48 - Importing as new product ID:1632
07-16-2025 @ 11:06:48 - Row :99 - Processing item.
07-16-2025 @ 11:06:48 - Found simple product object. ID:1632
07-16-2025 @ 11:06:48 - Row :99 - Product imported successfully.
07-16-2025 @ 11:06:48 - Row :100 - Parsing item.
07-16-2025 @ 11:06:48 - Importing as new product ID:1633
07-16-2025 @ 11:06:48 - Row :100 - Processing item.
07-16-2025 @ 11:06:48 - Found simple product object. ID:1633
07-16-2025 @ 11:06:49 - Row :100 - Product imported successfully.
07-16-2025 @ 11:06:49 - Preparing for import.
07-16-2025 @ 11:06:49 - Row :101 - Parsing item.
07-16-2025 @ 11:06:49 - Importing as new product ID:1634
07-16-2025 @ 11:06:49 - Row :101 - Processing item.
07-16-2025 @ 11:06:49 - Found simple product object. ID:1634
07-16-2025 @ 11:06:49 - Row :101 - Product imported successfully.
07-16-2025 @ 11:06:49 - Row :102 - Parsing item.
07-16-2025 @ 11:06:49 - Importing as new product ID:1635
07-16-2025 @ 11:06:49 - Row :102 - Processing item.
07-16-2025 @ 11:06:49 - Found simple product object. ID:1635
07-16-2025 @ 11:06:49 - Row :102 - Product imported successfully.
07-16-2025 @ 11:06:49 - Row :103 - Parsing item.
07-16-2025 @ 11:06:49 - Importing as new product ID:1636
07-16-2025 @ 11:06:49 - Row :103 - Processing item.
07-16-2025 @ 11:06:49 - Found simple product object. ID:1636
07-16-2025 @ 11:06:49 - Row :103 - Product imported successfully.
07-16-2025 @ 11:06:49 - Row :104 - Parsing item.
07-16-2025 @ 11:06:49 - Importing as new product ID:1637
07-16-2025 @ 11:06:49 - Row :104 - Processing item.
07-16-2025 @ 11:06:49 - Found simple product object. ID:1637
07-16-2025 @ 11:06:49 - Row :104 - Product imported successfully.
07-16-2025 @ 11:06:49 - Row :105 - Parsing item.
07-16-2025 @ 11:06:49 - Importing as new product ID:1638
07-16-2025 @ 11:06:49 - Row :105 - Processing item.
07-16-2025 @ 11:06:49 - Found simple product object. ID:1638
07-16-2025 @ 11:06:49 - Row :105 - Product imported successfully.
07-16-2025 @ 11:06:49 - Row :106 - Parsing item.
07-16-2025 @ 11:06:49 - Importing as new product ID:1639
07-16-2025 @ 11:06:49 - Row :106 - Processing item.
07-16-2025 @ 11:06:49 - Found simple product object. ID:1639
07-16-2025 @ 11:06:49 - Row :106 - Product imported successfully.
07-16-2025 @ 11:06:49 - Row :107 - Parsing item.
07-16-2025 @ 11:06:49 - Importing as new product ID:1640
07-16-2025 @ 11:06:49 - Row :107 - Processing item.
07-16-2025 @ 11:06:49 - Found simple product object. ID:1640
07-16-2025 @ 11:06:49 - Row :107 - Product imported successfully.
07-16-2025 @ 11:06:49 - Row :108 - Parsing item.
07-16-2025 @ 11:06:49 - Importing as new product ID:1641
07-16-2025 @ 11:06:49 - Row :108 - Processing item.
07-16-2025 @ 11:06:49 - Found simple product object. ID:1641
07-16-2025 @ 11:06:50 - Row :108 - Product imported successfully.
07-16-2025 @ 11:06:50 - Row :109 - Parsing item.
07-16-2025 @ 11:06:50 - Importing as new product ID:1642
07-16-2025 @ 11:06:50 - Row :109 - Processing item.
07-16-2025 @ 11:06:50 - Found simple product object. ID:1642
07-16-2025 @ 11:06:50 - Row :109 - Product imported successfully.
07-16-2025 @ 11:06:50 - Row :110 - Parsing item.
07-16-2025 @ 11:06:50 - Importing as new product ID:1643
07-16-2025 @ 11:06:50 - Row :110 - Processing item.
07-16-2025 @ 11:06:50 - Found simple product object. ID:1643
07-16-2025 @ 11:06:50 - Row :110 - Product imported successfully.
07-16-2025 @ 11:06:50 - Preparing for import.
07-16-2025 @ 11:06:50 - Row :111 - Parsing item.
07-16-2025 @ 11:06:50 - Importing as new product ID:1644
07-16-2025 @ 11:06:50 - Row :111 - Processing item.
07-16-2025 @ 11:06:50 - Found simple product object. ID:1644
07-16-2025 @ 11:06:50 - Row :111 - Product imported successfully.
07-16-2025 @ 11:06:50 - Row :112 - Parsing item.
07-16-2025 @ 11:06:50 - Importing as new product ID:1645
07-16-2025 @ 11:06:50 - Row :112 - Processing item.
07-16-2025 @ 11:06:50 - Found simple product object. ID:1645
07-16-2025 @ 11:06:50 - Row :112 - Product imported successfully.
07-16-2025 @ 11:06:50 - Row :113 - Parsing item.
07-16-2025 @ 11:06:50 - Importing as new product ID:1646
07-16-2025 @ 11:06:50 - Row :113 - Processing item.
07-16-2025 @ 11:06:50 - Found simple product object. ID:1646
07-16-2025 @ 11:06:50 - Row :113 - Product imported successfully.
07-16-2025 @ 11:06:50 - Row :114 - Parsing item.
07-16-2025 @ 11:06:50 - Importing as new product ID:1647
07-16-2025 @ 11:06:50 - Row :114 - Processing item.
07-16-2025 @ 11:06:50 - Found simple product object. ID:1647
07-16-2025 @ 11:06:50 - Row :114 - Product imported successfully.
07-16-2025 @ 11:06:50 - Row :115 - Parsing item.
07-16-2025 @ 11:06:50 - Importing as new product ID:1648
07-16-2025 @ 11:06:50 - Row :115 - Processing item.
07-16-2025 @ 11:06:50 - Found simple product object. ID:1648
07-16-2025 @ 11:06:51 - Row :115 - Product imported successfully.
07-16-2025 @ 11:06:51 - Row :116 - Parsing item.
07-16-2025 @ 11:06:51 - Importing as new product ID:1649
07-16-2025 @ 11:06:51 - Row :116 - Processing item.
07-16-2025 @ 11:06:51 - Found simple product object. ID:1649
07-16-2025 @ 11:06:51 - Row :116 - Product imported successfully.
07-16-2025 @ 11:06:51 - Row :117 - Parsing item.
07-16-2025 @ 11:06:51 - Importing as new product ID:1650
07-16-2025 @ 11:06:51 - Row :117 - Processing item.
07-16-2025 @ 11:06:51 - Found simple product object. ID:1650
07-16-2025 @ 11:06:51 - Row :117 - Product imported successfully.
07-16-2025 @ 11:06:51 - Row :118 - Parsing item.
07-16-2025 @ 11:06:51 - Importing as new product ID:1651
07-16-2025 @ 11:06:51 - Row :118 - Processing item.
07-16-2025 @ 11:06:51 - Found simple product object. ID:1651
07-16-2025 @ 11:06:51 - Row :118 - Product imported successfully.
07-16-2025 @ 11:06:51 - Row :119 - Parsing item.
07-16-2025 @ 11:06:51 - Importing as new product ID:1652
07-16-2025 @ 11:06:51 - Row :119 - Processing item.
07-16-2025 @ 11:06:51 - Found simple product object. ID:1652
07-16-2025 @ 11:06:51 - Row :119 - Product imported successfully.
07-16-2025 @ 11:06:51 - Row :120 - Parsing item.
07-16-2025 @ 11:06:51 - Importing as new product ID:1653
07-16-2025 @ 11:06:51 - Row :120 - Processing item.
07-16-2025 @ 11:06:51 - Found simple product object. ID:1653
07-16-2025 @ 11:06:51 - Row :120 - Product imported successfully.
07-16-2025 @ 11:06:52 - Preparing for import.
07-16-2025 @ 11:06:52 - Row :121 - Parsing item.
07-16-2025 @ 11:06:52 - Importing as new product ID:1654
07-16-2025 @ 11:06:52 - Row :121 - Processing item.
07-16-2025 @ 11:06:52 - Found simple product object. ID:1654
07-16-2025 @ 11:06:52 - Row :121 - Product imported successfully.
07-16-2025 @ 11:06:52 - Row :122 - Parsing item.
07-16-2025 @ 11:06:52 - Importing as new product ID:1655
07-16-2025 @ 11:06:52 - Row :122 - Processing item.
07-16-2025 @ 11:06:52 - Found simple product object. ID:1655
07-16-2025 @ 11:06:52 - Row :122 - Product imported successfully.
07-16-2025 @ 11:06:52 - Row :123 - Parsing item.
07-16-2025 @ 11:06:52 - Importing as new product ID:1656
07-16-2025 @ 11:06:52 - Row :123 - Processing item.
07-16-2025 @ 11:06:52 - Found simple product object. ID:1656
07-16-2025 @ 11:06:52 - Row :123 - Product imported successfully.
07-16-2025 @ 11:06:52 - Row :124 - Parsing item.
07-16-2025 @ 11:06:52 - Importing as new product ID:1657
07-16-2025 @ 11:06:52 - Row :124 - Processing item.
07-16-2025 @ 11:06:52 - Found simple product object. ID:1657
07-16-2025 @ 11:06:52 - Row :124 - Product imported successfully.
07-16-2025 @ 11:06:52 - Row :125 - Parsing item.
07-16-2025 @ 11:06:52 - Importing as new product ID:1658
07-16-2025 @ 11:06:52 - Row :125 - Processing item.
07-16-2025 @ 11:06:52 - Found simple product object. ID:1658
07-16-2025 @ 11:06:52 - Row :125 - Product imported successfully.
07-16-2025 @ 11:06:52 - Row :126 - Parsing item.
07-16-2025 @ 11:06:52 - Importing as new product ID:1659
07-16-2025 @ 11:06:52 - Row :126 - Processing item.
07-16-2025 @ 11:06:52 - Found simple product object. ID:1659
07-16-2025 @ 11:06:52 - Row :126 - Product imported successfully.
07-16-2025 @ 11:06:52 - Row :127 - Parsing item.
07-16-2025 @ 11:06:52 - Importing as new product ID:1660
07-16-2025 @ 11:06:52 - Row :127 - Processing item.
07-16-2025 @ 11:06:52 - Found simple product object. ID:1660
07-16-2025 @ 11:06:52 - Row :127 - Product imported successfully.
07-16-2025 @ 11:06:52 - Row :128 - Parsing item.
07-16-2025 @ 11:06:52 - Importing as new product ID:1661
07-16-2025 @ 11:06:52 - Row :128 - Processing item.
07-16-2025 @ 11:06:52 - Found simple product object. ID:1661
07-16-2025 @ 11:06:52 - Row :128 - Product imported successfully.
07-16-2025 @ 11:06:52 - Row :129 - Parsing item.
07-16-2025 @ 11:06:52 - Importing as new product ID:1662
07-16-2025 @ 11:06:52 - Row :129 - Processing item.
07-16-2025 @ 11:06:52 - Found simple product object. ID:1662
07-16-2025 @ 11:06:52 - Row :129 - Product imported successfully.
07-16-2025 @ 11:06:52 - Row :130 - Parsing item.
07-16-2025 @ 11:06:52 - Importing as new product ID:1663
07-16-2025 @ 11:06:52 - Row :130 - Processing item.
07-16-2025 @ 11:06:52 - Found simple product object. ID:1663
07-16-2025 @ 11:06:52 - Row :130 - Product imported successfully.
07-16-2025 @ 11:06:53 - Preparing for import.
07-16-2025 @ 11:06:53 - Row :131 - Parsing item.
07-16-2025 @ 11:06:53 - Importing as new product ID:1664
07-16-2025 @ 11:06:53 - Row :131 - Processing item.
07-16-2025 @ 11:06:53 - Found simple product object. ID:1664
07-16-2025 @ 11:06:53 - Row :131 - Product imported successfully.
07-16-2025 @ 11:06:53 - Row :132 - Parsing item.
07-16-2025 @ 11:06:53 - Importing as new product ID:1665
07-16-2025 @ 11:06:53 - Row :132 - Processing item.
07-16-2025 @ 11:06:53 - Found simple product object. ID:1665
07-16-2025 @ 11:06:53 - Row :132 - Product imported successfully.
07-16-2025 @ 11:06:53 - Row :133 - Parsing item.
07-16-2025 @ 11:06:53 - Importing as new product ID:1666
07-16-2025 @ 11:06:53 - Row :133 - Processing item.
07-16-2025 @ 11:06:53 - Found simple product object. ID:1666
07-16-2025 @ 11:06:53 - Row :133 - Product imported successfully.
07-16-2025 @ 11:06:53 - Row :134 - Parsing item.
07-16-2025 @ 11:06:53 - Importing as new product ID:1667
07-16-2025 @ 11:06:53 - Row :134 - Processing item.
07-16-2025 @ 11:06:53 - Found simple product object. ID:1667
07-16-2025 @ 11:06:53 - Row :134 - Product imported successfully.
07-16-2025 @ 11:06:53 - Row :135 - Parsing item.
07-16-2025 @ 11:06:53 - Importing as new product ID:1668
07-16-2025 @ 11:06:53 - Row :135 - Processing item.
07-16-2025 @ 11:06:53 - Found simple product object. ID:1668
07-16-2025 @ 11:06:53 - Row :135 - Product imported successfully.
07-16-2025 @ 11:06:53 - Row :136 - Parsing item.
07-16-2025 @ 11:06:53 - Importing as new product ID:1669
07-16-2025 @ 11:06:53 - Row :136 - Processing item.
07-16-2025 @ 11:06:53 - Found simple product object. ID:1669
07-16-2025 @ 11:06:53 - Row :136 - Product imported successfully.
07-16-2025 @ 11:06:53 - Row :137 - Parsing item.
07-16-2025 @ 11:06:53 - Importing as new product ID:1670
07-16-2025 @ 11:06:53 - Row :137 - Processing item.
07-16-2025 @ 11:06:53 - Found simple product object. ID:1670
07-16-2025 @ 11:06:53 - Row :137 - Product imported successfully.
07-16-2025 @ 11:06:53 - Row :138 - Parsing item.
07-16-2025 @ 11:06:53 - Importing as new product ID:1671
07-16-2025 @ 11:06:53 - Row :138 - Processing item.
07-16-2025 @ 11:06:53 - Found simple product object. ID:1671
07-16-2025 @ 11:06:53 - Row :138 - Product imported successfully.
07-16-2025 @ 11:06:53 - Row :139 - Parsing item.
07-16-2025 @ 11:06:53 - Importing as new product ID:1672
07-16-2025 @ 11:06:53 - Row :139 - Processing item.
07-16-2025 @ 11:06:53 - Found simple product object. ID:1672
07-16-2025 @ 11:06:53 - Row :139 - Product imported successfully.
07-16-2025 @ 11:06:53 - Row :140 - Parsing item.
07-16-2025 @ 11:06:53 - Importing as new product ID:1673
07-16-2025 @ 11:06:53 - Row :140 - Processing item.
07-16-2025 @ 11:06:53 - Found simple product object. ID:1673
07-16-2025 @ 11:06:53 - Row :140 - Product imported successfully.
07-16-2025 @ 11:06:54 - Preparing for import.
07-16-2025 @ 11:06:54 - Row :141 - Parsing item.
07-16-2025 @ 11:06:54 - Importing as new product ID:1674
07-16-2025 @ 11:06:54 - Row :141 - Processing item.
07-16-2025 @ 11:06:54 - Found simple product object. ID:1674
07-16-2025 @ 11:06:54 - Row :141 - Product imported successfully.
07-16-2025 @ 11:06:54 - Row :142 - Parsing item.
07-16-2025 @ 11:06:54 - Importing as new product ID:1675
07-16-2025 @ 11:06:54 - Row :142 - Processing item.
07-16-2025 @ 11:06:54 - Found simple product object. ID:1675
07-16-2025 @ 11:06:54 - Row :142 - Product imported successfully.
07-16-2025 @ 11:06:54 - Row :143 - Parsing item.
07-16-2025 @ 11:06:54 - Importing as new product ID:1676
07-16-2025 @ 11:06:54 - Row :143 - Processing item.
07-16-2025 @ 11:06:54 - Found simple product object. ID:1676
07-16-2025 @ 11:06:54 - Row :143 - Product imported successfully.
07-16-2025 @ 11:06:54 - Row :144 - Parsing item.
07-16-2025 @ 11:06:54 - Importing as new product ID:1677
07-16-2025 @ 11:06:54 - Row :144 - Processing item.
07-16-2025 @ 11:06:54 - Found simple product object. ID:1677
07-16-2025 @ 11:06:54 - Row :144 - Product imported successfully.
07-16-2025 @ 11:06:54 - Row :145 - Parsing item.
07-16-2025 @ 11:06:54 - Importing as new product ID:1678
07-16-2025 @ 11:06:54 - Row :145 - Processing item.
07-16-2025 @ 11:06:54 - Found simple product object. ID:1678
07-16-2025 @ 11:06:54 - Row :145 - Product imported successfully.
07-16-2025 @ 11:06:54 - Row :146 - Parsing item.
07-16-2025 @ 11:06:54 - Importing as new product ID:1679
07-16-2025 @ 11:06:54 - Row :146 - Processing item.
07-16-2025 @ 11:06:54 - Found simple product object. ID:1679
07-16-2025 @ 11:06:54 - Row :146 - Product imported successfully.
07-16-2025 @ 11:06:54 - Row :147 - Parsing item.
07-16-2025 @ 11:06:54 - Importing as new product ID:1680
07-16-2025 @ 11:06:54 - Row :147 - Processing item.
07-16-2025 @ 11:06:54 - Found simple product object. ID:1680
07-16-2025 @ 11:06:54 - Row :147 - Product imported successfully.
07-16-2025 @ 11:06:54 - Row :148 - Parsing item.
07-16-2025 @ 11:06:54 - Importing as new product ID:1681
07-16-2025 @ 11:06:54 - Row :148 - Processing item.
07-16-2025 @ 11:06:54 - Found simple product object. ID:1681
07-16-2025 @ 11:06:54 - Row :148 - Product imported successfully.
07-16-2025 @ 11:06:54 - Row :149 - Parsing item.
07-16-2025 @ 11:06:54 - Importing as new product ID:1682
07-16-2025 @ 11:06:54 - Row :149 - Processing item.
07-16-2025 @ 11:06:54 - Found simple product object. ID:1682
07-16-2025 @ 11:06:54 - Row :149 - Product imported successfully.
07-16-2025 @ 11:06:54 - Row :150 - Parsing item.
07-16-2025 @ 11:06:54 - Importing as new product ID:1683
07-16-2025 @ 11:06:54 - Row :150 - Processing item.
07-16-2025 @ 11:06:54 - Found simple product object. ID:1683
07-16-2025 @ 11:06:54 - Row :150 - Product imported successfully.
07-16-2025 @ 11:06:55 - Preparing for import.
07-16-2025 @ 11:06:55 - Row :151 - Parsing item.
07-16-2025 @ 11:06:55 - Importing as new product ID:1684
07-16-2025 @ 11:06:55 - Row :151 - Processing item.
07-16-2025 @ 11:06:55 - Found simple product object. ID:1684
07-16-2025 @ 11:06:55 - Row :151 - Product imported successfully.
07-16-2025 @ 11:06:55 - Row :152 - Parsing item.
07-16-2025 @ 11:06:55 - Importing as new product ID:1685
07-16-2025 @ 11:06:55 - Row :152 - Processing item.
07-16-2025 @ 11:06:55 - Found simple product object. ID:1685
07-16-2025 @ 11:06:55 - Row :152 - Product imported successfully.
07-16-2025 @ 11:06:55 - Row :153 - Parsing item.
07-16-2025 @ 11:06:55 - Importing as new product ID:1686
07-16-2025 @ 11:06:55 - Row :153 - Processing item.
07-16-2025 @ 11:06:55 - Found simple product object. ID:1686
07-16-2025 @ 11:06:55 - Row :153 - Product imported successfully.
07-16-2025 @ 11:06:55 - Row :154 - Parsing item.
07-16-2025 @ 11:06:55 - Importing as new product ID:1687
07-16-2025 @ 11:06:55 - Row :154 - Processing item.
07-16-2025 @ 11:06:55 - Found simple product object. ID:1687
07-16-2025 @ 11:06:55 - Row :154 - Product imported successfully.
07-16-2025 @ 11:06:55 - Row :155 - Parsing item.
07-16-2025 @ 11:06:55 - Importing as new product ID:1688
07-16-2025 @ 11:06:55 - Row :155 - Processing item.
07-16-2025 @ 11:06:55 - Found simple product object. ID:1688
07-16-2025 @ 11:06:55 - Row :155 - Product imported successfully.
07-16-2025 @ 11:06:55 - Row :156 - Parsing item.
07-16-2025 @ 11:06:55 - Importing as new product ID:1689
07-16-2025 @ 11:06:55 - Row :156 - Processing item.
07-16-2025 @ 11:06:55 - Found simple product object. ID:1689
07-16-2025 @ 11:06:55 - Row :156 - Product imported successfully.
07-16-2025 @ 11:06:55 - Row :157 - Parsing item.
07-16-2025 @ 11:06:55 - Importing as new product ID:1690
07-16-2025 @ 11:06:55 - Row :157 - Processing item.
07-16-2025 @ 11:06:55 - Found simple product object. ID:1690
07-16-2025 @ 11:06:55 - Row :157 - Product imported successfully.
07-16-2025 @ 11:06:55 - Row :158 - Parsing item.
07-16-2025 @ 11:06:55 - Importing as new product ID:1691
07-16-2025 @ 11:06:55 - Row :158 - Processing item.
07-16-2025 @ 11:06:55 - Found simple product object. ID:1691
07-16-2025 @ 11:06:55 - Row :158 - Product imported successfully.
07-16-2025 @ 11:06:55 - Row :159 - Parsing item.
07-16-2025 @ 11:06:55 - Importing as new product ID:1692
07-16-2025 @ 11:06:55 - Row :159 - Processing item.
07-16-2025 @ 11:06:55 - Found simple product object. ID:1692
07-16-2025 @ 11:06:55 - Row :159 - Product imported successfully.
07-16-2025 @ 11:06:55 - Row :160 - Parsing item.
07-16-2025 @ 11:06:55 - Importing as new product ID:1693
07-16-2025 @ 11:06:55 - Row :160 - Processing item.
07-16-2025 @ 11:06:55 - Found simple product object. ID:1693
07-16-2025 @ 11:06:55 - Row :160 - Product imported successfully.
07-16-2025 @ 11:06:56 - Preparing for import.
07-16-2025 @ 11:06:56 - Row :161 - Parsing item.
07-16-2025 @ 11:06:56 - Importing as new product ID:1694
07-16-2025 @ 11:06:56 - Row :161 - Processing item.
07-16-2025 @ 11:06:56 - Found simple product object. ID:1694
07-16-2025 @ 11:06:56 - Row :161 - Product imported successfully.
07-16-2025 @ 11:06:56 - Row :162 - Parsing item.
07-16-2025 @ 11:06:56 - Importing as new product ID:1695
07-16-2025 @ 11:06:56 - Row :162 - Processing item.
07-16-2025 @ 11:06:56 - Found simple product object. ID:1695
07-16-2025 @ 11:06:56 - Row :162 - Product imported successfully.
07-16-2025 @ 11:06:56 - Row :163 - Parsing item.
07-16-2025 @ 11:06:56 - Importing as new product ID:1696
07-16-2025 @ 11:06:56 - Row :163 - Processing item.
07-16-2025 @ 11:06:56 - Found simple product object. ID:1696
07-16-2025 @ 11:06:56 - Row :163 - Product imported successfully.
07-16-2025 @ 11:06:56 - Row :164 - Parsing item.
07-16-2025 @ 11:06:56 - Importing as new product ID:1697
07-16-2025 @ 11:06:56 - Row :164 - Processing item.
07-16-2025 @ 11:06:56 - Found simple product object. ID:1697
07-16-2025 @ 11:06:56 - Row :164 - Product imported successfully.
07-16-2025 @ 11:06:56 - Row :165 - Parsing item.
07-16-2025 @ 11:06:56 - Importing as new product ID:1698
07-16-2025 @ 11:06:56 - Row :165 - Processing item.
07-16-2025 @ 11:06:56 - Found simple product object. ID:1698
07-16-2025 @ 11:06:56 - Row :165 - Product imported successfully.
07-16-2025 @ 11:06:56 - Row :166 - Parsing item.
07-16-2025 @ 11:06:56 - Importing as new product ID:1699
07-16-2025 @ 11:06:56 - Row :166 - Processing item.
07-16-2025 @ 11:06:56 - Found simple product object. ID:1699
07-16-2025 @ 11:06:56 - Row :166 - Product imported successfully.
07-16-2025 @ 11:06:56 - Row :167 - Parsing item.
07-16-2025 @ 11:06:56 - Importing as new product ID:1700
07-16-2025 @ 11:06:56 - Row :167 - Processing item.
07-16-2025 @ 11:06:56 - Found simple product object. ID:1700
07-16-2025 @ 11:06:56 - Row :167 - Product imported successfully.
07-16-2025 @ 11:06:56 - Row :168 - Parsing item.
07-16-2025 @ 11:06:56 - Importing as new product ID:1701
07-16-2025 @ 11:06:56 - Row :168 - Processing item.
07-16-2025 @ 11:06:56 - Found simple product object. ID:1701
07-16-2025 @ 11:06:56 - Row :168 - Product imported successfully.
07-16-2025 @ 11:06:56 - Row :169 - Parsing item.
07-16-2025 @ 11:06:56 - Importing as new product ID:1702
07-16-2025 @ 11:06:56 - Row :169 - Processing item.
07-16-2025 @ 11:06:56 - Found simple product object. ID:1702
07-16-2025 @ 11:06:56 - Row :169 - Product imported successfully.
07-16-2025 @ 11:06:56 - Row :170 - Parsing item.
07-16-2025 @ 11:06:56 - Importing as new product ID:1703
07-16-2025 @ 11:06:56 - Row :170 - Processing item.
07-16-2025 @ 11:06:56 - Found simple product object. ID:1703
07-16-2025 @ 11:06:56 - Row :170 - Product imported successfully.
07-16-2025 @ 11:06:57 - Preparing for import.
07-16-2025 @ 11:06:57 - Row :171 - Parsing item.
07-16-2025 @ 11:06:57 - Importing as new product ID:1704
07-16-2025 @ 11:06:57 - Row :171 - Processing item.
07-16-2025 @ 11:06:57 - Found simple product object. ID:1704
07-16-2025 @ 11:06:57 - Row :171 - Product imported successfully.
07-16-2025 @ 11:06:57 - Row :172 - Parsing item.
07-16-2025 @ 11:06:57 - Importing as new product ID:1705
07-16-2025 @ 11:06:57 - Row :172 - Processing item.
07-16-2025 @ 11:06:57 - Found simple product object. ID:1705
07-16-2025 @ 11:06:57 - Row :172 - Product imported successfully.
07-16-2025 @ 11:06:57 - Row :173 - Parsing item.
07-16-2025 @ 11:06:57 - Importing as new product ID:1706
07-16-2025 @ 11:06:57 - Row :173 - Processing item.
07-16-2025 @ 11:06:57 - Found simple product object. ID:1706
07-16-2025 @ 11:06:57 - Row :173 - Product imported successfully.
07-16-2025 @ 11:06:57 - Row :174 - Parsing item.
07-16-2025 @ 11:06:57 - Importing as new product ID:1707
07-16-2025 @ 11:06:57 - Row :174 - Processing item.
07-16-2025 @ 11:06:57 - Found simple product object. ID:1707
07-16-2025 @ 11:06:57 - Row :174 - Product imported successfully.
07-16-2025 @ 11:06:57 - Row :175 - Parsing item.
07-16-2025 @ 11:06:57 - Importing as new product ID:1708
07-16-2025 @ 11:06:57 - Row :175 - Processing item.
07-16-2025 @ 11:06:57 - Found simple product object. ID:1708
07-16-2025 @ 11:06:57 - Row :175 - Product imported successfully.
07-16-2025 @ 11:06:57 - Row :176 - Parsing item.
07-16-2025 @ 11:06:57 - Importing as new product ID:1709
07-16-2025 @ 11:06:57 - Row :176 - Processing item.
07-16-2025 @ 11:06:57 - Found simple product object. ID:1709
07-16-2025 @ 11:06:57 - Row :176 - Product imported successfully.
07-16-2025 @ 11:06:57 - Row :177 - Parsing item.
07-16-2025 @ 11:06:57 - Importing as new product ID:1710
07-16-2025 @ 11:06:57 - Row :177 - Processing item.
07-16-2025 @ 11:06:57 - Found simple product object. ID:1710
07-16-2025 @ 11:06:57 - Row :177 - Product imported successfully.
07-16-2025 @ 11:06:57 - Row :178 - Parsing item.
07-16-2025 @ 11:06:57 - Importing as new product ID:1711
07-16-2025 @ 11:06:57 - Row :178 - Processing item.
07-16-2025 @ 11:06:57 - Found simple product object. ID:1711
07-16-2025 @ 11:06:57 - Row :178 - Product imported successfully.
07-16-2025 @ 11:06:57 - Row :179 - Parsing item.
07-16-2025 @ 11:06:57 - Importing as new product ID:1712
07-16-2025 @ 11:06:57 - Row :179 - Processing item.
07-16-2025 @ 11:06:57 - Found simple product object. ID:1712
07-16-2025 @ 11:06:57 - Row :179 - Product imported successfully.
07-16-2025 @ 11:06:57 - Row :180 - Parsing item.
07-16-2025 @ 11:06:57 - Importing as new product ID:1713
07-16-2025 @ 11:06:57 - Row :180 - Processing item.
07-16-2025 @ 11:06:57 - Found simple product object. ID:1713
07-16-2025 @ 11:06:57 - Row :180 - Product imported successfully.
07-16-2025 @ 11:06:58 - Preparing for import.
07-16-2025 @ 11:06:58 - Row :181 - Parsing item.
07-16-2025 @ 11:06:58 - Importing as new product ID:1714
07-16-2025 @ 11:06:58 - Row :181 - Processing item.
07-16-2025 @ 11:06:58 - Found simple product object. ID:1714
07-16-2025 @ 11:06:58 - Row :181 - Product imported successfully.
07-16-2025 @ 11:06:58 - Row :182 - Parsing item.
07-16-2025 @ 11:06:58 - Importing as new product ID:1715
07-16-2025 @ 11:06:58 - Row :182 - Processing item.
07-16-2025 @ 11:06:58 - Found simple product object. ID:1715
07-16-2025 @ 11:06:58 - Row :182 - Product imported successfully.
07-16-2025 @ 11:06:58 - Row :183 - Parsing item.
07-16-2025 @ 11:06:58 - Importing as new product ID:1716
07-16-2025 @ 11:06:58 - Row :183 - Processing item.
07-16-2025 @ 11:06:58 - Found simple product object. ID:1716
07-16-2025 @ 11:06:58 - Row :183 - Product imported successfully.
07-16-2025 @ 11:06:58 - Row :184 - Parsing item.
07-16-2025 @ 11:06:58 - Importing as new product ID:1717
07-16-2025 @ 11:06:58 - Row :184 - Processing item.
07-16-2025 @ 11:06:58 - Found simple product object. ID:1717
07-16-2025 @ 11:06:58 - Row :184 - Product imported successfully.
07-16-2025 @ 11:06:58 - Row :185 - Parsing item.
07-16-2025 @ 11:06:58 - Importing as new product ID:1718
07-16-2025 @ 11:06:58 - Row :185 - Processing item.
07-16-2025 @ 11:06:58 - Found simple product object. ID:1718
07-16-2025 @ 11:06:58 - Row :185 - Product imported successfully.
07-16-2025 @ 11:06:58 - Row :186 - Parsing item.
07-16-2025 @ 11:06:58 - Importing as new product ID:1719
07-16-2025 @ 11:06:58 - Row :186 - Processing item.
07-16-2025 @ 11:06:58 - Found simple product object. ID:1719
07-16-2025 @ 11:06:58 - Row :186 - Product imported successfully.
07-16-2025 @ 11:06:58 - Row :187 - Parsing item.
07-16-2025 @ 11:06:58 - Importing as new product ID:1720
07-16-2025 @ 11:06:58 - Row :187 - Processing item.
07-16-2025 @ 11:06:58 - Found simple product object. ID:1720
07-16-2025 @ 11:06:58 - Row :187 - Product imported successfully.
07-16-2025 @ 11:06:58 - Row :188 - Parsing item.
07-16-2025 @ 11:06:58 - Importing as new product ID:1721
07-16-2025 @ 11:06:58 - Row :188 - Processing item.
07-16-2025 @ 11:06:58 - Found simple product object. ID:1721
07-16-2025 @ 11:06:58 - Row :188 - Product imported successfully.
07-16-2025 @ 11:06:58 - Row :189 - Parsing item.
07-16-2025 @ 11:06:58 - Importing as new product ID:1722
07-16-2025 @ 11:06:58 - Row :189 - Processing item.
07-16-2025 @ 11:06:58 - Found simple product object. ID:1722
07-16-2025 @ 11:06:58 - Row :189 - Product imported successfully.
07-16-2025 @ 11:06:58 - Row :190 - Parsing item.
07-16-2025 @ 11:06:58 - Importing as new product ID:1723
07-16-2025 @ 11:06:58 - Row :190 - Processing item.
07-16-2025 @ 11:06:58 - Found simple product object. ID:1723
07-16-2025 @ 11:06:58 - Row :190 - Product imported successfully.
07-16-2025 @ 11:06:59 - Preparing for import.
07-16-2025 @ 11:06:59 - Row :191 - Parsing item.
07-16-2025 @ 11:06:59 - Importing as new product ID:1724
07-16-2025 @ 11:06:59 - Row :191 - Processing item.
07-16-2025 @ 11:06:59 - Found simple product object. ID:1724
07-16-2025 @ 11:06:59 - Row :191 - Product imported successfully.
07-16-2025 @ 11:06:59 - Row :192 - Parsing item.
07-16-2025 @ 11:06:59 - Importing as new product ID:1725
07-16-2025 @ 11:06:59 - Row :192 - Processing item.
07-16-2025 @ 11:06:59 - Found simple product object. ID:1725
07-16-2025 @ 11:06:59 - Row :192 - Product imported successfully.
07-16-2025 @ 11:06:59 - Row :193 - Parsing item.
07-16-2025 @ 11:06:59 - Importing as new product ID:1726
07-16-2025 @ 11:06:59 - Row :193 - Processing item.
07-16-2025 @ 11:06:59 - Found simple product object. ID:1726
07-16-2025 @ 11:06:59 - Row :193 - Product imported successfully.
07-16-2025 @ 11:06:59 - Row :194 - Parsing item.
07-16-2025 @ 11:06:59 - Importing as new product ID:1727
07-16-2025 @ 11:06:59 - Row :194 - Processing item.
07-16-2025 @ 11:06:59 - Found simple product object. ID:1727
07-16-2025 @ 11:06:59 - Row :194 - Product imported successfully.
07-16-2025 @ 11:06:59 - Row :195 - Parsing item.
07-16-2025 @ 11:06:59 - Importing as new product ID:1728
07-16-2025 @ 11:06:59 - Row :195 - Processing item.
07-16-2025 @ 11:06:59 - Found simple product object. ID:1728
07-16-2025 @ 11:06:59 - Row :195 - Product imported successfully.
07-16-2025 @ 11:06:59 - Row :196 - Parsing item.
07-16-2025 @ 11:06:59 - Importing as new product ID:1729
07-16-2025 @ 11:06:59 - Row :196 - Processing item.
07-16-2025 @ 11:06:59 - Found simple product object. ID:1729
07-16-2025 @ 11:06:59 - Row :196 - Product imported successfully.
07-16-2025 @ 11:06:59 - Row :197 - Parsing item.
07-16-2025 @ 11:06:59 - Importing as new product ID:1730
07-16-2025 @ 11:06:59 - Row :197 - Processing item.
07-16-2025 @ 11:06:59 - Found simple product object. ID:1730
07-16-2025 @ 11:06:59 - Row :197 - Product imported successfully.
07-16-2025 @ 11:06:59 - Row :198 - Parsing item.
07-16-2025 @ 11:06:59 - Importing as new product ID:1731
07-16-2025 @ 11:06:59 - Row :198 - Processing item.
07-16-2025 @ 11:06:59 - Found simple product object. ID:1731
07-16-2025 @ 11:06:59 - Row :198 - Product imported successfully.
07-16-2025 @ 11:06:59 - Row :199 - Parsing item.
07-16-2025 @ 11:06:59 - Importing as new product ID:1732
07-16-2025 @ 11:06:59 - Row :199 - Processing item.
07-16-2025 @ 11:06:59 - Found simple product object. ID:1732
07-16-2025 @ 11:06:59 - Row :199 - Product imported successfully.
07-16-2025 @ 11:06:59 - Row :200 - Parsing item.
07-16-2025 @ 11:06:59 - Importing as new product ID:1733
07-16-2025 @ 11:06:59 - Row :200 - Processing item.
07-16-2025 @ 11:06:59 - Found simple product object. ID:1733
07-16-2025 @ 11:06:59 - Row :200 - Product imported successfully.
07-16-2025 @ 11:07:00 - Preparing for import.
07-16-2025 @ 11:07:00 - Row :201 - Parsing item.
07-16-2025 @ 11:07:00 - Importing as new product ID:1734
07-16-2025 @ 11:07:00 - Row :201 - Processing item.
07-16-2025 @ 11:07:00 - Found simple product object. ID:1734
07-16-2025 @ 11:07:00 - Row :201 - Product imported successfully.
07-16-2025 @ 11:07:00 - Row :202 - Parsing item.
07-16-2025 @ 11:07:00 - Importing as new product ID:1735
07-16-2025 @ 11:07:00 - Row :202 - Processing item.
07-16-2025 @ 11:07:00 - Found simple product object. ID:1735
07-16-2025 @ 11:07:00 - Row :202 - Product imported successfully.
07-16-2025 @ 11:07:00 - Row :203 - Parsing item.
07-16-2025 @ 11:07:00 - Importing as new product ID:1736
07-16-2025 @ 11:07:00 - Row :203 - Processing item.
07-16-2025 @ 11:07:00 - Found simple product object. ID:1736
07-16-2025 @ 11:07:00 - Row :203 - Product imported successfully.
07-16-2025 @ 11:07:00 - Row :204 - Parsing item.
07-16-2025 @ 11:07:00 - Importing as new product ID:1737
07-16-2025 @ 11:07:00 - Row :204 - Processing item.
07-16-2025 @ 11:07:00 - Found simple product object. ID:1737
07-16-2025 @ 11:07:00 - Row :204 - Product imported successfully.
07-16-2025 @ 11:07:00 - Row :205 - Parsing item.
07-16-2025 @ 11:07:00 - Importing as new product ID:1738
07-16-2025 @ 11:07:00 - Row :205 - Processing item.
07-16-2025 @ 11:07:00 - Found simple product object. ID:1738
07-16-2025 @ 11:07:00 - Row :205 - Product imported successfully.
07-16-2025 @ 11:07:00 - Row :206 - Parsing item.
07-16-2025 @ 11:07:00 - Importing as new product ID:1739
07-16-2025 @ 11:07:00 - Row :206 - Processing item.
07-16-2025 @ 11:07:00 - Found simple product object. ID:1739
07-16-2025 @ 11:07:00 - Row :206 - Product imported successfully.
07-16-2025 @ 11:07:00 - Row :207 - Parsing item.
07-16-2025 @ 11:07:00 - Importing as new product ID:1740
07-16-2025 @ 11:07:00 - Row :207 - Processing item.
07-16-2025 @ 11:07:00 - Found simple product object. ID:1740
07-16-2025 @ 11:07:00 - Row :207 - Product imported successfully.
07-16-2025 @ 11:07:00 - Row :208 - Parsing item.
07-16-2025 @ 11:07:00 - Importing as new product ID:1741
07-16-2025 @ 11:07:00 - Row :208 - Processing item.
07-16-2025 @ 11:07:00 - Found simple product object. ID:1741
07-16-2025 @ 11:07:00 - Row :208 - Product imported successfully.
07-16-2025 @ 11:07:00 - Row :209 - Parsing item.
07-16-2025 @ 11:07:00 - Importing as new product ID:1742
07-16-2025 @ 11:07:00 - Row :209 - Processing item.
07-16-2025 @ 11:07:00 - Found simple product object. ID:1742
07-16-2025 @ 11:07:00 - Row :209 - Product imported successfully.
07-16-2025 @ 11:07:00 - Row :210 - Parsing item.
07-16-2025 @ 11:07:00 - Importing as new product ID:1743
07-16-2025 @ 11:07:00 - Row :210 - Processing item.
07-16-2025 @ 11:07:00 - Found simple product object. ID:1743
07-16-2025 @ 11:07:00 - Row :210 - Product imported successfully.
07-16-2025 @ 11:07:01 - Preparing for import.
07-16-2025 @ 11:07:01 - Row :211 - Parsing item.
07-16-2025 @ 11:07:01 - Importing as new product ID:1744
07-16-2025 @ 11:07:01 - Row :211 - Processing item.
07-16-2025 @ 11:07:01 - Found simple product object. ID:1744
07-16-2025 @ 11:07:01 - Row :211 - Product imported successfully.
07-16-2025 @ 11:07:01 - Row :212 - Parsing item.
07-16-2025 @ 11:07:01 - Importing as new product ID:1745
07-16-2025 @ 11:07:01 - Row :212 - Processing item.
07-16-2025 @ 11:07:01 - Found simple product object. ID:1745
07-16-2025 @ 11:07:01 - Row :212 - Product imported successfully.
07-16-2025 @ 11:07:01 - Row :213 - Parsing item.
07-16-2025 @ 11:07:01 - Importing as new product ID:1746
07-16-2025 @ 11:07:01 - Row :213 - Processing item.
07-16-2025 @ 11:07:01 - Found simple product object. ID:1746
07-16-2025 @ 11:07:01 - Row :213 - Product imported successfully.
07-16-2025 @ 11:07:01 - Row :214 - Parsing item.
07-16-2025 @ 11:07:01 - Importing as new product ID:1747
07-16-2025 @ 11:07:01 - Row :214 - Processing item.
07-16-2025 @ 11:07:01 - Found simple product object. ID:1747
07-16-2025 @ 11:07:01 - Row :214 - Product imported successfully.
07-16-2025 @ 11:07:01 - Row :215 - Parsing item.
07-16-2025 @ 11:07:01 - Importing as new product ID:1748
07-16-2025 @ 11:07:01 - Row :215 - Processing item.
07-16-2025 @ 11:07:01 - Found simple product object. ID:1748
07-16-2025 @ 11:07:01 - Row :215 - Product imported successfully.
07-16-2025 @ 11:07:01 - Row :216 - Parsing item.
07-16-2025 @ 11:07:01 - Importing as new product ID:1749
07-16-2025 @ 11:07:01 - Row :216 - Processing item.
07-16-2025 @ 11:07:01 - Found simple product object. ID:1749
07-16-2025 @ 11:07:01 - Row :216 - Product imported successfully.
07-16-2025 @ 11:07:01 - Row :217 - Parsing item.
07-16-2025 @ 11:07:01 - Importing as new product ID:1750
07-16-2025 @ 11:07:01 - Row :217 - Processing item.
07-16-2025 @ 11:07:01 - Found simple product object. ID:1750
07-16-2025 @ 11:07:01 - Row :217 - Product imported successfully.
07-16-2025 @ 11:07:01 - Row :218 - Parsing item.
07-16-2025 @ 11:07:01 - Importing as new product ID:1751
07-16-2025 @ 11:07:01 - Row :218 - Processing item.
07-16-2025 @ 11:07:01 - Found simple product object. ID:1751
07-16-2025 @ 11:07:01 - Row :218 - Product imported successfully.
07-16-2025 @ 11:07:01 - Row :219 - Parsing item.
07-16-2025 @ 11:07:01 - Importing as new product ID:1752
07-16-2025 @ 11:07:01 - Row :219 - Processing item.
07-16-2025 @ 11:07:01 - Found simple product object. ID:1752
07-16-2025 @ 11:07:02 - Row :219 - Product imported successfully.
07-16-2025 @ 11:07:02 - Row :220 - Parsing item.
07-16-2025 @ 11:07:02 - Importing as new product ID:1753
07-16-2025 @ 11:07:02 - Row :220 - Processing item.
07-16-2025 @ 11:07:02 - Found simple product object. ID:1753
07-16-2025 @ 11:07:02 - Row :220 - Product imported successfully.
07-16-2025 @ 11:07:02 - Preparing for import.
07-16-2025 @ 11:07:02 - Row :221 - Parsing item.
07-16-2025 @ 11:07:02 - Importing as new product ID:1754
07-16-2025 @ 11:07:02 - Row :221 - Processing item.
07-16-2025 @ 11:07:02 - Found simple product object. ID:1754
07-16-2025 @ 11:07:02 - Row :221 - Product imported successfully.
07-16-2025 @ 11:07:02 - Row :222 - Parsing item.
07-16-2025 @ 11:07:02 - Importing as new product ID:1755
07-16-2025 @ 11:07:02 - Row :222 - Processing item.
07-16-2025 @ 11:07:02 - Found simple product object. ID:1755
07-16-2025 @ 11:07:02 - Row :222 - Product imported successfully.
07-16-2025 @ 11:07:02 - Row :223 - Parsing item.
07-16-2025 @ 11:07:02 - Importing as new product ID:1756
07-16-2025 @ 11:07:02 - Row :223 - Processing item.
07-16-2025 @ 11:07:02 - Found simple product object. ID:1756
07-16-2025 @ 11:07:02 - Row :223 - Product imported successfully.
07-16-2025 @ 11:07:02 - Row :224 - Parsing item.
07-16-2025 @ 11:07:02 - Importing as new product ID:1757
07-16-2025 @ 11:07:02 - Row :224 - Processing item.
07-16-2025 @ 11:07:02 - Found simple product object. ID:1757
07-16-2025 @ 11:07:02 - Row :224 - Product imported successfully.
07-16-2025 @ 11:07:02 - Row :225 - Parsing item.
07-16-2025 @ 11:07:02 - Importing as new product ID:1758
07-16-2025 @ 11:07:02 - Row :225 - Processing item.
07-16-2025 @ 11:07:02 - Found simple product object. ID:1758
07-16-2025 @ 11:07:02 - Row :225 - Product imported successfully.
07-16-2025 @ 11:07:02 - Row :226 - Parsing item.
07-16-2025 @ 11:07:02 - Importing as new product ID:1759
07-16-2025 @ 11:07:02 - Row :226 - Processing item.
07-16-2025 @ 11:07:02 - Found simple product object. ID:1759
07-16-2025 @ 11:07:03 - Row :226 - Product imported successfully.
07-16-2025 @ 11:07:03 - Row :227 - Parsing item.
07-16-2025 @ 11:07:03 - Importing as new product ID:1760
07-16-2025 @ 11:07:03 - Row :227 - Processing item.
07-16-2025 @ 11:07:03 - Found simple product object. ID:1760
07-16-2025 @ 11:07:03 - Row :227 - Product imported successfully.
07-16-2025 @ 11:07:03 - Row :228 - Parsing item.
07-16-2025 @ 11:07:03 - Importing as new product ID:1761
07-16-2025 @ 11:07:03 - Row :228 - Processing item.
07-16-2025 @ 11:07:03 - Found simple product object. ID:1761
07-16-2025 @ 11:07:03 - Row :228 - Product imported successfully.
07-16-2025 @ 11:07:03 - Row :229 - Parsing item.
07-16-2025 @ 11:07:03 - Importing as new product ID:1762
07-16-2025 @ 11:07:03 - Row :229 - Processing item.
07-16-2025 @ 11:07:03 - Found simple product object. ID:1762
07-16-2025 @ 11:07:03 - Row :229 - Product imported successfully.
07-16-2025 @ 11:07:03 - Row :230 - Parsing item.
07-16-2025 @ 11:07:03 - Importing as new product ID:1763
07-16-2025 @ 11:07:03 - Row :230 - Processing item.
07-16-2025 @ 11:07:03 - Found simple product object. ID:1763
07-16-2025 @ 11:07:03 - Row :230 - Product imported successfully.
07-16-2025 @ 11:07:03 - ---[ Import ended at 2025-07-16 16:07:03]---
