09-23-2024 @ 09:21:25 - ---[ New import started at 2024-09-23 14:21:25 ] PHP Memory: 1 GB, WP Memory: 40 MB
09-23-2024 @ 09:21:25 - Preparing for import.
09-23-2024 @ 09:21:25 - Row :1 - Parsing item.
09-23-2024 @ 09:21:25 - Importing as new product ID:443
09-23-2024 @ 09:21:25 - Row :1 - Processing item.
09-23-2024 @ 09:21:25 - Found simple product object. ID:443
09-23-2024 @ 09:21:25 - Setting Featured Image. URL:https://woocommercecore.mystagingwebsite.com/wp-content/uploads/2017/12/vneck-tee-2.jpg
09-23-2024 @ 09:21:25 - Attachment ID:444
09-23-2024 @ 09:21:25 - Setting Gallery Images.
09-23-2024 @ 09:21:25 - Image URL:https://woocommercecore.mystagingwebsite.com/wp-content/uploads/2017/12/vnech-tee-green-1.jpg
09-23-2024 @ 09:21:25 - Attachment ID:445
09-23-2024 @ 09:21:25 - Image URL:https://woocommercecore.mystagingwebsite.com/wp-content/uploads/2017/12/vnech-tee-blue-1.jpg
09-23-2024 @ 09:21:26 - Attachment ID:446
09-23-2024 @ 09:21:26 - Row :1 - Product imported successfully.
09-23-2024 @ 09:21:26 - Row :2 - Parsing item.
09-23-2024 @ 09:21:26 - Importing as new product ID:447
09-23-2024 @ 09:21:26 - Row :2 - Processing item.
09-23-2024 @ 09:21:26 - Found simple product object. ID:447
09-23-2024 @ 09:21:26 - Row :2 - Product imported successfully.
09-23-2024 @ 09:21:26 - Row :3 - Parsing item.
09-23-2024 @ 09:21:26 - Importing as new product ID:448
09-23-2024 @ 09:21:26 - Row :3 - Processing item.
09-23-2024 @ 09:21:26 - Found simple product object. ID:448
09-23-2024 @ 09:21:26 - Row :3 - Product imported successfully.
09-23-2024 @ 09:21:26 - Row :4 - Parsing item.
09-23-2024 @ 09:21:26 - Importing as new product ID:449
09-23-2024 @ 09:21:26 - Row :4 - Processing item.
09-23-2024 @ 09:21:26 - Found simple product object. ID:449
09-23-2024 @ 09:21:26 - Row :4 - Product imported successfully.
09-23-2024 @ 09:21:26 - Row :5 - Parsing item.
09-23-2024 @ 09:21:26 - Importing as new product ID:450
09-23-2024 @ 09:21:26 - Row :5 - Processing item.
09-23-2024 @ 09:21:26 - Found simple product object. ID:450
09-23-2024 @ 09:21:26 - Row :5 - Product imported successfully.
09-23-2024 @ 09:21:26 - Row :6 - Parsing item.
09-23-2024 @ 09:21:26 - Importing as new product ID:451
09-23-2024 @ 09:21:26 - Row :6 - Processing item.
09-23-2024 @ 09:21:26 - Found simple product object. ID:451
09-23-2024 @ 09:21:26 - Row :6 - Product imported successfully.
09-23-2024 @ 09:21:26 - ---[ Import ended at 2024-09-23 14:21:26]---
