09-23-2024 @ 09:43:39 - ---[ New import started at 2024-09-23 14:43:39 ] PHP Memory: 1 GB, WP Memory: 40 MB
09-23-2024 @ 09:43:39 - Preparing for import.
09-23-2024 @ 09:43:39 - Row :1 - Parsing item.
09-23-2024 @ 09:43:39 - Importing as new product ID:452
09-23-2024 @ 09:43:39 - Row :1 - Processing item.
09-23-2024 @ 09:43:39 - Found simple product object. ID:452
09-23-2024 @ 09:43:39 - Row :1 - Product imported successfully.
09-23-2024 @ 09:43:39 - Row :2 - Parsing item.
09-23-2024 @ 09:43:39 - Importing as new product ID:453
09-23-2024 @ 09:43:39 - Row :2 - Processing item.
09-23-2024 @ 09:43:39 - Found simple product object. ID:453
09-23-2024 @ 09:43:39 - Row :2 - Product imported successfully.
09-23-2024 @ 09:43:39 - Row :3 - Parsing item.
09-23-2024 @ 09:43:39 - Importing as new product ID:454
09-23-2024 @ 09:43:39 - Row :3 - Processing item.
09-23-2024 @ 09:43:39 - Found simple product object. ID:454
09-23-2024 @ 09:43:39 - Row :3 - Product imported successfully.
09-23-2024 @ 09:43:39 - Row :4 - Parsing item.
09-23-2024 @ 09:43:39 - Importing as new product ID:455
09-23-2024 @ 09:43:39 - Row :4 - Processing item.
09-23-2024 @ 09:43:39 - Found simple product object. ID:455
09-23-2024 @ 09:43:39 - Row :4 - Product imported successfully.
09-23-2024 @ 09:43:39 - Row :5 - Parsing item.
09-23-2024 @ 09:43:39 - Importing as new product ID:456
09-23-2024 @ 09:43:39 - Row :5 - Processing item.
09-23-2024 @ 09:43:39 - Found simple product object. ID:456
09-23-2024 @ 09:43:39 - Row :5 - Product imported successfully.
09-23-2024 @ 09:43:39 - Row :6 - Parsing item.
09-23-2024 @ 09:43:39 - Importing as new product ID:457
09-23-2024 @ 09:43:39 - Row :6 - Processing item.
09-23-2024 @ 09:43:39 - Found simple product object. ID:457
09-23-2024 @ 09:43:39 - Row :6 - Product imported successfully.
09-23-2024 @ 09:43:39 - ---[ Import ended at 2024-09-23 14:43:39]---
