09-23-2024 @ 13:54:09 - ---[ New import started at 2024-09-23 18:54:09 ] PHP Memory: 1 GB, WP Memory: 40 MB
09-23-2024 @ 13:54:09 - Preparing for import.
09-23-2024 @ 13:54:09 - Row :1 - Parsing item.
09-23-2024 @ 13:54:09 - Importing as new product ID:515
09-23-2024 @ 13:54:09 - Row :1 - Processing item.
09-23-2024 @ 13:54:09 - Found simple product object. ID:515
09-23-2024 @ 13:54:09 - Row :1 - Product imported successfully.
09-23-2024 @ 13:54:09 - Row :2 - Parsing item.
09-23-2024 @ 13:54:09 - Importing as new product ID:516
09-23-2024 @ 13:54:09 - Row :2 - Processing item.
09-23-2024 @ 13:54:09 - Found simple product object. ID:516
09-23-2024 @ 13:54:09 - Row :2 - Product imported successfully.
09-23-2024 @ 13:54:09 - Row :3 - Parsing item.
09-23-2024 @ 13:54:09 - Importing as new product ID:517
09-23-2024 @ 13:54:09 - Row :3 - Processing item.
09-23-2024 @ 13:54:09 - Found simple product object. ID:517
09-23-2024 @ 13:54:09 - Row :3 - Product imported successfully.
09-23-2024 @ 13:54:09 - Row :4 - Parsing item.
09-23-2024 @ 13:54:09 - Importing as new product ID:518
09-23-2024 @ 13:54:09 - Row :4 - Processing item.
09-23-2024 @ 13:54:09 - Found simple product object. ID:518
09-23-2024 @ 13:54:09 - Row :4 - Product imported successfully.
09-23-2024 @ 13:54:09 - Row :5 - Parsing item.
09-23-2024 @ 13:54:09 - Importing as new product ID:519
09-23-2024 @ 13:54:09 - Row :5 - Processing item.
09-23-2024 @ 13:54:09 - Found simple product object. ID:519
09-23-2024 @ 13:54:09 - Row :5 - Product imported successfully.
09-23-2024 @ 13:54:09 - Row :6 - Parsing item.
09-23-2024 @ 13:54:09 - Importing as new product ID:520
09-23-2024 @ 13:54:09 - Row :6 - Processing item.
09-23-2024 @ 13:54:09 - Found simple product object. ID:520
09-23-2024 @ 13:54:09 - Row :6 - Product imported successfully.
09-23-2024 @ 13:54:09 - Row :7 - Parsing item.
09-23-2024 @ 13:54:09 - Importing as new product ID:521
09-23-2024 @ 13:54:09 - Row :7 - Processing item.
09-23-2024 @ 13:54:09 - Found simple product object. ID:521
09-23-2024 @ 13:54:09 - Row :7 - Product imported successfully.
09-23-2024 @ 13:54:09 - ---[ Import ended at 2024-09-23 18:54:09]---
