09-23-2024 @ 14:08:20 - ---[ New import started at 2024-09-23 19:08:20 ] PHP Memory: 1 GB, WP Memory: 40 MB
09-23-2024 @ 14:08:20 - Preparing for import.
09-23-2024 @ 14:08:20 - Row :1 - Parsing item.
09-23-2024 @ 14:08:20 - Importing as new product ID:523
09-23-2024 @ 14:08:20 - Row :1 - Processing item.
09-23-2024 @ 14:08:20 - Found simple product object. ID:523
09-23-2024 @ 14:08:20 - Row :1 - Product imported successfully.
09-23-2024 @ 14:08:20 - Row :2 - Parsing item.
09-23-2024 @ 14:08:20 - Importing as new product ID:524
09-23-2024 @ 14:08:20 - Row :2 - Processing item.
09-23-2024 @ 14:08:20 - Found simple product object. ID:524
09-23-2024 @ 14:08:20 - Row :2 - Product imported successfully.
09-23-2024 @ 14:08:20 - Row :3 - Parsing item.
09-23-2024 @ 14:08:20 - Importing as new product ID:525
09-23-2024 @ 14:08:20 - Row :3 - Processing item.
09-23-2024 @ 14:08:20 - Found simple product object. ID:525
09-23-2024 @ 14:08:20 - Row :3 - Product imported successfully.
09-23-2024 @ 14:08:20 - Row :4 - Parsing item.
09-23-2024 @ 14:08:20 - Importing as new product ID:526
09-23-2024 @ 14:08:20 - Row :4 - Processing item.
09-23-2024 @ 14:08:20 - Found simple product object. ID:526
09-23-2024 @ 14:08:20 - Row :4 - Product imported successfully.
09-23-2024 @ 14:08:20 - Row :5 - Parsing item.
09-23-2024 @ 14:08:20 - Importing as new product ID:527
09-23-2024 @ 14:08:20 - Row :5 - Processing item.
09-23-2024 @ 14:08:20 - Found simple product object. ID:527
09-23-2024 @ 14:08:20 - Row :5 - Product imported successfully.
09-23-2024 @ 14:08:20 - ---[ Import ended at 2024-09-23 19:08:20]---
