09-23-2024 @ 15:24:34 - ---[ New import started at 2024-09-23 20:24:34 ] PHP Memory: 1 GB, WP Memory: 40 MB
09-23-2024 @ 15:24:34 - Preparing for import.
09-23-2024 @ 15:24:34 - Row :1 - Parsing item.
09-23-2024 @ 15:24:34 - Importing as new product ID:556
09-23-2024 @ 15:24:34 - Row :1 - Processing item.
09-23-2024 @ 15:24:34 - Found simple product object. ID:556
09-23-2024 @ 15:24:34 - Row :1 - Product imported successfully.
09-23-2024 @ 15:24:34 - Row :2 - Parsing item.
09-23-2024 @ 15:24:34 - Importing as new product ID:557
09-23-2024 @ 15:24:34 - Row :2 - Processing item.
09-23-2024 @ 15:24:34 - Found simple product object. ID:557
09-23-2024 @ 15:24:34 - Row :2 - Product imported successfully.
09-23-2024 @ 15:24:34 - Row :3 - Parsing item.
09-23-2024 @ 15:24:34 - Importing as new product ID:558
09-23-2024 @ 15:24:34 - Row :3 - Processing item.
09-23-2024 @ 15:24:34 - Found simple product object. ID:558
09-23-2024 @ 15:24:34 - Row :3 - Product imported successfully.
09-23-2024 @ 15:24:34 - Row :4 - Parsing item.
09-23-2024 @ 15:24:34 - Importing as new product ID:559
09-23-2024 @ 15:24:34 - Row :4 - Processing item.
09-23-2024 @ 15:24:34 - Found simple product object. ID:559
09-23-2024 @ 15:24:34 - Row :4 - Product imported successfully.
09-23-2024 @ 15:24:34 - Row :5 - Parsing item.
09-23-2024 @ 15:24:34 - Importing as new product ID:560
09-23-2024 @ 15:24:34 - Row :5 - Processing item.
09-23-2024 @ 15:24:34 - Found simple product object. ID:560
09-23-2024 @ 15:24:34 - Row :5 - Product imported successfully.
09-23-2024 @ 15:24:34 - Row :6 - Parsing item.
09-23-2024 @ 15:24:34 - Importing as new product ID:561
09-23-2024 @ 15:24:34 - Row :6 - Processing item.
09-23-2024 @ 15:24:34 - Found simple product object. ID:561
09-23-2024 @ 15:24:34 - Row :6 - Product imported successfully.
09-23-2024 @ 15:24:34 - Row :7 - Parsing item.
09-23-2024 @ 15:24:34 - Importing as new product ID:562
09-23-2024 @ 15:24:34 - Row :7 - Processing item.
09-23-2024 @ 15:24:34 - Found simple product object. ID:562
09-23-2024 @ 15:24:34 - Row :7 - Product imported successfully.
09-23-2024 @ 15:24:34 - Row :8 - Parsing item.
09-23-2024 @ 15:24:34 - Importing as new product ID:563
09-23-2024 @ 15:24:34 - Row :8 - Processing item.
09-23-2024 @ 15:24:34 - Found simple product object. ID:563
09-23-2024 @ 15:24:34 - Row :8 - Product imported successfully.
09-23-2024 @ 15:24:34 - Row :9 - Parsing item.
09-23-2024 @ 15:24:34 - Importing as new product ID:564
09-23-2024 @ 15:24:34 - Row :9 - Processing item.
09-23-2024 @ 15:24:34 - Found simple product object. ID:564
09-23-2024 @ 15:24:34 - Row :9 - Product imported successfully.
09-23-2024 @ 15:24:34 - Row :10 - Parsing item.
09-23-2024 @ 15:24:34 - Importing as new product ID:565
09-23-2024 @ 15:24:34 - Row :10 - Processing item.
09-23-2024 @ 15:24:34 - Found simple product object. ID:565
09-23-2024 @ 15:24:34 - Row :10 - Product imported successfully.
09-23-2024 @ 15:24:35 - Preparing for import.
09-23-2024 @ 15:24:35 - Row :11 - Parsing item.
09-23-2024 @ 15:24:35 - Importing as new product ID:566
09-23-2024 @ 15:24:35 - Row :11 - Processing item.
09-23-2024 @ 15:24:35 - Found simple product object. ID:566
09-23-2024 @ 15:24:35 - Row :11 - Product imported successfully.
09-23-2024 @ 15:24:35 - Row :12 - Parsing item.
09-23-2024 @ 15:24:35 - Importing as new product ID:567
09-23-2024 @ 15:24:35 - Row :12 - Processing item.
09-23-2024 @ 15:24:35 - Found simple product object. ID:567
09-23-2024 @ 15:24:35 - Row :12 - Product imported successfully.
09-23-2024 @ 15:24:35 - Row :13 - Parsing item.
09-23-2024 @ 15:24:35 - Importing as new product ID:568
09-23-2024 @ 15:24:35 - Row :13 - Processing item.
09-23-2024 @ 15:24:35 - Found simple product object. ID:568
09-23-2024 @ 15:24:35 - Row :13 - Product imported successfully.
09-23-2024 @ 15:24:35 - Row :14 - Parsing item.
09-23-2024 @ 15:24:35 - Importing as new product ID:569
09-23-2024 @ 15:24:35 - Row :14 - Processing item.
09-23-2024 @ 15:24:35 - Found simple product object. ID:569
09-23-2024 @ 15:24:35 - Row :14 - Product imported successfully.
09-23-2024 @ 15:24:35 - ---[ Import ended at 2024-09-23 20:24:35]---
