09-25-2024 @ 14:55:07 - ---[ New import started at 2024-09-25 19:55:07 ] PHP Memory: 1 GB, WP Memory: 40 MB
09-25-2024 @ 14:55:07 - Preparing for import.
09-25-2024 @ 14:55:07 - Row :1 - Parsing item.
09-25-2024 @ 14:55:07 - Row :1 - Parsing failed. Reason: Product with same ID already exists. ID: 476
09-25-2024 @ 14:55:07 - Row :2 - Parsing item.
09-25-2024 @ 14:55:07 - Row :2 - Parsing failed. Reason: Product with same ID already exists. ID: 478
09-25-2024 @ 14:55:07 - Row :3 - Parsing item.
09-25-2024 @ 14:55:07 - Row :3 - Parsing failed. Reason: Product with same ID already exists. ID: 479
09-25-2024 @ 14:55:07 - Row :4 - Parsing item.
09-25-2024 @ 14:55:07 - Row :4 - Parsing failed. Reason: Product with same ID already exists. ID: 481
09-25-2024 @ 14:55:07 - Row :5 - Parsing item.
09-25-2024 @ 14:55:07 - Row :5 - Parsing failed. Reason: Product with same ID already exists. ID: 483
09-25-2024 @ 14:55:07 - Row :6 - Parsing item.
09-25-2024 @ 14:55:07 - Row :6 - Parsing failed. Reason: Product with same ID already exists. ID: 485
09-25-2024 @ 14:55:07 - Row :7 - Parsing item.
09-25-2024 @ 14:55:07 - Row :7 - Parsing failed. Reason: Product with same ID already exists. ID: 489
09-25-2024 @ 14:55:07 - Row :8 - Parsing item.
09-25-2024 @ 14:55:07 - Row :8 - Parsing failed. Reason: Product with same ID already exists. ID: 491
09-25-2024 @ 14:55:07 - Row :9 - Parsing item.
09-25-2024 @ 14:55:07 - Row :9 - Parsing failed. Reason: Product with same ID already exists. ID: 492
09-25-2024 @ 14:55:07 - Row :10 - Parsing item.
09-25-2024 @ 14:55:07 - Row :10 - Parsing failed. Reason: Product with same ID already exists. ID: 494
09-25-2024 @ 14:55:08 - Preparing for import.
09-25-2024 @ 14:55:08 - Row :11 - Parsing item.
09-25-2024 @ 14:55:08 - Row :11 - Parsing failed. Reason: Product with same ID already exists. ID: 498
09-25-2024 @ 14:55:08 - Row :12 - Parsing item.
09-25-2024 @ 14:55:08 - Row :12 - Parsing failed. Reason: Product with same ID already exists. ID: 500
09-25-2024 @ 14:55:08 - Row :13 - Parsing item.
09-25-2024 @ 14:55:08 - Row :13 - Parsing failed. Reason: Product with same ID already exists. ID: 502
09-25-2024 @ 14:55:08 - Row :14 - Parsing item.
09-25-2024 @ 14:55:08 - Row :14 - Parsing failed. Reason: Product with same ID already exists. ID: 504
09-25-2024 @ 14:55:08 - Row :15 - Parsing item.
09-25-2024 @ 14:55:08 - Row :15 - Parsing failed. Reason: Product with same ID already exists. ID: 505
09-25-2024 @ 14:55:08 - Row :16 - Parsing item.
09-25-2024 @ 14:55:08 - Row :16 - Parsing failed. Reason: Product with same ID already exists. ID: 506
09-25-2024 @ 14:55:08 - Row :17 - Parsing item.
09-25-2024 @ 14:55:08 - Row :17 - Parsing failed. Reason: Product with same ID already exists. ID: 508
09-25-2024 @ 14:55:08 - Row :18 - Parsing item.
09-25-2024 @ 14:55:08 - Row :18 - Parsing failed. Reason: Product with same ID already exists. ID: 579
09-25-2024 @ 14:55:08 - Row :19 - Parsing item.
09-25-2024 @ 14:55:08 - Row :19 - Parsing failed. Reason: Product with same ID already exists. ID: 608
09-25-2024 @ 14:55:08 - Row :20 - Parsing item.
09-25-2024 @ 14:55:08 - Row :20 - Parsing failed. Reason: Product with same ID already exists. ID: 613
09-25-2024 @ 14:55:08 - ---[ Import ended at 2024-09-25 19:55:08]---
