09-25-2024 @ 15:05:19 - ---[ New import started at 2024-09-25 20:05:19 ] PHP Memory: 1 GB, WP Memory: 40 MB
09-25-2024 @ 15:05:19 - Preparing for import.
09-25-2024 @ 15:05:19 - Row :1 - Parsing item.
09-25-2024 @ 15:05:19 - Row :1 - Parsing failed. Reason: Product with same ID already exists. ID: 627
09-25-2024 @ 15:05:19 - Row :2 - Parsing item.
09-25-2024 @ 15:05:19 - Importing as new product ID:641
09-25-2024 @ 15:05:19 - Row :2 - Processing item.
09-25-2024 @ 15:05:19 - Found simple product object. ID:641
09-25-2024 @ 15:05:19 - Row :2 - Product imported successfully.
09-25-2024 @ 15:05:19 - Row :3 - Parsing item.
09-25-2024 @ 15:05:19 - Importing as new product ID:642
09-25-2024 @ 15:05:19 - Row :3 - Processing item.
09-25-2024 @ 15:05:19 - Found simple product object. ID:642
09-25-2024 @ 15:05:19 - Row :3 - Product imported successfully.
09-25-2024 @ 15:05:19 - Row :4 - Parsing item.
09-25-2024 @ 15:05:19 - Importing as new product ID:643
09-25-2024 @ 15:05:19 - Row :4 - Processing item.
09-25-2024 @ 15:05:19 - Found simple product object. ID:643
09-25-2024 @ 15:05:19 - Row :4 - Product imported successfully.
09-25-2024 @ 15:05:19 - Row :5 - Parsing item.
09-25-2024 @ 15:05:19 - Importing as new product ID:644
09-25-2024 @ 15:05:19 - Row :5 - Processing item.
09-25-2024 @ 15:05:19 - Found simple product object. ID:644
09-25-2024 @ 15:05:19 - Row :5 - Product imported successfully.
09-25-2024 @ 15:05:19 - Row :6 - Parsing item.
09-25-2024 @ 15:05:19 - Importing as new product ID:631
09-25-2024 @ 15:05:19 - Row :6 - Processing item.
09-25-2024 @ 15:05:19 - Found simple product object. ID:631
09-25-2024 @ 15:05:19 - Row :6 - Product imported successfully.
09-25-2024 @ 15:05:19 - Row :7 - Parsing item.
09-25-2024 @ 15:05:19 - Importing as new product ID:645
09-25-2024 @ 15:05:19 - Row :7 - Processing item.
09-25-2024 @ 15:05:19 - Found simple product object. ID:645
09-25-2024 @ 15:05:19 - Row :7 - Product imported successfully.
09-25-2024 @ 15:05:19 - Row :8 - Parsing item.
09-25-2024 @ 15:05:19 - Importing as new product ID:646
09-25-2024 @ 15:05:19 - Row :8 - Processing item.
09-25-2024 @ 15:05:19 - Found simple product object. ID:646
09-25-2024 @ 15:05:19 - Row :8 - Product imported successfully.
09-25-2024 @ 15:05:19 - Row :9 - Parsing item.
09-25-2024 @ 15:05:19 - Importing as new product ID:647
09-25-2024 @ 15:05:19 - Row :9 - Processing item.
09-25-2024 @ 15:05:19 - Found simple product object. ID:647
09-25-2024 @ 15:05:19 - Row :9 - Product imported successfully.
09-25-2024 @ 15:05:19 - Row :10 - Parsing item.
09-25-2024 @ 15:05:19 - Importing as new product ID:648
09-25-2024 @ 15:05:19 - Row :10 - Processing item.
09-25-2024 @ 15:05:19 - Found simple product object. ID:648
09-25-2024 @ 15:05:19 - Row :10 - Product imported successfully.
09-25-2024 @ 15:05:20 - Preparing for import.
09-25-2024 @ 15:05:20 - Row :11 - Parsing item.
09-25-2024 @ 15:05:20 - Importing as new product ID:649
09-25-2024 @ 15:05:20 - Row :11 - Processing item.
09-25-2024 @ 15:05:20 - Found simple product object. ID:649
09-25-2024 @ 15:05:20 - Row :11 - Product imported successfully.
09-25-2024 @ 15:05:20 - Row :12 - Parsing item.
09-25-2024 @ 15:05:20 - Importing as new product ID:650
09-25-2024 @ 15:05:20 - Row :12 - Processing item.
09-25-2024 @ 15:05:20 - Found simple product object. ID:650
09-25-2024 @ 15:05:20 - Row :12 - Product imported successfully.
09-25-2024 @ 15:05:20 - Row :13 - Parsing item.
09-25-2024 @ 15:05:20 - Importing as new product ID:651
09-25-2024 @ 15:05:20 - Row :13 - Processing item.
09-25-2024 @ 15:05:20 - Found simple product object. ID:651
09-25-2024 @ 15:05:20 - Row :13 - Product imported successfully.
09-25-2024 @ 15:05:20 - Row :14 - Parsing item.
09-25-2024 @ 15:05:20 - Importing as new product ID:652
09-25-2024 @ 15:05:20 - Row :14 - Processing item.
09-25-2024 @ 15:05:20 - Found simple product object. ID:652
09-25-2024 @ 15:05:20 - Row :14 - Product imported successfully.
09-25-2024 @ 15:05:20 - Row :15 - Parsing item.
09-25-2024 @ 15:05:20 - Importing as new product ID:653
09-25-2024 @ 15:05:20 - Row :15 - Processing item.
09-25-2024 @ 15:05:20 - Found simple product object. ID:653
09-25-2024 @ 15:05:20 - Row :15 - Product imported successfully.
09-25-2024 @ 15:05:20 - Row :16 - Parsing item.
09-25-2024 @ 15:05:20 - Row :16 - Parsing failed. Reason: Product with same ID already exists. ID: 641
09-25-2024 @ 15:05:20 - Row :17 - Parsing item.
09-25-2024 @ 15:05:20 - Row :17 - Parsing failed. Reason: Product with same ID already exists. ID: 642
09-25-2024 @ 15:05:20 - Row :18 - Parsing item.
09-25-2024 @ 15:05:20 - Row :18 - Parsing failed. Reason: Product with same ID already exists. ID: 643
09-25-2024 @ 15:05:20 - Row :19 - Parsing item.
09-25-2024 @ 15:05:20 - Row :19 - Parsing failed. Reason: Product with same ID already exists. ID: 644
09-25-2024 @ 15:05:20 - Row :20 - Parsing item.
09-25-2024 @ 15:05:20 - Row :20 - Parsing failed. Reason: Product with same ID already exists. ID: 645
09-25-2024 @ 15:05:20 - ---[ Import ended at 2024-09-25 20:05:20]---
